2025-11-11 07:16:53.064 - INFO: draw = 1
2025-11-11 07:16:53.065 - INFO: offset (startIndex) = 0
2025-11-11 07:16:53.065 - INFO: limit (length) = 10
2025-11-11 07:16:53.066 - INFO: sortBy = KD_DIST ASC
2025-11-11 07:16:53.066 - INFO: searchValue = 
2025-11-11 07:16:53.066 - INFO: vbln_usulan = 
2025-11-11 07:16:53.066 - INFO: vkd_bank = 
2025-11-11 07:16:53.066 - INFO: vkd_dist = 
2025-11-11 07:17:00.006 - INFO: vbln_usulan: 202511
2025-11-11 07:17:00.008 - INFO: vbln_usulan: 202511
2025-11-11 07:17:07.453 - INFO: Jumlah data dikembalikan: 19
2025-11-11 07:17:07.453 - INFO: Jumlah data dikembalikan: 19
2025-11-11 07:36:19.724 - INFO: draw = 1
2025-11-11 07:36:19.725 - INFO: offset (startIndex) = 0
2025-11-11 07:36:19.726 - INFO: limit (length) = 10
2025-11-11 07:36:19.726 - INFO: sortBy = KD_DIST ASC
2025-11-11 07:36:19.726 - INFO: searchValue = 
2025-11-11 07:36:19.726 - INFO: vbln_usulan = 
2025-11-11 07:36:19.726 - INFO: vkd_bank = 
2025-11-11 07:36:19.726 - INFO: vkd_dist = 
2025-11-11 07:36:21.628 - INFO: vbln_usulan: 202511
2025-11-11 07:36:21.628 - INFO: vbln_usulan: 202511
2025-11-11 07:36:26.373 - INFO: Jumlah data dikembalikan: 19
2025-11-11 07:36:26.382 - INFO: Jumlah data dikembalikan: 19
2025-11-11 07:40:25.052 - INFO: ? Memanggil service.getMasterBank()...
2025-11-11 07:40:25.199 - INFO: ? Berhasil ambil data bank. Jumlah data: 6
2025-11-11 07:40:25.214 - INFO: ? Berhasil ambil data UNITUPI, jumlah data: 22
2025-11-11 07:40:25.341 - SEVERE: Gagal ambil data UP3
2025-11-11 07:55:17.866 - INFO: ? Memanggil service.getMasterBank()...
2025-11-11 07:55:17.995 - INFO: ? Berhasil ambil data bank. Jumlah data: 6
2025-11-11 07:55:18.012 - INFO: ? Berhasil ambil data UNITUPI, jumlah data: 22
2025-11-11 07:55:18.164 - SEVERE: Gagal ambil data UP3
2025-11-11 07:55:36.514 - SEVERE: Gagal ambil data UP3
2025-11-11 10:12:54.182 - SEVERE: Gagal ambil data UP3
