2026-07-03 06:32:14.125 - INFO: vbln_usulan: 202607
2026-07-03 06:32:14.126 - INFO: draw = 1
2026-07-03 06:32:14.130 - INFO: offset (startIndex) = 0
2026-07-03 06:32:14.130 - INFO: limit (length) = 10
2026-07-03 06:32:14.130 - INFO: sortBy = KD_DIST ASC
2026-07-03 06:32:14.130 - INFO: searchValue = 
2026-07-03 06:32:14.130 - INFO: vbln_usulan = 
2026-07-03 06:32:14.130 - INFO: vkd_bank = 
2026-07-03 06:32:14.130 - INFO: vkd_dist = 
2026-07-03 06:32:15.577 - INFO: vbln_usulan: 202607
2026-07-03 06:32:30.182 - INFO: Jumlah data dikembalikan: 4
2026-07-03 06:32:30.182 - INFO: Jumlah data dikembalikan: 4
2026-07-03 06:32:35.777 - INFO: draw = 2
2026-07-03 06:32:35.777 - INFO: offset (startIndex) = 0
2026-07-03 06:32:35.777 - INFO: limit (length) = 10
2026-07-03 06:32:35.777 - INFO: sortBy = KD_DIST ASC
2026-07-03 06:32:35.778 - INFO: searchValue = 
2026-07-03 06:32:35.778 - INFO: vbln_usulan = 202607
2026-07-03 06:32:35.778 - INFO: vkd_bank = 200
2026-07-03 06:32:35.778 - INFO: vkd_dist = 55
2026-07-03 06:32:40.052 - INFO: vbln_usulan: 202607
2026-07-03 06:32:40.052 - INFO: Jumlah data dikembalikan: 0
2026-07-03 06:42:05.684 - INFO: vbln_usulan: 202607
2026-07-03 06:42:05.689 - INFO: Jumlah data dikembalikan: 0
2026-07-03 07:23:33.069 - INFO: draw = 1
2026-07-03 07:23:33.069 - INFO: offset (startIndex) = 0
2026-07-03 07:23:33.069 - INFO: limit (length) = 10
2026-07-03 07:23:33.070 - INFO: sortBy = KD_DIST ASC
2026-07-03 07:23:33.070 - INFO: searchValue = 
2026-07-03 07:23:33.070 - INFO: vbln_usulan = 
2026-07-03 07:23:33.070 - INFO: vkd_bank = 
2026-07-03 07:23:33.071 - INFO: vkd_dist = 
2026-07-03 07:54:34.385 - INFO: draw = 1
2026-07-03 07:54:34.386 - INFO: offset (startIndex) = 0
2026-07-03 07:54:34.386 - INFO: limit (length) = 10
2026-07-03 07:54:34.386 - INFO: sortBy = KD_DIST ASC
2026-07-03 07:54:34.386 - INFO: searchValue = 
2026-07-03 07:54:34.386 - INFO: vbln_usulan = 
2026-07-03 07:54:34.386 - INFO: vkd_bank = 
2026-07-03 07:54:34.386 - INFO: vkd_dist = 
2026-07-03 08:03:11.223 - INFO: draw = 1
2026-07-03 08:03:11.224 - INFO: offset (startIndex) = 0
2026-07-03 08:03:11.224 - INFO: limit (length) = 10
2026-07-03 08:03:11.224 - INFO: sortBy = KD_DIST ASC
2026-07-03 08:03:11.224 - INFO: searchValue = 
2026-07-03 08:03:11.224 - INFO: vbln_usulan = 
2026-07-03 08:03:11.224 - INFO: vkd_bank = 
2026-07-03 08:03:11.224 - INFO: vkd_dist = 
2026-07-03 09:29:23.650 - INFO: draw = 1
2026-07-03 09:29:23.651 - INFO: offset (startIndex) = 0
2026-07-03 09:29:23.651 - INFO: limit (length) = 10
2026-07-03 09:29:23.651 - INFO: sortBy = KD_DIST ASC
2026-07-03 09:29:23.651 - INFO: searchValue = 
2026-07-03 09:29:23.651 - INFO: vbln_usulan = 
2026-07-03 09:29:23.651 - INFO: vkd_bank = 
2026-07-03 09:29:23.652 - INFO: vkd_dist = 
2026-07-03 09:31:07.253 - INFO: draw = 1
2026-07-03 09:31:07.254 - INFO: offset (startIndex) = 0
2026-07-03 09:31:07.254 - INFO: limit (length) = 10
2026-07-03 09:31:07.254 - INFO: sortBy = KD_DIST ASC
2026-07-03 09:31:07.254 - INFO: searchValue = 
2026-07-03 09:31:07.255 - INFO: vbln_usulan = 
2026-07-03 09:31:07.255 - INFO: vkd_bank = 
2026-07-03 09:31:07.255 - INFO: vkd_dist = 
2026-07-03 09:33:19.965 - INFO: draw = 1
2026-07-03 09:33:19.966 - INFO: offset (startIndex) = 0
2026-07-03 09:33:19.966 - INFO: limit (length) = 10
2026-07-03 09:33:19.966 - INFO: sortBy = KD_DIST ASC
2026-07-03 09:33:19.967 - INFO: searchValue = 
2026-07-03 09:33:19.967 - INFO: vbln_usulan = 
2026-07-03 09:33:19.967 - INFO: vkd_bank = 
2026-07-03 09:33:19.967 - INFO: vkd_dist = 
2026-07-03 09:37:10.148 - INFO: draw = 1
2026-07-03 09:37:10.149 - INFO: offset (startIndex) = 0
2026-07-03 09:37:10.149 - INFO: limit (length) = 10
2026-07-03 09:37:10.150 - INFO: sortBy = KD_DIST ASC
2026-07-03 09:37:10.150 - INFO: searchValue = 
2026-07-03 09:37:10.150 - INFO: vbln_usulan = 
2026-07-03 09:37:10.150 - INFO: vkd_bank = 
2026-07-03 09:37:10.150 - INFO: vkd_dist = 
2026-07-03 09:55:41.121 - INFO: draw = 1
2026-07-03 09:55:41.122 - INFO: offset (startIndex) = 0
2026-07-03 09:55:41.122 - INFO: limit (length) = 10
2026-07-03 09:55:41.122 - INFO: sortBy = KD_DIST ASC
2026-07-03 09:55:41.122 - INFO: searchValue = 
2026-07-03 09:55:41.123 - INFO: vbln_usulan = 
2026-07-03 09:55:41.123 - INFO: vkd_bank = 
2026-07-03 09:55:41.123 - INFO: vkd_dist = 
2026-07-03 09:57:45.845 - INFO: draw = 2
2026-07-03 09:57:45.846 - INFO: offset (startIndex) = 0
2026-07-03 09:57:45.848 - INFO: limit (length) = 10
2026-07-03 09:57:45.848 - INFO: sortBy = KD_DIST ASC
2026-07-03 09:57:45.848 - INFO: searchValue = 
2026-07-03 09:57:45.848 - INFO: vbln_usulan = 202607
2026-07-03 09:57:45.848 - INFO: vkd_bank = 200
2026-07-03 09:57:45.848 - INFO: vkd_dist = 41
2026-07-03 10:18:02.630 - INFO: draw = 1
2026-07-03 10:18:02.631 - INFO: offset (startIndex) = 0
2026-07-03 10:18:02.631 - INFO: limit (length) = 10
2026-07-03 10:18:02.631 - INFO: sortBy = KD_DIST ASC
2026-07-03 10:18:02.632 - INFO: searchValue = 
2026-07-03 10:18:02.632 - INFO: vbln_usulan = 
2026-07-03 10:18:02.632 - INFO: vkd_bank = 
2026-07-03 10:18:02.632 - INFO: vkd_dist = 
2026-07-03 10:18:31.531 - INFO: draw = 2
2026-07-03 10:18:31.532 - INFO: offset (startIndex) = 0
2026-07-03 10:18:31.533 - INFO: limit (length) = 10
2026-07-03 10:18:31.533 - INFO: sortBy = KD_DIST ASC
2026-07-03 10:18:31.533 - INFO: searchValue = 
2026-07-03 10:18:31.533 - INFO: vbln_usulan = 202607
2026-07-03 10:18:31.533 - INFO: vkd_bank = 200
2026-07-03 10:18:31.533 - INFO: vkd_dist = 41
2026-07-03 10:19:49.253 - INFO: draw = 3
2026-07-03 10:19:49.253 - INFO: offset (startIndex) = 0
2026-07-03 10:19:49.253 - INFO: limit (length) = 10
2026-07-03 10:19:49.253 - INFO: sortBy = KD_DIST ASC
2026-07-03 10:19:49.253 - INFO: searchValue = 
2026-07-03 10:19:49.253 - INFO: vbln_usulan = 202607
2026-07-03 10:19:49.253 - INFO: vkd_bank = 200
2026-07-03 10:19:49.253 - INFO: vkd_dist = 41
2026-07-03 10:25:42.819 - INFO: draw = 1
2026-07-03 10:25:42.819 - INFO: offset (startIndex) = 0
2026-07-03 10:25:42.820 - INFO: limit (length) = 10
2026-07-03 10:25:42.820 - INFO: sortBy = KD_DIST ASC
2026-07-03 10:25:42.820 - INFO: searchValue = 
2026-07-03 10:25:42.820 - INFO: vbln_usulan = 
2026-07-03 10:25:42.820 - INFO: vkd_bank = 
2026-07-03 10:25:42.820 - INFO: vkd_dist = 
2026-07-03 10:25:51.876 - INFO: draw = 2
2026-07-03 10:25:51.876 - INFO: offset (startIndex) = 0
2026-07-03 10:25:51.878 - INFO: limit (length) = 10
2026-07-03 10:25:51.878 - INFO: sortBy = KD_DIST ASC
2026-07-03 10:25:51.878 - INFO: searchValue = 
2026-07-03 10:25:51.878 - INFO: vbln_usulan = 202607
2026-07-03 10:25:51.878 - INFO: vkd_bank = 200
2026-07-03 10:25:51.878 - INFO: vkd_dist = 41
2026-07-03 10:38:26.973 - INFO: draw = 1
2026-07-03 10:38:26.976 - INFO: offset (startIndex) = 0
2026-07-03 10:38:26.976 - INFO: limit (length) = 10
2026-07-03 10:38:26.976 - INFO: sortBy = KD_DIST ASC
2026-07-03 10:38:26.976 - INFO: searchValue = 
2026-07-03 10:38:26.976 - INFO: vbln_usulan = 
2026-07-03 10:38:26.977 - INFO: vkd_bank = 
2026-07-03 10:38:26.977 - INFO: vkd_dist = 
2026-07-03 10:40:11.540 - INFO: draw = 2
2026-07-03 10:40:11.542 - INFO: offset (startIndex) = 0
2026-07-03 10:40:11.542 - INFO: limit (length) = 10
2026-07-03 10:40:11.543 - INFO: sortBy = KD_DIST ASC
2026-07-03 10:40:11.543 - INFO: searchValue = 
2026-07-03 10:40:11.543 - INFO: vbln_usulan = 202607
2026-07-03 10:40:11.543 - INFO: vkd_bank = 200
2026-07-03 10:40:11.544 - INFO: vkd_dist = 41
2026-07-03 13:16:05.438 - INFO: draw = 1
2026-07-03 13:16:05.440 - INFO: offset (startIndex) = 0
2026-07-03 13:16:05.440 - INFO: limit (length) = 10
2026-07-03 13:16:05.440 - INFO: sortBy = KD_DIST ASC
2026-07-03 13:16:05.440 - INFO: searchValue = 
2026-07-03 13:16:05.440 - INFO: vbln_usulan = 
2026-07-03 13:16:05.441 - INFO: vkd_bank = 
2026-07-03 13:16:05.441 - INFO: vkd_dist = 
2026-07-03 13:16:39.074 - INFO: draw = 2
2026-07-03 13:16:39.074 - INFO: offset (startIndex) = 0
2026-07-03 13:16:39.074 - INFO: limit (length) = 10
2026-07-03 13:16:39.074 - INFO: sortBy = KD_DIST ASC
2026-07-03 13:16:39.074 - INFO: searchValue = 
2026-07-03 13:16:39.075 - INFO: vbln_usulan = 202607
2026-07-03 13:16:39.075 - INFO: vkd_bank = 200
2026-07-03 13:16:39.075 - INFO: vkd_dist = 41
2026-07-03 13:16:48.030 - INFO: draw = 3
2026-07-03 13:16:48.030 - INFO: offset (startIndex) = 0
2026-07-03 13:16:48.030 - INFO: limit (length) = 10
2026-07-03 13:16:48.031 - INFO: sortBy = KD_DIST ASC
2026-07-03 13:16:48.031 - INFO: searchValue = 
2026-07-03 13:16:48.031 - INFO: vbln_usulan = 202607
2026-07-03 13:16:48.031 - INFO: vkd_bank = 200
2026-07-03 13:16:48.031 - INFO: vkd_dist = 41
2026-07-03 13:17:06.201 - INFO: draw = 4
2026-07-03 13:17:06.202 - INFO: offset (startIndex) = 0
2026-07-03 13:17:06.202 - INFO: limit (length) = 10
2026-07-03 13:17:06.202 - INFO: sortBy = KD_DIST ASC
2026-07-03 13:17:06.202 - INFO: searchValue = 
2026-07-03 13:17:06.202 - INFO: vbln_usulan = 202607
2026-07-03 13:17:06.202 - INFO: vkd_bank = 200
2026-07-03 13:17:06.202 - INFO: vkd_dist = 41
2026-07-03 13:21:51.364 - INFO: draw = 1
2026-07-03 13:21:51.365 - INFO: offset (startIndex) = 0
2026-07-03 13:21:51.365 - INFO: limit (length) = 10
2026-07-03 13:21:51.365 - INFO: sortBy = KD_DIST ASC
2026-07-03 13:21:51.365 - INFO: searchValue = 
2026-07-03 13:21:51.365 - INFO: vbln_usulan = 
2026-07-03 13:21:51.366 - INFO: vkd_bank = 
2026-07-03 13:21:51.366 - INFO: vkd_dist = 
2026-07-03 13:22:08.602 - INFO: draw = 2
2026-07-03 13:22:08.603 - INFO: offset (startIndex) = 0
2026-07-03 13:22:08.603 - INFO: limit (length) = 10
2026-07-03 13:22:08.603 - INFO: sortBy = KD_DIST ASC
2026-07-03 13:22:08.603 - INFO: searchValue = 
2026-07-03 13:22:08.603 - INFO: vbln_usulan = 202607
2026-07-03 13:22:08.603 - INFO: vkd_bank = 200
2026-07-03 13:22:08.603 - INFO: vkd_dist = 41
2026-07-03 13:22:22.519 - INFO: draw = 3
2026-07-03 13:22:22.519 - INFO: offset (startIndex) = 0
2026-07-03 13:22:22.520 - INFO: limit (length) = 10
2026-07-03 13:22:22.520 - INFO: sortBy = KD_DIST ASC
2026-07-03 13:22:22.520 - INFO: searchValue = 
2026-07-03 13:22:22.520 - INFO: vbln_usulan = 202607
2026-07-03 13:22:22.520 - INFO: vkd_bank = 200
2026-07-03 13:22:22.520 - INFO: vkd_dist = 55
2026-07-03 13:32:00.107 - INFO: draw = 1
2026-07-03 13:32:00.109 - INFO: offset (startIndex) = 0
2026-07-03 13:32:00.109 - INFO: limit (length) = 10
2026-07-03 13:32:00.109 - INFO: sortBy = KD_DIST ASC
2026-07-03 13:32:00.109 - INFO: searchValue = 
2026-07-03 13:32:00.109 - INFO: vbln_usulan = 
2026-07-03 13:32:00.109 - INFO: vkd_bank = 
2026-07-03 13:32:00.109 - INFO: vkd_dist = 
2026-07-03 13:32:10.313 - INFO: draw = 2
2026-07-03 13:32:10.313 - INFO: offset (startIndex) = 0
2026-07-03 13:32:10.313 - INFO: limit (length) = 10
2026-07-03 13:32:10.313 - INFO: sortBy = KD_DIST ASC
2026-07-03 13:32:10.313 - INFO: searchValue = 
2026-07-03 13:32:10.314 - INFO: vbln_usulan = 202607
2026-07-03 13:32:10.314 - INFO: vkd_bank = 200
2026-07-03 13:32:10.314 - INFO: vkd_dist = 55
2026-07-03 13:32:24.857 - INFO: draw = 3
2026-07-03 13:32:24.859 - INFO: offset (startIndex) = 0
2026-07-03 13:32:24.860 - INFO: limit (length) = 10
2026-07-03 13:32:24.860 - INFO: sortBy = KD_DIST ASC
2026-07-03 13:32:24.860 - INFO: searchValue = 
2026-07-03 13:32:24.861 - INFO: vbln_usulan = 202607
2026-07-03 13:32:24.861 - INFO: vkd_bank = 200
2026-07-03 13:32:24.861 - INFO: vkd_dist = 55
