2025-10-23 13:42:36.767 - INFO: vbln_usulan: 
2025-10-23 13:42:44.775 - INFO: Jumlah data dikembalikan: 1
2025-10-23 13:42:56.078 - INFO: vbln_usulan: 
2025-10-23 13:43:00.466 - INFO: Jumlah data dikembalikan: 1
2025-10-23 13:45:21.536 - INFO: vbln_usulan: 
2025-10-23 13:45:26.606 - INFO: vbln_usulan: 
2025-10-23 13:45:26.848 - INFO: Jumlah data dikembalikan: 1
2025-10-23 13:45:30.469 - INFO: Jumlah data dikembalikan: 1
2025-10-23 13:49:39.870 - INFO: vbln_usulan: 
2025-10-23 13:49:43.700 - INFO: Jumlah data dikembalikan: 1
2025-10-23 13:50:30.842 - INFO: vbln_usulan: 
2025-10-23 13:50:34.589 - INFO: Jumlah data dikembalikan: 1
2025-10-23 13:53:00.401 - INFO: vbln_usulan: 
2025-10-23 13:53:04.822 - INFO: Jumlah data dikembalikan: 1
2025-10-23 13:55:48.869 - INFO: vbln_usulan: 
2025-10-23 13:55:52.237 - INFO: vbln_usulan: 
2025-10-23 13:55:52.801 - INFO: Jumlah data dikembalikan: 1
2025-10-23 13:55:54.101 - INFO: vbln_usulan: 
2025-10-23 13:55:56.517 - INFO: Jumlah data dikembalikan: 1
2025-10-23 13:55:58.120 - INFO: Jumlah data dikembalikan: 1
2025-10-23 14:00:53.389 - INFO: vbln_usulan: 
2025-10-23 14:00:54.610 - INFO: vbln_usulan: 
2025-10-23 14:00:57.281 - INFO: Jumlah data dikembalikan: 1
2025-10-23 14:00:59.009 - INFO: Jumlah data dikembalikan: 1
2025-10-23 14:01:21.587 - INFO: vbln_usulan: 
2025-10-23 14:01:23.246 - INFO: vbln_usulan: 
2025-10-23 14:01:26.015 - INFO: Jumlah data dikembalikan: 1
2025-10-23 14:01:27.199 - INFO: Jumlah data dikembalikan: 1
2025-10-23 14:02:32.889 - INFO: vbln_usulan: 202510
2025-10-23 14:02:37.877 - INFO: vbln_usulan: 202510
2025-10-23 14:02:39.231 - INFO: Jumlah data dikembalikan: 24
2025-10-23 14:02:43.485 - INFO: Jumlah data dikembalikan: 24
2025-10-23 14:04:34.807 - INFO: vbln_usulan: 202510
2025-10-23 14:04:36.376 - INFO: vbln_usulan: 202510
2025-10-23 14:04:40.716 - INFO: Jumlah data dikembalikan: 24
2025-10-23 14:04:42.782 - INFO: Jumlah data dikembalikan: 24
2025-10-23 14:04:48.056 - INFO: vbln_usulan: 202510
2025-10-23 14:04:53.686 - INFO: Jumlah data dikembalikan: 24
2025-10-23 14:06:01.073 - INFO: vbln_usulan: 202510
2025-10-23 14:06:07.480 - INFO: Jumlah data dikembalikan: 24
2025-10-23 14:06:20.813 - INFO: vbln_usulan: 202510
2025-10-23 14:06:22.297 - INFO: vbln_usulan: 202510
2025-10-23 14:06:27.324 - INFO: Jumlah data dikembalikan: 24
2025-10-23 14:06:28.064 - INFO: Jumlah data dikembalikan: 24
2025-10-23 14:07:38.527 - INFO: vbln_usulan: 202510
2025-10-23 14:07:44.273 - INFO: Jumlah data dikembalikan: 24
2025-10-23 14:08:01.441 - INFO: vbln_usulan: 202510
2025-10-23 14:08:05.132 - INFO: vbln_usulan: 202510
2025-10-23 14:08:07.458 - INFO: Jumlah data dikembalikan: 24
2025-10-23 14:08:10.734 - INFO: Jumlah data dikembalikan: 24
2025-10-23 14:15:42.889 - INFO: vbln_usulan: 202510
2025-10-23 14:15:45.253 - INFO: vbln_usulan: 202510
2025-10-23 14:15:48.551 - INFO: Jumlah data dikembalikan: 24
2025-10-23 14:15:51.702 - INFO: Jumlah data dikembalikan: 24
2025-10-23 14:16:28.798 - INFO: vbln_usulan: 202510
2025-10-23 14:16:35.089 - INFO: Jumlah data dikembalikan: 24
2025-10-23 14:17:03.515 - INFO: vbln_usulan: 202510
2025-10-23 14:17:09.567 - INFO: Jumlah data dikembalikan: 24
2025-10-23 14:22:52.350 - INFO: vbln_usulan: 202510
2025-10-23 14:22:58.727 - INFO: Jumlah data dikembalikan: 24
2025-10-23 14:24:03.088 - INFO: vbln_usulan: 202509
2025-10-23 14:24:12.927 - INFO: Jumlah data dikembalikan: 24
2025-10-23 14:27:11.725 - INFO: vbln_usulan: 202510
2025-10-23 14:27:13.605 - INFO: vbln_usulan: 202510
2025-10-23 14:27:17.611 - INFO: Jumlah data dikembalikan: 24
2025-10-23 14:27:19.969 - INFO: vbln_usulan: 202510
2025-10-23 14:27:20.124 - INFO: Jumlah data dikembalikan: 24
2025-10-23 14:27:26.218 - INFO: Jumlah data dikembalikan: 24
2025-10-23 14:27:31.065 - INFO: vbln_usulan: 202510
2025-10-23 14:27:32.334 - INFO: vbln_usulan: 202510
2025-10-23 14:27:37.323 - INFO: Jumlah data dikembalikan: 24
2025-10-23 14:27:37.999 - INFO: Jumlah data dikembalikan: 24
2025-10-23 14:27:43.359 - INFO: vbln_usulan: 202510
2025-10-23 14:27:49.111 - INFO: Jumlah data dikembalikan: 24
2025-10-23 14:31:44.153 - INFO: vbln_usulan: 202510
2025-10-23 14:31:46.340 - INFO: vbln_usulan: 202510
2025-10-23 14:31:50.526 - INFO: Jumlah data dikembalikan: 24
2025-10-23 14:31:52.063 - INFO: Jumlah data dikembalikan: 24
2025-10-23 14:33:25.718 - INFO: vbln_usulan: 202510
2025-10-23 14:33:27.488 - INFO: vbln_usulan: 202510
2025-10-23 14:33:31.374 - INFO: Jumlah data dikembalikan: 24
2025-10-23 14:33:33.786 - INFO: Jumlah data dikembalikan: 24
2025-10-23 14:33:40.990 - INFO: vbln_usulan: 202510
2025-10-23 14:33:46.513 - INFO: Jumlah data dikembalikan: 24
2025-10-23 14:34:54.142 - INFO: vbln_usulan: 202510
2025-10-23 14:34:59.630 - INFO: Jumlah data dikembalikan: 24
2025-10-23 14:35:01.884 - INFO: vbln_usulan: 202510
2025-10-23 14:35:08.364 - INFO: Jumlah data dikembalikan: 24
2025-10-23 14:35:14.752 - INFO: vbln_usulan: 202510
2025-10-23 14:35:20.914 - INFO: Jumlah data dikembalikan: 24
2025-10-23 14:39:38.769 - INFO: vbln_usulan: 202510
2025-10-23 14:39:41.447 - INFO: vbln_usulan: 202510
2025-10-23 14:39:45.314 - INFO: Jumlah data dikembalikan: 24
2025-10-23 14:39:47.293 - INFO: Jumlah data dikembalikan: 24
2025-10-23 15:18:01.296 - INFO: vbln_usulan: 202510
2025-10-23 15:18:02.590 - INFO: vbln_usulan: 202510
2025-10-23 15:18:07.918 - INFO: Jumlah data dikembalikan: 24
2025-10-23 15:18:08.470 - INFO: Jumlah data dikembalikan: 24
2025-10-23 15:27:44.845 - INFO: vbln_usulan: 202510
2025-10-23 15:27:44.851 - INFO: draw = 1
2025-10-23 15:27:44.852 - INFO: offset (startIndex) = 0
2025-10-23 15:27:44.852 - INFO: limit (length) = 10
2025-10-23 15:27:44.852 - INFO: sortBy = KD_DIST ASC
2025-10-23 15:27:44.852 - INFO: searchValue = 
2025-10-23 15:27:44.852 - INFO: vbln_usulan = 
2025-10-23 15:27:44.852 - INFO: vkd_bank = 
2025-10-23 15:27:44.852 - INFO: vkd_dist = 
2025-10-23 15:27:46.476 - INFO: vbln_usulan: 202510
2025-10-23 15:27:50.915 - INFO: Jumlah data dikembalikan: 24
2025-10-23 15:27:52.091 - INFO: Jumlah data dikembalikan: 24
2025-10-23 15:27:53.519 - INFO: draw = 2
2025-10-23 15:27:53.519 - INFO: offset (startIndex) = 0
2025-10-23 15:27:53.519 - INFO: limit (length) = 10
2025-10-23 15:27:53.519 - INFO: sortBy = KD_DIST ASC
2025-10-23 15:27:53.519 - INFO: searchValue = 
2025-10-23 15:27:53.519 - INFO: vbln_usulan = 202510
2025-10-23 15:27:53.520 - INFO: vkd_bank = 200
2025-10-23 15:27:53.520 - INFO: vkd_dist = 11
2025-10-23 15:28:13.511 - INFO: draw = 1
2025-10-23 15:28:13.511 - INFO: offset (startIndex) = 0
2025-10-23 15:28:13.511 - INFO: limit (length) = 1000
2025-10-23 15:28:13.511 - INFO: sortBy = KD_DIST asc
2025-10-23 15:28:13.511 - INFO: searchValue = 
2025-10-23 15:28:13.511 - INFO: vbln_usulan = 202510
2025-10-23 15:28:13.511 - INFO: vkd_bank = 200
2025-10-23 15:28:13.511 - INFO: vkd_dist = 11
2025-10-23 15:31:33.683 - INFO: vbln_usulan: 202510
2025-10-23 15:31:33.687 - INFO: draw = 1
2025-10-23 15:31:33.687 - INFO: offset (startIndex) = 0
2025-10-23 15:31:33.687 - INFO: limit (length) = 10
2025-10-23 15:31:33.688 - INFO: sortBy = KD_DIST ASC
2025-10-23 15:31:33.688 - INFO: searchValue = 
2025-10-23 15:31:33.688 - INFO: vbln_usulan = 
2025-10-23 15:31:33.688 - INFO: vkd_bank = 
2025-10-23 15:31:33.688 - INFO: vkd_dist = 
2025-10-23 15:31:34.968 - INFO: vbln_usulan: 202510
2025-10-23 15:31:39.210 - INFO: Jumlah data dikembalikan: 24
2025-10-23 15:31:40.440 - INFO: Jumlah data dikembalikan: 24
2025-10-23 15:31:42.135 - INFO: draw = 2
2025-10-23 15:31:42.135 - INFO: offset (startIndex) = 0
2025-10-23 15:31:42.135 - INFO: limit (length) = 10
2025-10-23 15:31:42.135 - INFO: sortBy = KD_DIST ASC
2025-10-23 15:31:42.135 - INFO: searchValue = 
2025-10-23 15:31:42.136 - INFO: vbln_usulan = 202510
2025-10-23 15:31:42.136 - INFO: vkd_bank = 200
2025-10-23 15:31:42.136 - INFO: vkd_dist = 11
2025-10-23 15:35:18.331 - INFO: vbln_usulan: 202510
2025-10-23 15:35:18.340 - INFO: draw = 1
2025-10-23 15:35:18.340 - INFO: offset (startIndex) = 0
2025-10-23 15:35:18.340 - INFO: limit (length) = 10
2025-10-23 15:35:18.341 - INFO: sortBy = KD_DIST ASC
2025-10-23 15:35:18.341 - INFO: searchValue = 
2025-10-23 15:35:18.341 - INFO: vbln_usulan = 
2025-10-23 15:35:18.341 - INFO: vkd_bank = 
2025-10-23 15:35:18.341 - INFO: vkd_dist = 
2025-10-23 15:35:22.532 - INFO: vbln_usulan: 202510
2025-10-23 15:35:23.940 - INFO: Jumlah data dikembalikan: 24
2025-10-23 15:35:28.029 - INFO: Jumlah data dikembalikan: 24
2025-10-23 15:35:34.259 - INFO: draw = 2
2025-10-23 15:35:34.259 - INFO: offset (startIndex) = 0
2025-10-23 15:35:34.259 - INFO: limit (length) = 10
2025-10-23 15:35:34.259 - INFO: sortBy = KD_DIST ASC
2025-10-23 15:35:34.259 - INFO: searchValue = 
2025-10-23 15:35:34.259 - INFO: vbln_usulan = 202510
2025-10-23 15:35:34.259 - INFO: vkd_bank = 200
2025-10-23 15:35:34.259 - INFO: vkd_dist = 11
2025-10-23 15:42:48.179 - INFO: vbln_usulan: 202510
2025-10-23 15:42:48.185 - INFO: draw = 1
2025-10-23 15:42:48.185 - INFO: offset (startIndex) = 0
2025-10-23 15:42:48.185 - INFO: limit (length) = 10
2025-10-23 15:42:48.185 - INFO: sortBy = KD_DIST ASC
2025-10-23 15:42:48.185 - INFO: searchValue = 
2025-10-23 15:42:48.186 - INFO: vbln_usulan = 
2025-10-23 15:42:48.186 - INFO: vkd_bank = 
2025-10-23 15:42:48.186 - INFO: vkd_dist = 
2025-10-23 15:42:49.636 - INFO: vbln_usulan: 202510
2025-10-23 15:42:54.564 - INFO: Jumlah data dikembalikan: 24
2025-10-23 15:42:55.387 - INFO: Jumlah data dikembalikan: 24
2025-10-23 15:43:00.860 - INFO: draw = 2
2025-10-23 15:43:00.860 - INFO: offset (startIndex) = 0
2025-10-23 15:43:00.860 - INFO: limit (length) = 10
2025-10-23 15:43:00.860 - INFO: sortBy = KD_DIST ASC
2025-10-23 15:43:00.860 - INFO: searchValue = 
2025-10-23 15:43:00.860 - INFO: vbln_usulan = 202510
2025-10-23 15:43:00.860 - INFO: vkd_bank = 200
2025-10-23 15:43:00.860 - INFO: vkd_dist = 11
2025-10-23 15:45:43.628 - INFO: draw = 3
2025-10-23 15:45:43.628 - INFO: offset (startIndex) = 0
2025-10-23 15:45:43.628 - INFO: limit (length) = 10
2025-10-23 15:45:43.628 - INFO: sortBy = KD_DIST ASC
2025-10-23 15:45:43.628 - INFO: searchValue = 
2025-10-23 15:45:43.628 - INFO: vbln_usulan = 202510
2025-10-23 15:45:43.628 - INFO: vkd_bank = 111
2025-10-23 15:45:43.628 - INFO: vkd_dist = 00
2025-10-23 15:51:37.833 - INFO: vbln_usulan: 202510
2025-10-23 15:51:37.839 - INFO: draw = 1
2025-10-23 15:51:37.839 - INFO: offset (startIndex) = 0
2025-10-23 15:51:37.839 - INFO: limit (length) = 10
2025-10-23 15:51:37.839 - INFO: sortBy = KD_DIST ASC
2025-10-23 15:51:37.839 - INFO: searchValue = 
2025-10-23 15:51:37.839 - INFO: vbln_usulan = 
2025-10-23 15:51:37.839 - INFO: vkd_bank = 
2025-10-23 15:51:37.839 - INFO: vkd_dist = 
2025-10-23 15:51:39.072 - INFO: vbln_usulan: 202510
2025-10-23 15:51:43.994 - INFO: Jumlah data dikembalikan: 24
2025-10-23 15:51:44.899 - INFO: Jumlah data dikembalikan: 24
2025-10-23 15:51:45.904 - INFO: draw = 2
2025-10-23 15:51:45.904 - INFO: offset (startIndex) = 0
2025-10-23 15:51:45.905 - INFO: limit (length) = 10
2025-10-23 15:51:45.905 - INFO: sortBy = KD_DIST ASC
2025-10-23 15:51:45.905 - INFO: searchValue = 
2025-10-23 15:51:45.905 - INFO: vbln_usulan = 202510
2025-10-23 15:51:45.905 - INFO: vkd_bank = 200
2025-10-23 15:51:45.905 - INFO: vkd_dist = 11
2025-10-23 15:52:56.320 - INFO: vbln_usulan: 202510
2025-10-23 15:52:56.323 - INFO: draw = 1
2025-10-23 15:52:56.323 - INFO: offset (startIndex) = 0
2025-10-23 15:52:56.323 - INFO: limit (length) = 10
2025-10-23 15:52:56.323 - INFO: sortBy = KD_DIST ASC
2025-10-23 15:52:56.323 - INFO: searchValue = 
2025-10-23 15:52:56.323 - INFO: vbln_usulan = 
2025-10-23 15:52:56.323 - INFO: vkd_bank = 
2025-10-23 15:52:56.323 - INFO: vkd_dist = 
2025-10-23 15:52:57.537 - INFO: vbln_usulan: 202510
2025-10-23 15:53:01.807 - INFO: Jumlah data dikembalikan: 24
2025-10-23 15:53:03.010 - INFO: Jumlah data dikembalikan: 24
2025-10-23 15:53:04.542 - INFO: draw = 2
2025-10-23 15:53:04.542 - INFO: offset (startIndex) = 0
2025-10-23 15:53:04.542 - INFO: limit (length) = 10
2025-10-23 15:53:04.542 - INFO: sortBy = KD_DIST ASC
2025-10-23 15:53:04.542 - INFO: searchValue = 
2025-10-23 15:53:04.542 - INFO: vbln_usulan = 202510
2025-10-23 15:53:04.542 - INFO: vkd_bank = 200
2025-10-23 15:53:04.542 - INFO: vkd_dist = 11
2025-10-23 15:53:46.773 - INFO: vbln_usulan: 202510
2025-10-23 15:53:46.778 - INFO: draw = 1
2025-10-23 15:53:46.778 - INFO: offset (startIndex) = 0
2025-10-23 15:53:46.778 - INFO: limit (length) = 10
2025-10-23 15:53:46.778 - INFO: sortBy = KD_DIST ASC
2025-10-23 15:53:46.778 - INFO: searchValue = 
2025-10-23 15:53:46.779 - INFO: vbln_usulan = 
2025-10-23 15:53:46.779 - INFO: vkd_bank = 
2025-10-23 15:53:46.779 - INFO: vkd_dist = 
2025-10-23 15:53:47.916 - INFO: vbln_usulan: 202510
2025-10-23 15:53:53.209 - INFO: Jumlah data dikembalikan: 24
2025-10-23 15:53:53.708 - INFO: Jumlah data dikembalikan: 24
2025-10-23 15:53:55.283 - INFO: draw = 2
2025-10-23 15:53:55.283 - INFO: offset (startIndex) = 0
2025-10-23 15:53:55.283 - INFO: limit (length) = 10
2025-10-23 15:53:55.283 - INFO: sortBy = KD_DIST ASC
2025-10-23 15:53:55.283 - INFO: searchValue = 
2025-10-23 15:53:55.283 - INFO: vbln_usulan = 202510
2025-10-23 15:53:55.283 - INFO: vkd_bank = 200
2025-10-23 15:53:55.283 - INFO: vkd_dist = 11
2025-10-23 15:54:32.746 - INFO: vbln_usulan: 202510
2025-10-23 15:54:32.757 - INFO: draw = 1
2025-10-23 15:54:32.757 - INFO: offset (startIndex) = 0
2025-10-23 15:54:32.757 - INFO: limit (length) = 10
2025-10-23 15:54:32.757 - INFO: sortBy = KD_DIST ASC
2025-10-23 15:54:32.757 - INFO: searchValue = 
2025-10-23 15:54:32.757 - INFO: vbln_usulan = 
2025-10-23 15:54:32.757 - INFO: vkd_bank = 
2025-10-23 15:54:32.757 - INFO: vkd_dist = 
2025-10-23 15:54:34.235 - INFO: vbln_usulan: 202510
2025-10-23 15:54:38.429 - INFO: Jumlah data dikembalikan: 24
2025-10-23 15:54:40.544 - INFO: Jumlah data dikembalikan: 24
2025-10-23 15:54:40.833 - INFO: vbln_usulan: 202510
2025-10-23 15:54:46.854 - INFO: Jumlah data dikembalikan: 24
2025-10-23 15:54:49.039 - INFO: draw = 2
2025-10-23 15:54:49.039 - INFO: offset (startIndex) = 0
2025-10-23 15:54:49.039 - INFO: limit (length) = 10
2025-10-23 15:54:49.039 - INFO: sortBy = KD_DIST ASC
2025-10-23 15:54:49.039 - INFO: searchValue = 
2025-10-23 15:54:49.039 - INFO: vbln_usulan = 202510
2025-10-23 15:54:49.039 - INFO: vkd_bank = 200
2025-10-23 15:54:49.039 - INFO: vkd_dist = 11
2025-10-23 15:55:04.658 - INFO: draw = 3
2025-10-23 15:55:04.658 - INFO: offset (startIndex) = 0
2025-10-23 15:55:04.658 - INFO: limit (length) = 10
2025-10-23 15:55:04.658 - INFO: sortBy = KD_DIST ASC
2025-10-23 15:55:04.658 - INFO: searchValue = 
2025-10-23 15:55:04.658 - INFO: vbln_usulan = 202510
2025-10-23 15:55:04.658 - INFO: vkd_bank = 200
2025-10-23 15:55:04.658 - INFO: vkd_dist = 11
2025-10-23 15:55:54.843 - INFO: vbln_usulan: 202510
2025-10-23 15:55:54.847 - INFO: draw = 1
2025-10-23 15:55:54.848 - INFO: offset (startIndex) = 0
2025-10-23 15:55:54.848 - INFO: limit (length) = 10
2025-10-23 15:55:54.848 - INFO: sortBy = KD_DIST ASC
2025-10-23 15:55:54.848 - INFO: searchValue = 
2025-10-23 15:55:54.848 - INFO: vbln_usulan = 
2025-10-23 15:55:54.848 - INFO: vkd_bank = 
2025-10-23 15:55:54.848 - INFO: vkd_dist = 
2025-10-23 15:55:58.678 - INFO: vbln_usulan: 202510
2025-10-23 15:56:00.340 - INFO: Jumlah data dikembalikan: 24
2025-10-23 15:56:05.054 - INFO: Jumlah data dikembalikan: 24
2025-10-23 15:56:06.446 - INFO: draw = 2
2025-10-23 15:56:06.446 - INFO: offset (startIndex) = 0
2025-10-23 15:56:06.446 - INFO: limit (length) = 10
2025-10-23 15:56:06.446 - INFO: sortBy = KD_DIST ASC
2025-10-23 15:56:06.446 - INFO: searchValue = 
2025-10-23 15:56:06.446 - INFO: vbln_usulan = 202510
2025-10-23 15:56:06.446 - INFO: vkd_bank = 200
2025-10-23 15:56:06.446 - INFO: vkd_dist = 11
2025-10-23 15:57:08.683 - INFO: vbln_usulan: 202510
2025-10-23 15:57:08.688 - INFO: draw = 1
2025-10-23 15:57:08.688 - INFO: offset (startIndex) = 0
2025-10-23 15:57:08.688 - INFO: limit (length) = 10
2025-10-23 15:57:08.688 - INFO: sortBy = KD_DIST ASC
2025-10-23 15:57:08.688 - INFO: searchValue = 
2025-10-23 15:57:08.688 - INFO: vbln_usulan = 
2025-10-23 15:57:08.688 - INFO: vkd_bank = 
2025-10-23 15:57:08.688 - INFO: vkd_dist = 
2025-10-23 15:57:09.959 - INFO: vbln_usulan: 202510
2025-10-23 15:57:15.167 - INFO: Jumlah data dikembalikan: 24
2025-10-23 15:57:15.301 - INFO: vbln_usulan: 202510
2025-10-23 15:57:15.805 - INFO: Jumlah data dikembalikan: 24
2025-10-23 15:57:20.817 - INFO: Jumlah data dikembalikan: 24
2025-10-23 15:57:22.790 - INFO: draw = 2
2025-10-23 15:57:22.791 - INFO: offset (startIndex) = 0
2025-10-23 15:57:22.791 - INFO: limit (length) = 10
2025-10-23 15:57:22.791 - INFO: sortBy = KD_DIST ASC
2025-10-23 15:57:22.791 - INFO: searchValue = 
2025-10-23 15:57:22.791 - INFO: vbln_usulan = 202510
2025-10-23 15:57:22.791 - INFO: vkd_bank = 200
2025-10-23 15:57:22.792 - INFO: vkd_dist = 11
2025-10-23 16:00:35.642 - INFO: vbln_usulan: 202510
2025-10-23 16:00:35.646 - INFO: draw = 1
2025-10-23 16:00:35.646 - INFO: offset (startIndex) = 0
2025-10-23 16:00:35.646 - INFO: limit (length) = 10
2025-10-23 16:00:35.646 - INFO: sortBy = KD_DIST ASC
2025-10-23 16:00:35.646 - INFO: searchValue = 
2025-10-23 16:00:35.646 - INFO: vbln_usulan = 
2025-10-23 16:00:35.646 - INFO: vkd_bank = 
2025-10-23 16:00:35.646 - INFO: vkd_dist = 
2025-10-23 16:00:37.132 - INFO: vbln_usulan: 202510
2025-10-23 16:00:41.862 - INFO: Jumlah data dikembalikan: 24
2025-10-23 16:00:42.802 - INFO: Jumlah data dikembalikan: 24
2025-10-23 16:00:45.799 - INFO: vbln_usulan: 202510
2025-10-23 16:00:52.141 - INFO: Jumlah data dikembalikan: 24
2025-10-23 16:04:30.407 - INFO: vbln_usulan: 202510
2025-10-23 16:04:30.413 - INFO: draw = 1
2025-10-23 16:04:30.414 - INFO: offset (startIndex) = 0
2025-10-23 16:04:30.414 - INFO: limit (length) = 10
2025-10-23 16:04:30.414 - INFO: sortBy = KD_DIST ASC
2025-10-23 16:04:30.414 - INFO: searchValue = 
2025-10-23 16:04:30.414 - INFO: vbln_usulan = 
2025-10-23 16:04:30.414 - INFO: vkd_bank = 
2025-10-23 16:04:30.414 - INFO: vkd_dist = 
2025-10-23 16:04:34.096 - INFO: vbln_usulan: 202509
2025-10-23 16:04:36.352 - INFO: Jumlah data dikembalikan: 24
2025-10-23 16:04:39.868 - INFO: Jumlah data dikembalikan: 24
2025-10-23 16:04:45.116 - INFO: draw = 2
2025-10-23 16:04:45.116 - INFO: offset (startIndex) = 0
2025-10-23 16:04:45.116 - INFO: limit (length) = 10
2025-10-23 16:04:45.116 - INFO: sortBy = KD_DIST ASC
2025-10-23 16:04:45.116 - INFO: searchValue = 
2025-10-23 16:04:45.116 - INFO: vbln_usulan = 202509
2025-10-23 16:04:45.116 - INFO: vkd_bank = 200
2025-10-23 16:04:45.116 - INFO: vkd_dist = 11
2025-10-23 16:05:01.059 - INFO: draw = 3
2025-10-23 16:05:01.060 - INFO: offset (startIndex) = 0
2025-10-23 16:05:01.060 - INFO: limit (length) = 10
2025-10-23 16:05:01.060 - INFO: sortBy = KD_DIST ASC
2025-10-23 16:05:01.060 - INFO: searchValue = 
2025-10-23 16:05:01.060 - INFO: vbln_usulan = 202509
2025-10-23 16:05:01.060 - INFO: vkd_bank = 111
2025-10-23 16:05:01.060 - INFO: vkd_dist = 00
2025-10-23 16:05:06.310 - INFO: draw = 1
2025-10-23 16:05:06.310 - INFO: offset (startIndex) = 0
2025-10-23 16:05:06.310 - INFO: limit (length) = 1000
2025-10-23 16:05:06.310 - INFO: sortBy = KD_DIST asc
2025-10-23 16:05:06.310 - INFO: searchValue = 
2025-10-23 16:05:06.310 - INFO: vbln_usulan = 202509
2025-10-23 16:05:06.310 - INFO: vkd_bank = 111
2025-10-23 16:05:06.310 - INFO: vkd_dist = 00
2025-10-23 16:05:09.693 - INFO: draw = 2
2025-10-23 16:05:09.693 - INFO: offset (startIndex) = 1000
2025-10-23 16:05:09.693 - INFO: limit (length) = 1000
2025-10-23 16:05:09.693 - INFO: sortBy = KD_DIST asc
2025-10-23 16:05:09.693 - INFO: searchValue = 
2025-10-23 16:05:09.693 - INFO: vbln_usulan = 202509
2025-10-23 16:05:09.693 - INFO: vkd_bank = 111
2025-10-23 16:05:09.693 - INFO: vkd_dist = 00
2025-10-23 16:05:13.064 - INFO: draw = 3
2025-10-23 16:05:13.064 - INFO: offset (startIndex) = 2000
2025-10-23 16:05:13.064 - INFO: limit (length) = 1000
2025-10-23 16:05:13.064 - INFO: sortBy = KD_DIST asc
2025-10-23 16:05:13.064 - INFO: searchValue = 
2025-10-23 16:05:13.064 - INFO: vbln_usulan = 202509
2025-10-23 16:05:13.064 - INFO: vkd_bank = 111
2025-10-23 16:05:13.064 - INFO: vkd_dist = 00
2025-10-23 16:05:17.283 - INFO: draw = 4
2025-10-23 16:05:17.283 - INFO: offset (startIndex) = 3000
2025-10-23 16:05:17.283 - INFO: limit (length) = 1000
2025-10-23 16:05:17.283 - INFO: sortBy = KD_DIST asc
2025-10-23 16:05:17.283 - INFO: searchValue = 
2025-10-23 16:05:17.283 - INFO: vbln_usulan = 202509
2025-10-23 16:05:17.283 - INFO: vkd_bank = 111
2025-10-23 16:05:17.283 - INFO: vkd_dist = 00
2025-10-23 16:05:20.722 - INFO: draw = 5
2025-10-23 16:05:20.722 - INFO: offset (startIndex) = 4000
2025-10-23 16:05:20.722 - INFO: limit (length) = 1000
2025-10-23 16:05:20.722 - INFO: sortBy = KD_DIST asc
2025-10-23 16:05:20.722 - INFO: searchValue = 
2025-10-23 16:05:20.722 - INFO: vbln_usulan = 202509
2025-10-23 16:05:20.722 - INFO: vkd_bank = 111
2025-10-23 16:05:20.722 - INFO: vkd_dist = 00
2025-10-23 16:05:23.931 - INFO: draw = 6
2025-10-23 16:05:23.931 - INFO: offset (startIndex) = 5000
2025-10-23 16:05:23.931 - INFO: limit (length) = 1000
2025-10-23 16:05:23.931 - INFO: sortBy = KD_DIST asc
2025-10-23 16:05:23.931 - INFO: searchValue = 
2025-10-23 16:05:23.931 - INFO: vbln_usulan = 202509
2025-10-23 16:05:23.931 - INFO: vkd_bank = 111
2025-10-23 16:05:23.931 - INFO: vkd_dist = 00
2025-10-23 16:05:27.309 - INFO: draw = 7
2025-10-23 16:05:27.309 - INFO: offset (startIndex) = 6000
2025-10-23 16:05:27.309 - INFO: limit (length) = 1000
2025-10-23 16:05:27.309 - INFO: sortBy = KD_DIST asc
2025-10-23 16:05:27.309 - INFO: searchValue = 
2025-10-23 16:05:27.309 - INFO: vbln_usulan = 202509
2025-10-23 16:05:27.309 - INFO: vkd_bank = 111
2025-10-23 16:05:27.309 - INFO: vkd_dist = 00
2025-10-23 16:05:30.838 - INFO: draw = 8
2025-10-23 16:05:30.838 - INFO: offset (startIndex) = 7000
2025-10-23 16:05:30.838 - INFO: limit (length) = 1000
2025-10-23 16:05:30.838 - INFO: sortBy = KD_DIST asc
2025-10-23 16:05:30.838 - INFO: searchValue = 
2025-10-23 16:05:30.838 - INFO: vbln_usulan = 202509
2025-10-23 16:05:30.838 - INFO: vkd_bank = 111
2025-10-23 16:05:30.838 - INFO: vkd_dist = 00
2025-10-23 16:05:34.936 - INFO: draw = 9
2025-10-23 16:05:34.936 - INFO: offset (startIndex) = 8000
2025-10-23 16:05:34.936 - INFO: limit (length) = 1000
2025-10-23 16:05:34.936 - INFO: sortBy = KD_DIST asc
2025-10-23 16:05:34.936 - INFO: searchValue = 
2025-10-23 16:05:34.936 - INFO: vbln_usulan = 202509
2025-10-23 16:05:34.936 - INFO: vkd_bank = 111
2025-10-23 16:05:34.936 - INFO: vkd_dist = 00
2025-10-23 16:05:38.837 - INFO: draw = 10
2025-10-23 16:05:38.837 - INFO: offset (startIndex) = 9000
2025-10-23 16:05:38.837 - INFO: limit (length) = 1000
2025-10-23 16:05:38.837 - INFO: sortBy = KD_DIST asc
2025-10-23 16:05:38.837 - INFO: searchValue = 
2025-10-23 16:05:38.837 - INFO: vbln_usulan = 202509
2025-10-23 16:05:38.837 - INFO: vkd_bank = 111
2025-10-23 16:05:38.837 - INFO: vkd_dist = 00
2025-10-23 16:05:42.932 - INFO: draw = 11
2025-10-23 16:05:42.932 - INFO: offset (startIndex) = 10000
2025-10-23 16:05:42.932 - INFO: limit (length) = 1000
2025-10-23 16:05:42.932 - INFO: sortBy = KD_DIST asc
2025-10-23 16:05:42.932 - INFO: searchValue = 
2025-10-23 16:05:42.932 - INFO: vbln_usulan = 202509
2025-10-23 16:05:42.932 - INFO: vkd_bank = 111
2025-10-23 16:05:42.932 - INFO: vkd_dist = 00
2025-10-23 16:05:46.437 - INFO: draw = 12
2025-10-23 16:05:46.437 - INFO: offset (startIndex) = 11000
2025-10-23 16:05:46.437 - INFO: limit (length) = 1000
2025-10-23 16:05:46.437 - INFO: sortBy = KD_DIST asc
2025-10-23 16:05:46.437 - INFO: searchValue = 
2025-10-23 16:05:46.437 - INFO: vbln_usulan = 202509
2025-10-23 16:05:46.437 - INFO: vkd_bank = 111
2025-10-23 16:05:46.437 - INFO: vkd_dist = 00
2025-10-23 16:05:50.581 - INFO: draw = 13
2025-10-23 16:05:50.581 - INFO: offset (startIndex) = 12000
2025-10-23 16:05:50.581 - INFO: limit (length) = 1000
2025-10-23 16:05:50.581 - INFO: sortBy = KD_DIST asc
2025-10-23 16:05:50.581 - INFO: searchValue = 
2025-10-23 16:05:50.581 - INFO: vbln_usulan = 202509
2025-10-23 16:05:50.581 - INFO: vkd_bank = 111
2025-10-23 16:05:50.581 - INFO: vkd_dist = 00
2025-10-23 16:05:54.156 - INFO: draw = 14
2025-10-23 16:05:54.156 - INFO: offset (startIndex) = 13000
2025-10-23 16:05:54.156 - INFO: limit (length) = 1000
2025-10-23 16:05:54.156 - INFO: sortBy = KD_DIST asc
2025-10-23 16:05:54.156 - INFO: searchValue = 
2025-10-23 16:05:54.156 - INFO: vbln_usulan = 202509
2025-10-23 16:05:54.156 - INFO: vkd_bank = 111
2025-10-23 16:05:54.156 - INFO: vkd_dist = 00
2025-10-23 16:05:58.688 - INFO: draw = 15
2025-10-23 16:05:58.688 - INFO: offset (startIndex) = 14000
2025-10-23 16:05:58.688 - INFO: limit (length) = 1000
2025-10-23 16:05:58.688 - INFO: sortBy = KD_DIST asc
2025-10-23 16:05:58.688 - INFO: searchValue = 
2025-10-23 16:05:58.688 - INFO: vbln_usulan = 202509
2025-10-23 16:05:58.688 - INFO: vkd_bank = 111
2025-10-23 16:05:58.688 - INFO: vkd_dist = 00
2025-10-23 16:06:02.700 - INFO: draw = 16
2025-10-23 16:06:02.701 - INFO: offset (startIndex) = 15000
2025-10-23 16:06:02.701 - INFO: limit (length) = 1000
2025-10-23 16:06:02.701 - INFO: sortBy = KD_DIST asc
2025-10-23 16:06:02.701 - INFO: searchValue = 
2025-10-23 16:06:02.701 - INFO: vbln_usulan = 202509
2025-10-23 16:06:02.701 - INFO: vkd_bank = 111
2025-10-23 16:06:02.701 - INFO: vkd_dist = 00
2025-10-23 16:06:06.063 - INFO: draw = 17
2025-10-23 16:06:06.063 - INFO: offset (startIndex) = 16000
2025-10-23 16:06:06.063 - INFO: limit (length) = 1000
2025-10-23 16:06:06.063 - INFO: sortBy = KD_DIST asc
2025-10-23 16:06:06.063 - INFO: searchValue = 
2025-10-23 16:06:06.063 - INFO: vbln_usulan = 202509
2025-10-23 16:06:06.063 - INFO: vkd_bank = 111
2025-10-23 16:06:06.063 - INFO: vkd_dist = 00
2025-10-23 16:06:10.145 - INFO: draw = 18
2025-10-23 16:06:10.145 - INFO: offset (startIndex) = 17000
2025-10-23 16:06:10.145 - INFO: limit (length) = 1000
2025-10-23 16:06:10.145 - INFO: sortBy = KD_DIST asc
2025-10-23 16:06:10.145 - INFO: searchValue = 
2025-10-23 16:06:10.145 - INFO: vbln_usulan = 202509
2025-10-23 16:06:10.145 - INFO: vkd_bank = 111
2025-10-23 16:06:10.145 - INFO: vkd_dist = 00
2025-10-23 16:06:13.703 - INFO: draw = 19
2025-10-23 16:06:13.703 - INFO: offset (startIndex) = 18000
2025-10-23 16:06:13.703 - INFO: limit (length) = 1000
2025-10-23 16:06:13.703 - INFO: sortBy = KD_DIST asc
2025-10-23 16:06:13.703 - INFO: searchValue = 
2025-10-23 16:06:13.703 - INFO: vbln_usulan = 202509
2025-10-23 16:06:13.703 - INFO: vkd_bank = 111
2025-10-23 16:06:13.703 - INFO: vkd_dist = 00
2025-10-23 16:06:18.691 - INFO: draw = 20
2025-10-23 16:06:18.691 - INFO: offset (startIndex) = 19000
2025-10-23 16:06:18.691 - INFO: limit (length) = 1000
2025-10-23 16:06:18.691 - INFO: sortBy = KD_DIST asc
2025-10-23 16:06:18.691 - INFO: searchValue = 
2025-10-23 16:06:18.691 - INFO: vbln_usulan = 202509
2025-10-23 16:06:18.691 - INFO: vkd_bank = 111
2025-10-23 16:06:18.691 - INFO: vkd_dist = 00
2025-10-23 16:06:23.694 - INFO: draw = 21
2025-10-23 16:06:23.694 - INFO: offset (startIndex) = 20000
2025-10-23 16:06:23.694 - INFO: limit (length) = 1000
2025-10-23 16:06:23.694 - INFO: sortBy = KD_DIST asc
2025-10-23 16:06:23.694 - INFO: searchValue = 
2025-10-23 16:06:23.694 - INFO: vbln_usulan = 202509
2025-10-23 16:06:23.694 - INFO: vkd_bank = 111
2025-10-23 16:06:23.694 - INFO: vkd_dist = 00
2025-10-23 16:06:27.159 - INFO: draw = 22
2025-10-23 16:06:27.159 - INFO: offset (startIndex) = 21000
2025-10-23 16:06:27.159 - INFO: limit (length) = 1000
2025-10-23 16:06:27.159 - INFO: sortBy = KD_DIST asc
2025-10-23 16:06:27.159 - INFO: searchValue = 
2025-10-23 16:06:27.159 - INFO: vbln_usulan = 202509
2025-10-23 16:06:27.160 - INFO: vkd_bank = 111
2025-10-23 16:06:27.160 - INFO: vkd_dist = 00
2025-10-23 16:06:31.315 - INFO: draw = 23
2025-10-23 16:06:31.315 - INFO: offset (startIndex) = 22000
2025-10-23 16:06:31.315 - INFO: limit (length) = 1000
2025-10-23 16:06:31.315 - INFO: sortBy = KD_DIST asc
2025-10-23 16:06:31.315 - INFO: searchValue = 
2025-10-23 16:06:31.315 - INFO: vbln_usulan = 202509
2025-10-23 16:06:31.315 - INFO: vkd_bank = 111
2025-10-23 16:06:31.315 - INFO: vkd_dist = 00
2025-10-23 16:06:34.778 - INFO: draw = 24
2025-10-23 16:06:34.778 - INFO: offset (startIndex) = 23000
2025-10-23 16:06:34.778 - INFO: limit (length) = 1000
2025-10-23 16:06:34.778 - INFO: sortBy = KD_DIST asc
2025-10-23 16:06:34.778 - INFO: searchValue = 
2025-10-23 16:06:34.778 - INFO: vbln_usulan = 202509
2025-10-23 16:06:34.778 - INFO: vkd_bank = 111
2025-10-23 16:06:34.778 - INFO: vkd_dist = 00
2025-10-23 16:06:38.774 - INFO: draw = 25
2025-10-23 16:06:38.774 - INFO: offset (startIndex) = 24000
2025-10-23 16:06:38.774 - INFO: limit (length) = 1000
2025-10-23 16:06:38.774 - INFO: sortBy = KD_DIST asc
2025-10-23 16:06:38.774 - INFO: searchValue = 
2025-10-23 16:06:38.774 - INFO: vbln_usulan = 202509
2025-10-23 16:06:38.774 - INFO: vkd_bank = 111
2025-10-23 16:06:38.774 - INFO: vkd_dist = 00
2025-10-23 16:06:42.204 - INFO: draw = 26
2025-10-23 16:06:42.204 - INFO: offset (startIndex) = 25000
2025-10-23 16:06:42.204 - INFO: limit (length) = 1000
2025-10-23 16:06:42.204 - INFO: sortBy = KD_DIST asc
2025-10-23 16:06:42.204 - INFO: searchValue = 
2025-10-23 16:06:42.204 - INFO: vbln_usulan = 202509
2025-10-23 16:06:42.204 - INFO: vkd_bank = 111
2025-10-23 16:06:42.204 - INFO: vkd_dist = 00
2025-10-23 16:06:46.337 - INFO: draw = 27
2025-10-23 16:06:46.337 - INFO: offset (startIndex) = 26000
2025-10-23 16:06:46.337 - INFO: limit (length) = 1000
2025-10-23 16:06:46.337 - INFO: sortBy = KD_DIST asc
2025-10-23 16:06:46.337 - INFO: searchValue = 
2025-10-23 16:06:46.337 - INFO: vbln_usulan = 202509
2025-10-23 16:06:46.337 - INFO: vkd_bank = 111
2025-10-23 16:06:46.337 - INFO: vkd_dist = 00
2025-10-23 16:06:49.718 - INFO: draw = 28
2025-10-23 16:06:49.719 - INFO: offset (startIndex) = 27000
2025-10-23 16:06:49.719 - INFO: limit (length) = 1000
2025-10-23 16:06:49.719 - INFO: sortBy = KD_DIST asc
2025-10-23 16:06:49.719 - INFO: searchValue = 
2025-10-23 16:06:49.719 - INFO: vbln_usulan = 202509
2025-10-23 16:06:49.719 - INFO: vkd_bank = 111
2025-10-23 16:06:49.719 - INFO: vkd_dist = 00
2025-10-23 16:06:52.962 - INFO: draw = 29
2025-10-23 16:06:52.962 - INFO: offset (startIndex) = 28000
2025-10-23 16:06:52.962 - INFO: limit (length) = 1000
2025-10-23 16:06:52.962 - INFO: sortBy = KD_DIST asc
2025-10-23 16:06:52.962 - INFO: searchValue = 
2025-10-23 16:06:52.962 - INFO: vbln_usulan = 202509
2025-10-23 16:06:52.962 - INFO: vkd_bank = 111
2025-10-23 16:06:52.962 - INFO: vkd_dist = 00
2025-10-23 16:08:00.251 - INFO: vbln_usulan: 202510
2025-10-23 16:08:00.258 - INFO: draw = 1
2025-10-23 16:08:00.258 - INFO: offset (startIndex) = 0
2025-10-23 16:08:00.258 - INFO: limit (length) = 10
2025-10-23 16:08:00.258 - INFO: sortBy = KD_DIST ASC
2025-10-23 16:08:00.258 - INFO: searchValue = 
2025-10-23 16:08:00.258 - INFO: vbln_usulan = 
2025-10-23 16:08:00.258 - INFO: vkd_bank = 
2025-10-23 16:08:00.258 - INFO: vkd_dist = 
2025-10-23 16:08:05.677 - INFO: Jumlah data dikembalikan: 24
