2026-07-16 07:06:02.053 - INFO: draw = 1
2026-07-16 07:06:02.055 - INFO: offset (startIndex) = 0
2026-07-16 07:06:02.055 - INFO: limit (length) = 10
2026-07-16 07:06:02.055 - INFO: sortBy = KD_DIST ASC
2026-07-16 07:06:02.055 - INFO: searchValue = 
2026-07-16 07:06:02.055 - INFO: vbln_usulan = 
2026-07-16 07:06:02.055 - INFO: vkd_bank = 
2026-07-16 07:06:02.056 - INFO: vkd_dist = 
2026-07-16 07:06:09.328 - INFO: draw = 2
2026-07-16 07:06:09.330 - INFO: offset (startIndex) = 0
2026-07-16 07:06:09.330 - INFO: limit (length) = 10
2026-07-16 07:06:09.330 - INFO: sortBy = KD_DIST ASC
2026-07-16 07:06:09.331 - INFO: searchValue = 
2026-07-16 07:06:09.331 - INFO: vbln_usulan = 202607
2026-07-16 07:06:09.332 - INFO: vkd_bank = 200
2026-07-16 07:06:09.332 - INFO: vkd_dist = 11
2026-07-16 07:07:22.622 - INFO: draw = 3
2026-07-16 07:07:22.622 - INFO: offset (startIndex) = 0
2026-07-16 07:07:22.622 - INFO: limit (length) = 10
2026-07-16 07:07:22.622 - INFO: sortBy = KD_DIST ASC
2026-07-16 07:07:22.622 - INFO: searchValue = 
2026-07-16 07:07:22.622 - INFO: vbln_usulan = 202607
2026-07-16 07:07:22.622 - INFO: vkd_bank = 200
2026-07-16 07:07:22.622 - INFO: vkd_dist = 11
2026-07-16 07:21:11.179 - INFO: draw = 1
2026-07-16 07:21:11.180 - INFO: offset (startIndex) = 0
2026-07-16 07:21:11.180 - INFO: limit (length) = 10
2026-07-16 07:21:11.180 - INFO: sortBy = KD_DIST ASC
2026-07-16 07:21:11.180 - INFO: searchValue = 
2026-07-16 07:21:11.180 - INFO: vbln_usulan = 
2026-07-16 07:21:11.180 - INFO: vkd_bank = 
2026-07-16 07:21:11.180 - INFO: vkd_dist = 
2026-07-16 07:21:13.410 - INFO: draw = 2
2026-07-16 07:21:13.410 - INFO: offset (startIndex) = 0
2026-07-16 07:21:13.410 - INFO: limit (length) = 10
2026-07-16 07:21:13.411 - INFO: sortBy = KD_DIST ASC
2026-07-16 07:21:13.411 - INFO: searchValue = 
2026-07-16 07:21:13.411 - INFO: vbln_usulan = 202607
2026-07-16 07:21:13.411 - INFO: vkd_bank = 200
2026-07-16 07:21:13.411 - INFO: vkd_dist = 11
2026-07-16 07:28:38.361 - INFO: draw = 1
2026-07-16 07:28:38.363 - INFO: offset (startIndex) = 0
2026-07-16 07:28:38.363 - INFO: limit (length) = 10
2026-07-16 07:28:38.363 - INFO: sortBy = KD_DIST ASC
2026-07-16 07:28:38.363 - INFO: searchValue = 
2026-07-16 07:28:38.364 - INFO: vbln_usulan = 
2026-07-16 07:28:38.364 - INFO: vkd_bank = 
2026-07-16 07:28:38.364 - INFO: vkd_dist = 
2026-07-16 07:29:35.637 - INFO: draw = 1
2026-07-16 07:29:35.638 - INFO: offset (startIndex) = 0
2026-07-16 07:29:35.638 - INFO: limit (length) = 10
2026-07-16 07:29:35.638 - INFO: sortBy = KD_DIST ASC
2026-07-16 07:29:35.638 - INFO: searchValue = 
2026-07-16 07:29:35.638 - INFO: vbln_usulan = 
2026-07-16 07:29:35.638 - INFO: vkd_bank = 
2026-07-16 07:29:35.638 - INFO: vkd_dist = 
2026-07-16 07:38:18.324 - INFO: draw = 1
2026-07-16 07:38:18.325 - INFO: offset (startIndex) = 0
2026-07-16 07:38:18.325 - INFO: limit (length) = 10
2026-07-16 07:38:18.325 - INFO: sortBy = KD_DIST ASC
2026-07-16 07:38:18.325 - INFO: searchValue = 
2026-07-16 07:38:18.326 - INFO: vbln_usulan = 
2026-07-16 07:38:18.326 - INFO: vkd_bank = 
2026-07-16 07:38:18.326 - INFO: vkd_dist = 
2026-07-16 07:38:25.601 - INFO: draw = 1
2026-07-16 07:38:25.603 - INFO: offset (startIndex) = 0
2026-07-16 07:38:25.603 - INFO: limit (length) = 10
2026-07-16 07:38:25.603 - INFO: sortBy = KD_DIST ASC
2026-07-16 07:38:25.603 - INFO: searchValue = 
2026-07-16 07:38:25.603 - INFO: vbln_usulan = 
2026-07-16 07:38:25.603 - INFO: vkd_bank = 
2026-07-16 07:38:25.603 - INFO: vkd_dist = 
2026-07-16 07:38:33.443 - INFO: draw = 1
2026-07-16 07:38:33.444 - INFO: offset (startIndex) = 0
2026-07-16 07:38:33.444 - INFO: limit (length) = 10
2026-07-16 07:38:33.444 - INFO: sortBy = KD_DIST ASC
2026-07-16 07:38:33.444 - INFO: searchValue = 
2026-07-16 07:38:33.444 - INFO: vbln_usulan = 
2026-07-16 07:38:33.445 - INFO: vkd_bank = 
2026-07-16 07:38:33.445 - INFO: vkd_dist = 
2026-07-16 07:38:39.380 - INFO: draw = 1
2026-07-16 07:38:39.380 - INFO: offset (startIndex) = 0
2026-07-16 07:38:39.380 - INFO: limit (length) = 10
2026-07-16 07:38:39.381 - INFO: sortBy = KD_DIST ASC
2026-07-16 07:38:39.381 - INFO: searchValue = 
2026-07-16 07:38:39.381 - INFO: vbln_usulan = 
2026-07-16 07:38:39.381 - INFO: vkd_bank = 
2026-07-16 07:38:39.381 - INFO: vkd_dist = 
2026-07-16 07:39:27.791 - INFO: draw = 1
2026-07-16 07:39:27.791 - INFO: offset (startIndex) = 0
2026-07-16 07:39:27.791 - INFO: limit (length) = 10
2026-07-16 07:39:27.791 - INFO: sortBy = KD_DIST ASC
2026-07-16 07:39:27.791 - INFO: searchValue = 
2026-07-16 07:39:27.792 - INFO: vbln_usulan = 
2026-07-16 07:39:27.792 - INFO: vkd_bank = 
2026-07-16 07:39:27.792 - INFO: vkd_dist = 
2026-07-16 07:39:29.743 - INFO: draw = 1
2026-07-16 07:39:29.744 - INFO: offset (startIndex) = 0
2026-07-16 07:39:29.744 - INFO: limit (length) = 10
2026-07-16 07:39:29.744 - INFO: sortBy = KD_DIST ASC
2026-07-16 07:39:29.744 - INFO: searchValue = 
2026-07-16 07:39:29.744 - INFO: vbln_usulan = 
2026-07-16 07:39:29.744 - INFO: vkd_bank = 
2026-07-16 07:39:29.744 - INFO: vkd_dist = 
2026-07-16 07:39:36.744 - INFO: draw = 2
2026-07-16 07:39:36.745 - INFO: offset (startIndex) = 0
2026-07-16 07:39:36.745 - INFO: limit (length) = 10
2026-07-16 07:39:36.745 - INFO: sortBy = KD_DIST ASC
2026-07-16 07:39:36.745 - INFO: searchValue = 
2026-07-16 07:39:36.745 - INFO: vbln_usulan = 202607
2026-07-16 07:39:36.745 - INFO: vkd_bank = 200
2026-07-16 07:39:36.745 - INFO: vkd_dist = 43
2026-07-16 07:39:41.202 - INFO: draw = 3
2026-07-16 07:39:41.202 - INFO: offset (startIndex) = 0
2026-07-16 07:39:41.202 - INFO: limit (length) = 10
2026-07-16 07:39:41.202 - INFO: sortBy = KD_DIST ASC
2026-07-16 07:39:41.202 - INFO: searchValue = 
2026-07-16 07:39:41.202 - INFO: vbln_usulan = 202607
2026-07-16 07:39:41.202 - INFO: vkd_bank = 200
2026-07-16 07:39:41.202 - INFO: vkd_dist = 11
2026-07-16 09:23:54.427 - INFO: draw = 1
2026-07-16 09:23:54.427 - INFO: offset (startIndex) = 0
2026-07-16 09:23:54.427 - INFO: limit (length) = 10
2026-07-16 09:23:54.428 - INFO: sortBy = KD_DIST ASC
2026-07-16 09:23:54.428 - INFO: searchValue = 
2026-07-16 09:23:54.428 - INFO: vbln_usulan = 
2026-07-16 09:23:54.428 - INFO: vkd_bank = 
2026-07-16 09:23:54.428 - INFO: vkd_dist = 
2026-07-16 09:23:55.734 - INFO: draw = 1
2026-07-16 09:23:55.735 - INFO: offset (startIndex) = 0
2026-07-16 09:23:55.735 - INFO: limit (length) = 10
2026-07-16 09:23:55.735 - INFO: sortBy = KD_DIST ASC
2026-07-16 09:23:55.735 - INFO: searchValue = 
2026-07-16 09:23:55.735 - INFO: vbln_usulan = 
2026-07-16 09:23:55.735 - INFO: vkd_bank = 
2026-07-16 09:23:55.735 - INFO: vkd_dist = 
2026-07-16 10:13:13.896 - INFO: draw = 1
2026-07-16 10:13:13.896 - INFO: offset (startIndex) = 0
2026-07-16 10:13:13.896 - INFO: limit (length) = 10
2026-07-16 10:13:13.896 - INFO: sortBy = KD_DIST ASC
2026-07-16 10:13:13.898 - INFO: searchValue = 
2026-07-16 10:13:13.898 - INFO: vbln_usulan = 
2026-07-16 10:13:13.898 - INFO: vkd_bank = 
2026-07-16 10:13:13.898 - INFO: vkd_dist = 
2026-07-16 10:18:26.526 - INFO: draw = 1
2026-07-16 10:18:26.527 - INFO: offset (startIndex) = 0
2026-07-16 10:18:26.528 - INFO: limit (length) = 10
2026-07-16 10:18:26.528 - INFO: sortBy = KD_DIST ASC
2026-07-16 10:18:26.528 - INFO: searchValue = 
2026-07-16 10:18:26.528 - INFO: vbln_usulan = 
2026-07-16 10:18:26.528 - INFO: vkd_bank = 
2026-07-16 10:18:26.528 - INFO: vkd_dist = 
2026-07-16 10:18:34.737 - INFO: draw = 2
2026-07-16 10:18:34.738 - INFO: offset (startIndex) = 0
2026-07-16 10:18:34.738 - INFO: limit (length) = 10
2026-07-16 10:18:34.738 - INFO: sortBy = KD_DIST ASC
2026-07-16 10:18:34.738 - INFO: searchValue = 
2026-07-16 10:18:34.739 - INFO: vbln_usulan = 202607
2026-07-16 10:18:34.739 - INFO: vkd_bank = 200
2026-07-16 10:18:34.739 - INFO: vkd_dist = 31
2026-07-16 10:18:51.982 - INFO: draw = 3
2026-07-16 10:18:51.982 - INFO: offset (startIndex) = 0
2026-07-16 10:18:51.982 - INFO: limit (length) = 10
2026-07-16 10:18:51.982 - INFO: sortBy = KD_DIST ASC
2026-07-16 10:18:51.982 - INFO: searchValue = 
2026-07-16 10:18:51.982 - INFO: vbln_usulan = 202607
2026-07-16 10:18:51.982 - INFO: vkd_bank = 200
2026-07-16 10:18:51.982 - INFO: vkd_dist = 31
2026-07-16 13:05:35.783 - INFO: draw = 4
2026-07-16 13:05:35.787 - INFO: offset (startIndex) = 0
2026-07-16 13:05:35.788 - INFO: limit (length) = 10
2026-07-16 13:05:35.788 - INFO: sortBy = KD_DIST ASC
2026-07-16 13:05:35.788 - INFO: searchValue = 
2026-07-16 13:05:35.788 - INFO: vbln_usulan = 202607
2026-07-16 13:05:35.788 - INFO: vkd_bank = 200
2026-07-16 13:05:35.788 - INFO: vkd_dist = 31
2026-07-16 13:15:48.569 - INFO: draw = 5
2026-07-16 13:15:48.570 - INFO: offset (startIndex) = 0
2026-07-16 13:15:48.570 - INFO: limit (length) = 10
2026-07-16 13:15:48.570 - INFO: sortBy = KD_DIST ASC
2026-07-16 13:15:48.570 - INFO: searchValue = 
2026-07-16 13:15:48.570 - INFO: vbln_usulan = 202607
2026-07-16 13:15:48.570 - INFO: vkd_bank = 200
2026-07-16 13:15:48.570 - INFO: vkd_dist = 31
2026-07-16 13:20:24.742 - INFO: draw = 6
2026-07-16 13:20:24.742 - INFO: offset (startIndex) = 0
2026-07-16 13:20:24.742 - INFO: limit (length) = 10
2026-07-16 13:20:24.742 - INFO: sortBy = KD_DIST ASC
2026-07-16 13:20:24.742 - INFO: searchValue = 
2026-07-16 13:20:24.742 - INFO: vbln_usulan = 202607
2026-07-16 13:20:24.742 - INFO: vkd_bank = 200
2026-07-16 13:20:24.742 - INFO: vkd_dist = 31
2026-07-16 13:20:31.333 - INFO: draw = 7
2026-07-16 13:20:31.334 - INFO: offset (startIndex) = 0
2026-07-16 13:20:31.334 - INFO: limit (length) = 25
2026-07-16 13:20:31.334 - INFO: sortBy = KD_DIST ASC
2026-07-16 13:20:31.334 - INFO: searchValue = 
2026-07-16 13:20:31.334 - INFO: vbln_usulan = 202607
2026-07-16 13:20:31.334 - INFO: vkd_bank = 200
2026-07-16 13:20:31.334 - INFO: vkd_dist = 31
2026-07-16 13:21:12.818 - INFO: draw = 1
2026-07-16 13:21:12.818 - INFO: offset (startIndex) = 0
2026-07-16 13:21:12.818 - INFO: limit (length) = 1000
2026-07-16 13:21:12.818 - INFO: sortBy = KD_DIST asc
2026-07-16 13:21:12.818 - INFO: searchValue = 
2026-07-16 13:21:12.818 - INFO: vbln_usulan = 202607
2026-07-16 13:21:12.818 - INFO: vkd_bank = 200
2026-07-16 13:21:12.818 - INFO: vkd_dist = 31
2026-07-16 14:03:11.529 - INFO: draw = 1
2026-07-16 14:03:11.529 - INFO: offset (startIndex) = 0
2026-07-16 14:03:11.529 - INFO: limit (length) = 10
2026-07-16 14:03:11.529 - INFO: sortBy = KD_DIST ASC
2026-07-16 14:03:11.529 - INFO: searchValue = 
2026-07-16 14:03:11.529 - INFO: vbln_usulan = 
2026-07-16 14:03:11.529 - INFO: vkd_bank = 
2026-07-16 14:03:11.529 - INFO: vkd_dist = 
2026-07-16 14:03:13.517 - INFO: draw = 2
2026-07-16 14:03:13.517 - INFO: offset (startIndex) = 0
2026-07-16 14:03:13.517 - INFO: limit (length) = 10
2026-07-16 14:03:13.517 - INFO: sortBy = KD_DIST ASC
2026-07-16 14:03:13.517 - INFO: searchValue = 
2026-07-16 14:03:13.517 - INFO: vbln_usulan = 202607
2026-07-16 14:03:13.517 - INFO: vkd_bank = 200
2026-07-16 14:03:13.517 - INFO: vkd_dist = 31
2026-07-16 14:03:20.303 - INFO: draw = 3
2026-07-16 14:03:20.304 - INFO: offset (startIndex) = 0
2026-07-16 14:03:20.304 - INFO: limit (length) = 10
2026-07-16 14:03:20.304 - INFO: sortBy = KD_DIST ASC
2026-07-16 14:03:20.304 - INFO: searchValue = 
2026-07-16 14:03:20.304 - INFO: vbln_usulan = 202607
2026-07-16 14:03:20.304 - INFO: vkd_bank = 200
2026-07-16 14:03:20.304 - INFO: vkd_dist = 43
2026-07-16 14:03:41.304 - INFO: draw = 4
2026-07-16 14:03:41.304 - INFO: offset (startIndex) = 0
2026-07-16 14:03:41.304 - INFO: limit (length) = 10
2026-07-16 14:03:41.304 - INFO: sortBy = KD_DIST ASC
2026-07-16 14:03:41.304 - INFO: searchValue = 
2026-07-16 14:03:41.304 - INFO: vbln_usulan = 202607
2026-07-16 14:03:41.305 - INFO: vkd_bank = 111
2026-07-16 14:03:41.305 - INFO: vkd_dist = 54
2026-07-16 14:04:01.507 - INFO: draw = 1
2026-07-16 14:04:01.507 - INFO: offset (startIndex) = 0
2026-07-16 14:04:01.507 - INFO: limit (length) = 10
2026-07-16 14:04:01.507 - INFO: sortBy = KD_DIST ASC
2026-07-16 14:04:01.508 - INFO: searchValue = 
2026-07-16 14:04:01.508 - INFO: vbln_usulan = 
2026-07-16 14:04:01.508 - INFO: vkd_bank = 
2026-07-16 14:04:01.508 - INFO: vkd_dist = 
2026-07-16 14:04:05.064 - INFO: draw = 2
2026-07-16 14:04:05.065 - INFO: offset (startIndex) = 0
2026-07-16 14:04:05.065 - INFO: limit (length) = 10
2026-07-16 14:04:05.065 - INFO: sortBy = KD_DIST ASC
2026-07-16 14:04:05.065 - INFO: searchValue = 
2026-07-16 14:04:05.065 - INFO: vbln_usulan = 202607
2026-07-16 14:04:05.065 - INFO: vkd_bank = 200
2026-07-16 14:04:05.065 - INFO: vkd_dist = 11
2026-07-16 14:04:16.819 - INFO: draw = 3
2026-07-16 14:04:16.819 - INFO: offset (startIndex) = 0
2026-07-16 14:04:16.819 - INFO: limit (length) = 10
2026-07-16 14:04:16.819 - INFO: sortBy = KD_DIST ASC
2026-07-16 14:04:16.819 - INFO: searchValue = 
2026-07-16 14:04:16.819 - INFO: vbln_usulan = 202607
2026-07-16 14:04:16.819 - INFO: vkd_bank = 200
2026-07-16 14:04:16.819 - INFO: vkd_dist = 43
2026-07-16 14:04:27.023 - INFO: draw = 4
2026-07-16 14:04:27.023 - INFO: offset (startIndex) = 0
2026-07-16 14:04:27.023 - INFO: limit (length) = 10
2026-07-16 14:04:27.023 - INFO: sortBy = KD_DIST ASC
2026-07-16 14:04:27.023 - INFO: searchValue = 
2026-07-16 14:04:27.023 - INFO: vbln_usulan = 202607
2026-07-16 14:04:27.023 - INFO: vkd_bank = 200
2026-07-16 14:04:27.023 - INFO: vkd_dist = 43
2026-07-16 14:04:34.214 - INFO: draw = 5
2026-07-16 14:04:34.214 - INFO: offset (startIndex) = 0
2026-07-16 14:04:34.214 - INFO: limit (length) = 10
2026-07-16 14:04:34.214 - INFO: sortBy = KD_DIST ASC
2026-07-16 14:04:34.215 - INFO: searchValue = 
2026-07-16 14:04:34.215 - INFO: vbln_usulan = 202607
2026-07-16 14:04:34.215 - INFO: vkd_bank = 111
2026-07-16 14:04:34.215 - INFO: vkd_dist = 56
2026-07-16 14:04:58.181 - INFO: draw = 6
2026-07-16 14:04:58.181 - INFO: offset (startIndex) = 0
2026-07-16 14:04:58.181 - INFO: limit (length) = 10
2026-07-16 14:04:58.181 - INFO: sortBy = KD_DIST ASC
2026-07-16 14:04:58.181 - INFO: searchValue = 
2026-07-16 14:04:58.181 - INFO: vbln_usulan = 202607
2026-07-16 14:04:58.182 - INFO: vkd_bank = 200
2026-07-16 14:04:58.182 - INFO: vkd_dist = 11
2026-07-16 14:09:44.038 - INFO: ? Memanggil service.getMasterBank()...
2026-07-16 14:09:44.567 - INFO: ? Berhasil ambil data bank. Jumlah data: 3
2026-07-16 14:09:44.672 - INFO: ? Berhasil ambil data UNITUPI, jumlah data: 28
2026-07-16 14:23:28.698 - INFO: ? Memanggil service.getMasterBank()...
