2025-10-27 06:53:31.147 - INFO: vbln_usulan: 202510
2025-10-27 06:53:31.149 - INFO: draw = 1
2025-10-27 06:53:31.150 - INFO: offset (startIndex) = 0
2025-10-27 06:53:31.151 - INFO: limit (length) = 10
2025-10-27 06:53:31.151 - INFO: sortBy = KD_DIST ASC
2025-10-27 06:53:31.151 - INFO: searchValue = 
2025-10-27 06:53:31.151 - INFO: vbln_usulan = 
2025-10-27 06:53:31.151 - INFO: vkd_bank = 
2025-10-27 06:53:31.151 - INFO: vkd_dist = 
2025-10-27 06:53:31.247 - INFO: draw = 2
2025-10-27 06:53:31.248 - INFO: offset (startIndex) = 0
2025-10-27 06:53:31.248 - INFO: limit (length) = 10
2025-10-27 06:53:31.248 - INFO: sortBy = KD_DIST ASC
2025-10-27 06:53:31.248 - INFO: searchValue = 
2025-10-27 06:53:31.248 - INFO: vbln_usulan = 
2025-10-27 06:53:31.248 - INFO: vkd_bank = 
2025-10-27 06:53:31.248 - INFO: vkd_dist = 
2025-10-27 06:53:55.760 - INFO: vbln_usulan: 202510
2025-10-27 06:53:58.075 - INFO: Jumlah data dikembalikan: 24
2025-10-27 06:54:02.009 - INFO: Jumlah data dikembalikan: 24
2025-10-27 06:54:52.965 - INFO: draw = 3
2025-10-27 06:54:52.966 - INFO: offset (startIndex) = 0
2025-10-27 06:54:52.966 - INFO: limit (length) = 10
2025-10-27 06:54:52.966 - INFO: sortBy = KD_DIST ASC
2025-10-27 06:54:52.966 - INFO: searchValue = 
2025-10-27 06:54:52.966 - INFO: vbln_usulan = 202510
2025-10-27 06:54:52.966 - INFO: vkd_bank = 111
2025-10-27 06:54:52.966 - INFO: vkd_dist = 00
2025-10-27 06:55:10.363 - INFO: draw = 1
2025-10-27 06:55:10.363 - INFO: offset (startIndex) = 0
2025-10-27 06:55:10.363 - INFO: limit (length) = 1000
2025-10-27 06:55:10.363 - INFO: sortBy = KD_DIST asc
2025-10-27 06:55:10.363 - INFO: searchValue = 
2025-10-27 06:55:10.363 - INFO: vbln_usulan = 202510
2025-10-27 06:55:10.363 - INFO: vkd_bank = 111
2025-10-27 06:55:10.363 - INFO: vkd_dist = 00
2025-10-27 06:55:14.592 - INFO: draw = 2
2025-10-27 06:55:14.595 - INFO: offset (startIndex) = 1000
2025-10-27 06:55:14.595 - INFO: limit (length) = 1000
2025-10-27 06:55:14.595 - INFO: sortBy = KD_DIST asc
2025-10-27 06:55:14.595 - INFO: searchValue = 
2025-10-27 06:55:14.595 - INFO: vbln_usulan = 202510
2025-10-27 06:55:14.595 - INFO: vkd_bank = 111
2025-10-27 06:55:14.595 - INFO: vkd_dist = 00
2025-10-27 06:55:18.753 - INFO: draw = 3
2025-10-27 06:55:18.753 - INFO: offset (startIndex) = 2000
2025-10-27 06:55:18.753 - INFO: limit (length) = 1000
2025-10-27 06:55:18.753 - INFO: sortBy = KD_DIST asc
2025-10-27 06:55:18.754 - INFO: searchValue = 
2025-10-27 06:55:18.754 - INFO: vbln_usulan = 202510
2025-10-27 06:55:18.754 - INFO: vkd_bank = 111
2025-10-27 06:55:18.754 - INFO: vkd_dist = 00
2025-10-27 06:55:22.913 - INFO: draw = 4
2025-10-27 06:55:22.913 - INFO: offset (startIndex) = 3000
2025-10-27 06:55:22.913 - INFO: limit (length) = 1000
2025-10-27 06:55:22.913 - INFO: sortBy = KD_DIST asc
2025-10-27 06:55:22.913 - INFO: searchValue = 
2025-10-27 06:55:22.913 - INFO: vbln_usulan = 202510
2025-10-27 06:55:22.913 - INFO: vkd_bank = 111
2025-10-27 06:55:22.913 - INFO: vkd_dist = 00
2025-10-27 06:55:26.338 - INFO: draw = 5
2025-10-27 06:55:26.339 - INFO: offset (startIndex) = 4000
2025-10-27 06:55:26.339 - INFO: limit (length) = 1000
2025-10-27 06:55:26.339 - INFO: sortBy = KD_DIST asc
2025-10-27 06:55:26.339 - INFO: searchValue = 
2025-10-27 06:55:26.339 - INFO: vbln_usulan = 202510
2025-10-27 06:55:26.339 - INFO: vkd_bank = 111
2025-10-27 06:55:26.339 - INFO: vkd_dist = 00
2025-10-27 06:55:29.730 - INFO: draw = 6
2025-10-27 06:55:29.730 - INFO: offset (startIndex) = 5000
2025-10-27 06:55:29.730 - INFO: limit (length) = 1000
2025-10-27 06:55:29.730 - INFO: sortBy = KD_DIST asc
2025-10-27 06:55:29.730 - INFO: searchValue = 
2025-10-27 06:55:29.730 - INFO: vbln_usulan = 202510
2025-10-27 06:55:29.730 - INFO: vkd_bank = 111
2025-10-27 06:55:29.730 - INFO: vkd_dist = 00
2025-10-27 06:55:33.736 - INFO: draw = 7
2025-10-27 06:55:33.736 - INFO: offset (startIndex) = 6000
2025-10-27 06:55:33.736 - INFO: limit (length) = 1000
2025-10-27 06:55:33.736 - INFO: sortBy = KD_DIST asc
2025-10-27 06:55:33.736 - INFO: searchValue = 
2025-10-27 06:55:33.738 - INFO: vbln_usulan = 202510
2025-10-27 06:55:33.738 - INFO: vkd_bank = 111
2025-10-27 06:55:33.738 - INFO: vkd_dist = 00
2025-10-27 06:55:37.971 - INFO: draw = 8
2025-10-27 06:55:37.971 - INFO: offset (startIndex) = 7000
2025-10-27 06:55:37.971 - INFO: limit (length) = 1000
2025-10-27 06:55:37.971 - INFO: sortBy = KD_DIST asc
2025-10-27 06:55:37.971 - INFO: searchValue = 
2025-10-27 06:55:37.972 - INFO: vbln_usulan = 202510
2025-10-27 06:55:37.972 - INFO: vkd_bank = 111
2025-10-27 06:55:37.972 - INFO: vkd_dist = 00
2025-10-27 06:55:41.925 - INFO: draw = 9
2025-10-27 06:55:41.925 - INFO: offset (startIndex) = 8000
2025-10-27 06:55:41.925 - INFO: limit (length) = 1000
2025-10-27 06:55:41.925 - INFO: sortBy = KD_DIST asc
2025-10-27 06:55:41.925 - INFO: searchValue = 
2025-10-27 06:55:41.925 - INFO: vbln_usulan = 202510
2025-10-27 06:55:41.925 - INFO: vkd_bank = 111
2025-10-27 06:55:41.925 - INFO: vkd_dist = 00
2025-10-27 06:55:46.061 - INFO: draw = 10
2025-10-27 06:55:46.061 - INFO: offset (startIndex) = 9000
2025-10-27 06:55:46.061 - INFO: limit (length) = 1000
2025-10-27 06:55:46.061 - INFO: sortBy = KD_DIST asc
2025-10-27 06:55:46.061 - INFO: searchValue = 
2025-10-27 06:55:46.061 - INFO: vbln_usulan = 202510
2025-10-27 06:55:46.061 - INFO: vkd_bank = 111
2025-10-27 06:55:46.061 - INFO: vkd_dist = 00
2025-10-27 06:55:49.982 - INFO: draw = 11
2025-10-27 06:55:49.982 - INFO: offset (startIndex) = 10000
2025-10-27 06:55:49.982 - INFO: limit (length) = 1000
2025-10-27 06:55:49.982 - INFO: sortBy = KD_DIST asc
2025-10-27 06:55:49.982 - INFO: searchValue = 
2025-10-27 06:55:49.982 - INFO: vbln_usulan = 202510
2025-10-27 06:55:49.982 - INFO: vkd_bank = 111
2025-10-27 06:55:49.982 - INFO: vkd_dist = 00
2025-10-27 06:55:53.423 - INFO: draw = 12
2025-10-27 06:55:53.423 - INFO: offset (startIndex) = 11000
2025-10-27 06:55:53.423 - INFO: limit (length) = 1000
2025-10-27 06:55:53.423 - INFO: sortBy = KD_DIST asc
2025-10-27 06:55:53.423 - INFO: searchValue = 
2025-10-27 06:55:53.423 - INFO: vbln_usulan = 202510
2025-10-27 06:55:53.423 - INFO: vkd_bank = 111
2025-10-27 06:55:53.423 - INFO: vkd_dist = 00
2025-10-27 06:55:57.568 - INFO: draw = 13
2025-10-27 06:55:57.569 - INFO: offset (startIndex) = 12000
2025-10-27 06:55:57.569 - INFO: limit (length) = 1000
2025-10-27 06:55:57.569 - INFO: sortBy = KD_DIST asc
2025-10-27 06:55:57.569 - INFO: searchValue = 
2025-10-27 06:55:57.569 - INFO: vbln_usulan = 202510
2025-10-27 06:55:57.569 - INFO: vkd_bank = 111
2025-10-27 06:55:57.569 - INFO: vkd_dist = 00
2025-10-27 06:56:01.638 - INFO: draw = 14
2025-10-27 06:56:01.638 - INFO: offset (startIndex) = 13000
2025-10-27 06:56:01.638 - INFO: limit (length) = 1000
2025-10-27 06:56:01.638 - INFO: sortBy = KD_DIST asc
2025-10-27 06:56:01.638 - INFO: searchValue = 
2025-10-27 06:56:01.638 - INFO: vbln_usulan = 202510
2025-10-27 06:56:01.638 - INFO: vkd_bank = 111
2025-10-27 06:56:01.638 - INFO: vkd_dist = 00
2025-10-27 06:56:05.075 - INFO: draw = 15
2025-10-27 06:56:05.075 - INFO: offset (startIndex) = 14000
2025-10-27 06:56:05.075 - INFO: limit (length) = 1000
2025-10-27 06:56:05.075 - INFO: sortBy = KD_DIST asc
2025-10-27 06:56:05.075 - INFO: searchValue = 
2025-10-27 06:56:05.075 - INFO: vbln_usulan = 202510
2025-10-27 06:56:05.075 - INFO: vkd_bank = 111
2025-10-27 06:56:05.075 - INFO: vkd_dist = 00
2025-10-27 06:56:09.155 - INFO: draw = 16
2025-10-27 06:56:09.155 - INFO: offset (startIndex) = 15000
2025-10-27 06:56:09.155 - INFO: limit (length) = 1000
2025-10-27 06:56:09.155 - INFO: sortBy = KD_DIST asc
2025-10-27 06:56:09.155 - INFO: searchValue = 
2025-10-27 06:56:09.155 - INFO: vbln_usulan = 202510
2025-10-27 06:56:09.155 - INFO: vkd_bank = 111
2025-10-27 06:56:09.155 - INFO: vkd_dist = 00
2025-10-27 06:56:12.475 - INFO: draw = 17
2025-10-27 06:56:12.475 - INFO: offset (startIndex) = 16000
2025-10-27 06:56:12.475 - INFO: limit (length) = 1000
2025-10-27 06:56:12.475 - INFO: sortBy = KD_DIST asc
2025-10-27 06:56:12.475 - INFO: searchValue = 
2025-10-27 06:56:12.475 - INFO: vbln_usulan = 202510
2025-10-27 06:56:12.475 - INFO: vkd_bank = 111
2025-10-27 06:56:12.475 - INFO: vkd_dist = 00
2025-10-27 06:56:15.878 - INFO: draw = 18
2025-10-27 06:56:15.878 - INFO: offset (startIndex) = 17000
2025-10-27 06:56:15.878 - INFO: limit (length) = 1000
2025-10-27 06:56:15.878 - INFO: sortBy = KD_DIST asc
2025-10-27 06:56:15.878 - INFO: searchValue = 
2025-10-27 06:56:15.878 - INFO: vbln_usulan = 202510
2025-10-27 06:56:15.878 - INFO: vkd_bank = 111
2025-10-27 06:56:15.878 - INFO: vkd_dist = 00
2025-10-27 06:56:19.890 - INFO: draw = 19
2025-10-27 06:56:19.890 - INFO: offset (startIndex) = 18000
2025-10-27 06:56:19.890 - INFO: limit (length) = 1000
2025-10-27 06:56:19.890 - INFO: sortBy = KD_DIST asc
2025-10-27 06:56:19.890 - INFO: searchValue = 
2025-10-27 06:56:19.890 - INFO: vbln_usulan = 202510
2025-10-27 06:56:19.890 - INFO: vkd_bank = 111
2025-10-27 06:56:19.890 - INFO: vkd_dist = 00
2025-10-27 06:56:23.869 - INFO: draw = 20
2025-10-27 06:56:23.869 - INFO: offset (startIndex) = 19000
2025-10-27 06:56:23.869 - INFO: limit (length) = 1000
2025-10-27 06:56:23.869 - INFO: sortBy = KD_DIST asc
2025-10-27 06:56:23.869 - INFO: searchValue = 
2025-10-27 06:56:23.869 - INFO: vbln_usulan = 202510
2025-10-27 06:56:23.869 - INFO: vkd_bank = 111
2025-10-27 06:56:23.869 - INFO: vkd_dist = 00
2025-10-27 06:56:27.840 - INFO: draw = 21
2025-10-27 06:56:27.841 - INFO: offset (startIndex) = 20000
2025-10-27 06:56:27.841 - INFO: limit (length) = 1000
2025-10-27 06:56:27.841 - INFO: sortBy = KD_DIST asc
2025-10-27 06:56:27.841 - INFO: searchValue = 
2025-10-27 06:56:27.841 - INFO: vbln_usulan = 202510
2025-10-27 06:56:27.841 - INFO: vkd_bank = 111
2025-10-27 06:56:27.841 - INFO: vkd_dist = 00
2025-10-27 06:56:31.320 - INFO: draw = 22
2025-10-27 06:56:31.320 - INFO: offset (startIndex) = 21000
2025-10-27 06:56:31.320 - INFO: limit (length) = 1000
2025-10-27 06:56:31.320 - INFO: sortBy = KD_DIST asc
2025-10-27 06:56:31.320 - INFO: searchValue = 
2025-10-27 06:56:31.320 - INFO: vbln_usulan = 202510
2025-10-27 06:56:31.320 - INFO: vkd_bank = 111
2025-10-27 06:56:31.320 - INFO: vkd_dist = 00
2025-10-27 06:56:34.732 - INFO: draw = 23
2025-10-27 06:56:34.733 - INFO: offset (startIndex) = 22000
2025-10-27 06:56:34.733 - INFO: limit (length) = 1000
2025-10-27 06:56:34.733 - INFO: sortBy = KD_DIST asc
2025-10-27 06:56:34.733 - INFO: searchValue = 
2025-10-27 06:56:34.733 - INFO: vbln_usulan = 202510
2025-10-27 06:56:34.733 - INFO: vkd_bank = 111
2025-10-27 06:56:34.733 - INFO: vkd_dist = 00
2025-10-27 06:56:38.139 - INFO: draw = 24
2025-10-27 06:56:38.139 - INFO: offset (startIndex) = 23000
2025-10-27 06:56:38.139 - INFO: limit (length) = 1000
2025-10-27 06:56:38.139 - INFO: sortBy = KD_DIST asc
2025-10-27 06:56:38.139 - INFO: searchValue = 
2025-10-27 06:56:38.139 - INFO: vbln_usulan = 202510
2025-10-27 06:56:38.139 - INFO: vkd_bank = 111
2025-10-27 06:56:38.139 - INFO: vkd_dist = 00
2025-10-27 06:56:42.126 - INFO: draw = 25
2025-10-27 06:56:42.127 - INFO: offset (startIndex) = 24000
2025-10-27 06:56:42.127 - INFO: limit (length) = 1000
2025-10-27 06:56:42.127 - INFO: sortBy = KD_DIST asc
2025-10-27 06:56:42.127 - INFO: searchValue = 
2025-10-27 06:56:42.127 - INFO: vbln_usulan = 202510
2025-10-27 06:56:42.127 - INFO: vkd_bank = 111
2025-10-27 06:56:42.127 - INFO: vkd_dist = 00
2025-10-27 06:56:45.438 - INFO: draw = 26
2025-10-27 06:56:45.438 - INFO: offset (startIndex) = 25000
2025-10-27 06:56:45.438 - INFO: limit (length) = 1000
2025-10-27 06:56:45.438 - INFO: sortBy = KD_DIST asc
2025-10-27 06:56:45.438 - INFO: searchValue = 
2025-10-27 06:56:45.438 - INFO: vbln_usulan = 202510
2025-10-27 06:56:45.438 - INFO: vkd_bank = 111
2025-10-27 06:56:45.438 - INFO: vkd_dist = 00
2025-10-27 06:56:49.358 - INFO: draw = 27
2025-10-27 06:56:49.358 - INFO: offset (startIndex) = 26000
2025-10-27 06:56:49.358 - INFO: limit (length) = 1000
2025-10-27 06:56:49.358 - INFO: sortBy = KD_DIST asc
2025-10-27 06:56:49.358 - INFO: searchValue = 
2025-10-27 06:56:49.358 - INFO: vbln_usulan = 202510
2025-10-27 06:56:49.358 - INFO: vkd_bank = 111
2025-10-27 06:56:49.358 - INFO: vkd_dist = 00
2025-10-27 06:56:53.322 - INFO: draw = 28
2025-10-27 06:56:53.323 - INFO: offset (startIndex) = 27000
2025-10-27 06:56:53.323 - INFO: limit (length) = 1000
2025-10-27 06:56:53.323 - INFO: sortBy = KD_DIST asc
2025-10-27 06:56:53.323 - INFO: searchValue = 
2025-10-27 06:56:53.323 - INFO: vbln_usulan = 202510
2025-10-27 06:56:53.323 - INFO: vkd_bank = 111
2025-10-27 06:56:53.323 - INFO: vkd_dist = 00
