2025-11-18 06:25:45.426 - INFO: ? Memanggil service.getMasterBank()...
2025-11-18 06:25:45.571 - INFO: ? Berhasil ambil data bank. Jumlah data: 6
2025-11-18 06:25:45.595 - INFO: ? Berhasil ambil data UNITUPI, jumlah data: 22
2025-11-18 06:44:35.826 - INFO: ? Memanggil service.getMasterBank()...
2025-11-18 06:44:35.996 - INFO: ? Berhasil ambil data bank. Jumlah data: 6
2025-11-18 06:44:36.021 - INFO: ? Berhasil ambil data UNITUPI, jumlah data: 22
2025-11-18 07:18:39.485 - INFO: ? Memanggil service.getMasterBank()...
2025-11-18 07:18:39.649 - INFO: ? Berhasil ambil data bank. Jumlah data: 6
2025-11-18 07:18:39.674 - INFO: ? Berhasil ambil data UNITUPI, jumlah data: 22
2025-11-18 07:19:28.264 - INFO: ? Memanggil service.getMasterBank()...
2025-11-18 07:19:28.402 - INFO: ? Berhasil ambil data bank. Jumlah data: 6
2025-11-18 07:19:28.462 - INFO: ? Berhasil ambil data UNITUPI, jumlah data: 22
2025-11-18 07:25:20.264 - INFO: ? Memanggil service.getMasterBank()...
2025-11-18 07:25:20.394 - INFO: ? Berhasil ambil data bank. Jumlah data: 6
2025-11-18 07:25:20.411 - INFO: ? Berhasil ambil data UNITUPI, jumlah data: 22
2025-11-18 07:25:29.868 - INFO: ? Memanggil service.getMasterBank()...
2025-11-18 07:25:29.990 - INFO: ? Berhasil ambil data bank. Jumlah data: 6
2025-11-18 07:25:29.994 - INFO: ? Berhasil ambil data UNITUPI, jumlah data: 22
2025-11-18 07:30:11.755 - INFO: ? Memanggil service.getMasterBank()...
2025-11-18 07:30:11.910 - INFO: ? Berhasil ambil data bank. Jumlah data: 6
2025-11-18 07:30:11.934 - INFO: ? Berhasil ambil data UNITUPI, jumlah data: 22
2025-11-18 07:41:01.812 - INFO: draw = 1
2025-11-18 07:41:01.812 - INFO: offset (startIndex) = 0
2025-11-18 07:41:01.812 - INFO: limit (length) = 10
2025-11-18 07:41:01.812 - INFO: sortBy = KD_DIST ASC
2025-11-18 07:41:01.812 - INFO: searchValue = 
2025-11-18 07:41:01.812 - INFO: vbln_usulan = 
2025-11-18 07:41:01.812 - INFO: vkd_bank = 
2025-11-18 07:41:01.812 - INFO: vkd_dist = 
2025-11-18 07:54:38.307 - INFO: ? Memanggil service.getMasterBank()...
2025-11-18 07:54:38.586 - INFO: ? Berhasil ambil data bank. Jumlah data: 6
2025-11-18 07:54:38.632 - INFO: ? Berhasil ambil data UNITUPI, jumlah data: 22
2025-11-18 08:00:38.890 - INFO: ? Memanggil service.getMasterBank()...
2025-11-18 08:00:39.126 - INFO: ? Berhasil ambil data bank. Jumlah data: 6
2025-11-18 08:00:39.136 - INFO: ? Berhasil ambil data UNITUPI, jumlah data: 22
2025-11-18 09:35:14.055 - INFO: ? Memanggil service.getMasterBank()...
2025-11-18 09:35:14.267 - INFO: ? Berhasil ambil data bank. Jumlah data: 6
2025-11-18 09:35:14.325 - INFO: ? Berhasil ambil data UNITUPI, jumlah data: 22
2025-11-18 09:47:34.198 - INFO: ? Memanggil service.getMasterBank()...
2025-11-18 09:47:34.343 - INFO: ? Berhasil ambil data bank. Jumlah data: 6
2025-11-18 09:47:34.368 - INFO: ? Berhasil ambil data UNITUPI, jumlah data: 22
2025-11-18 09:55:00.245 - INFO: ? Memanggil service.getMasterBank()...
2025-11-18 09:55:00.419 - INFO: ? Berhasil ambil data bank. Jumlah data: 6
2025-11-18 09:55:00.436 - INFO: ? Berhasil ambil data UNITUPI, jumlah data: 22
2025-11-18 10:07:27.242 - INFO: ? Memanggil service.getMasterBank()...
2025-11-18 10:07:27.681 - INFO: ? Berhasil ambil data bank. Jumlah data: 6
2025-11-18 10:07:27.750 - INFO: ? Berhasil ambil data UNITUPI, jumlah data: 22
2025-11-18 10:10:10.570 - INFO: ? Memanggil service.getMasterBank()...
2025-11-18 10:10:10.712 - INFO: ? Berhasil ambil data bank. Jumlah data: 6
2025-11-18 10:10:10.742 - INFO: ? Berhasil ambil data UNITUPI, jumlah data: 22
2025-11-18 10:14:06.668 - INFO: ? Memanggil service.getMasterBank()...
2025-11-18 10:14:06.843 - INFO: ? Berhasil ambil data bank. Jumlah data: 6
2025-11-18 10:14:06.892 - INFO: ? Berhasil ambil data UNITUPI, jumlah data: 22
2025-11-18 10:19:36.143 - INFO: ? Memanggil service.getMasterBank()...
2025-11-18 10:19:36.424 - INFO: ? Berhasil ambil data bank. Jumlah data: 6
2025-11-18 10:19:36.497 - INFO: ? Berhasil ambil data UNITUPI, jumlah data: 22
2025-11-18 10:22:48.265 - INFO: ? Memanggil service.getMasterBank()...
2025-11-18 10:22:48.533 - INFO: ? Berhasil ambil data bank. Jumlah data: 6
2025-11-18 10:22:48.558 - INFO: ? Berhasil ambil data UNITUPI, jumlah data: 22
2025-11-18 10:24:25.627 - INFO: ? Memanggil service.getMasterBank()...
2025-11-18 10:24:25.759 - INFO: ? Berhasil ambil data bank. Jumlah data: 6
2025-11-18 10:24:25.783 - INFO: ? Berhasil ambil data UNITUPI, jumlah data: 22
2025-11-18 10:25:50.265 - INFO: ? Memanggil service.getMasterBank()...
2025-11-18 10:25:50.511 - INFO: ? Berhasil ambil data bank. Jumlah data: 6
2025-11-18 10:25:50.562 - INFO: ? Berhasil ambil data UNITUPI, jumlah data: 22
2025-11-18 10:26:57.930 - INFO: ? Memanggil service.getMasterBank()...
2025-11-18 10:26:58.074 - INFO: ? Berhasil ambil data bank. Jumlah data: 6
2025-11-18 10:26:58.094 - INFO: ? Berhasil ambil data UNITUPI, jumlah data: 22
