2025-11-17 10:36:09.047 - INFO: draw = 1
2025-11-17 10:36:09.047 - INFO: offset (startIndex) = 0
2025-11-17 10:36:09.048 - INFO: limit (length) = 10
2025-11-17 10:36:09.048 - INFO: sortBy = KD_DIST ASC
2025-11-17 10:36:09.048 - INFO: searchValue = 
2025-11-17 10:36:09.048 - INFO: vbln_usulan = 
2025-11-17 10:36:09.048 - INFO: vkd_bank = 
2025-11-17 10:36:09.048 - INFO: vkd_dist = 
2025-11-17 10:36:10.947 - INFO: vbln_usulan: 202511
2025-11-17 10:36:10.948 - INFO: vbln_usulan: 202511
2025-11-17 10:36:20.567 - INFO: Jumlah data dikembalikan: 23
2025-11-17 10:36:20.581 - INFO: Jumlah data dikembalikan: 23
2025-11-17 10:38:05.421 - INFO: vbln_usulan: 202510
2025-11-17 10:38:05.421 - INFO: vbln_usulan: 202510
2025-11-17 10:38:16.712 - INFO: Jumlah data dikembalikan: 24
2025-11-17 10:38:16.807 - INFO: Jumlah data dikembalikan: 24
2025-11-17 10:38:47.846 - INFO: vbln_usulan: 202511
2025-11-17 10:38:47.846 - INFO: vbln_usulan: 202511
2025-11-17 10:38:52.842 - INFO: Jumlah data dikembalikan: 23
2025-11-17 10:38:53.532 - INFO: Jumlah data dikembalikan: 23
2025-11-17 13:07:28.491 - INFO: === [START] Mon02StrukMivBankPdfListController.doGet ===
2025-11-17 13:07:28.647 - INFO: Jumlah file ditemukan: 8
2025-11-17 13:07:28.647 - INFO: === [END] Mon02StrukMivBankPdfListController.doGet ===
2025-11-17 13:22:42.375 - INFO: ? Memanggil service.getMasterBank()...
2025-11-17 13:22:42.849 - INFO: ? Berhasil ambil data bank. Jumlah data: 6
2025-11-17 13:22:42.856 - INFO: ? Berhasil ambil data UNITUPI, jumlah data: 22
2025-11-17 13:25:07.520 - INFO: ? Memanggil service.getMasterBank()...
2025-11-17 13:25:07.638 - INFO: ? Berhasil ambil data bank. Jumlah data: 6
2025-11-17 13:25:07.646 - INFO: ? Berhasil ambil data UNITUPI, jumlah data: 22
2025-11-17 13:29:20.953 - INFO: ? Memanggil service.getMasterBank()...
2025-11-17 13:29:21.346 - INFO: ? Berhasil ambil data bank. Jumlah data: 6
2025-11-17 13:29:21.346 - INFO: ? Berhasil ambil data UNITUPI, jumlah data: 22
2025-11-17 13:31:07.501 - INFO: ? Memanggil service.getMasterBank()...
2025-11-17 13:31:07.882 - INFO: ? Berhasil ambil data bank. Jumlah data: 6
2025-11-17 13:31:07.940 - INFO: ? Berhasil ambil data UNITUPI, jumlah data: 22
2025-11-17 13:34:37.920 - INFO: ? Memanggil service.getMasterBank()...
2025-11-17 13:34:38.269 - INFO: ? Berhasil ambil data bank. Jumlah data: 6
2025-11-17 13:34:38.299 - INFO: ? Berhasil ambil data UNITUPI, jumlah data: 22
2025-11-17 13:42:50.678 - INFO: ? Memanggil service.getMasterBank()...
2025-11-17 13:42:51.424 - INFO: ? Berhasil ambil data bank. Jumlah data: 6
2025-11-17 13:42:51.442 - INFO: ? Berhasil ambil data UNITUPI, jumlah data: 22
2025-11-17 13:44:47.431 - INFO: ? Memanggil service.getMasterBank()...
2025-11-17 13:44:47.787 - INFO: ? Berhasil ambil data bank. Jumlah data: 6
2025-11-17 13:44:47.853 - INFO: ? Berhasil ambil data UNITUPI, jumlah data: 22
2025-11-17 13:47:02.156 - INFO: ? Memanggil service.getMasterBank()...
2025-11-17 13:47:03.569 - INFO: ? Berhasil ambil data bank. Jumlah data: 6
2025-11-17 13:47:03.920 - INFO: ? Berhasil ambil data UNITUPI, jumlah data: 22
2025-11-17 13:48:42.683 - INFO: ? Memanggil service.getMasterBank()...
2025-11-17 13:48:42.911 - INFO: ? Berhasil ambil data UNITUPI, jumlah data: 22
2025-11-17 13:48:42.921 - INFO: ? Berhasil ambil data bank. Jumlah data: 6
2025-11-17 13:48:55.079 - INFO: ? Memanggil service.getMasterBank()...
2025-11-17 13:48:55.304 - INFO: ? Berhasil ambil data bank. Jumlah data: 6
2025-11-17 13:48:55.325 - INFO: ? Berhasil ambil data UNITUPI, jumlah data: 22
2025-11-17 13:52:24.506 - INFO: ? Memanggil service.getMasterBank()...
2025-11-17 13:52:24.707 - INFO: ? Berhasil ambil data bank. Jumlah data: 6
2025-11-17 13:52:24.732 - INFO: ? Berhasil ambil data UNITUPI, jumlah data: 22
2025-11-17 13:54:40.354 - INFO: ? Memanggil service.getMasterBank()...
2025-11-17 13:54:43.382 - INFO: ? Berhasil ambil data bank. Jumlah data: 6
2025-11-17 13:54:43.443 - INFO: ? Berhasil ambil data UNITUPI, jumlah data: 22
2025-11-17 13:55:51.499 - INFO: ? Memanggil service.getMasterBank()...
2025-11-17 13:55:52.480 - INFO: ? Berhasil ambil data bank. Jumlah data: 6
2025-11-17 13:55:52.569 - INFO: ? Berhasil ambil data UNITUPI, jumlah data: 22
2025-11-17 14:07:47.948 - INFO: ? Memanggil service.getMasterBank()...
2025-11-17 14:07:50.109 - INFO: ? Berhasil ambil data bank. Jumlah data: 6
2025-11-17 14:07:50.132 - INFO: ? Berhasil ambil data UNITUPI, jumlah data: 22
2025-11-17 14:21:31.822 - INFO: ? Memanggil service.getMasterBank()...
2025-11-17 14:21:33.687 - INFO: ? Berhasil ambil data bank. Jumlah data: 6
2025-11-17 14:21:34.438 - INFO: ? Berhasil ambil data UNITUPI, jumlah data: 22
2025-11-17 14:24:37.613 - INFO: ? Memanggil service.getMasterBank()...
2025-11-17 14:24:38.177 - INFO: ? Berhasil ambil data bank. Jumlah data: 6
2025-11-17 14:24:38.216 - INFO: ? Berhasil ambil data UNITUPI, jumlah data: 22
2025-11-17 14:26:10.018 - INFO: ? Memanggil service.getMasterBank()...
2025-11-17 14:26:10.201 - INFO: ? Berhasil ambil data bank. Jumlah data: 6
2025-11-17 14:26:10.215 - INFO: ? Berhasil ambil data UNITUPI, jumlah data: 22
2025-11-17 14:27:05.596 - INFO: ? Memanggil service.getMasterBank()...
2025-11-17 14:27:05.948 - INFO: ? Berhasil ambil data bank. Jumlah data: 6
2025-11-17 14:27:05.960 - INFO: ? Berhasil ambil data UNITUPI, jumlah data: 22
2025-11-17 14:40:06.107 - INFO: ? Memanggil service.getMasterBank()...
2025-11-17 14:40:06.498 - INFO: ? Berhasil ambil data bank. Jumlah data: 6
2025-11-17 14:40:06.542 - INFO: ? Berhasil ambil data UNITUPI, jumlah data: 22
2025-11-17 15:43:35.576 - INFO: ? Memanggil service.getMasterBank()...
2025-11-17 15:43:35.736 - INFO: ? Berhasil ambil data bank. Jumlah data: 6
2025-11-17 15:43:35.758 - INFO: ? Berhasil ambil data UNITUPI, jumlah data: 22
2025-11-17 15:46:25.631 - INFO: ? Memanggil service.getMasterBank()...
2025-11-17 15:46:25.749 - INFO: ? Berhasil ambil data bank. Jumlah data: 6
2025-11-17 15:46:25.754 - INFO: ? Berhasil ambil data UNITUPI, jumlah data: 22
2025-11-17 15:48:44.313 - INFO: ? Memanggil service.getMasterBank()...
2025-11-17 15:48:46.324 - INFO: ? Berhasil ambil data bank. Jumlah data: 6
2025-11-17 15:48:46.418 - INFO: ? Berhasil ambil data UNITUPI, jumlah data: 22
2025-11-17 15:54:02.446 - INFO: ? Memanggil service.getMasterBank()...
2025-11-17 15:54:02.580 - INFO: ? Berhasil ambil data bank. Jumlah data: 6
2025-11-17 15:54:02.592 - INFO: ? Berhasil ambil data UNITUPI, jumlah data: 22
2025-11-17 15:54:35.105 - INFO: ? Memanggil service.getMasterBank()...
2025-11-17 15:54:35.228 - INFO: ? Berhasil ambil data bank. Jumlah data: 6
2025-11-17 15:54:35.240 - INFO: ? Berhasil ambil data UNITUPI, jumlah data: 22
2025-11-17 15:55:42.938 - INFO: ? Memanggil service.getMasterBank()...
2025-11-17 15:55:43.426 - INFO: ? Berhasil ambil data bank. Jumlah data: 6
2025-11-17 15:55:43.656 - INFO: ? Berhasil ambil data UNITUPI, jumlah data: 22
2025-11-17 15:59:27.529 - INFO: ? Memanggil service.getMasterBank()...
2025-11-17 15:59:27.641 - INFO: ? Berhasil ambil data bank. Jumlah data: 6
2025-11-17 15:59:27.665 - INFO: ? Berhasil ambil data UNITUPI, jumlah data: 22
2025-11-17 16:00:54.431 - INFO: ? Memanggil service.getMasterBank()...
2025-11-17 16:00:54.584 - INFO: ? Berhasil ambil data bank. Jumlah data: 6
2025-11-17 16:00:54.603 - INFO: ? Berhasil ambil data UNITUPI, jumlah data: 22
2025-11-17 16:02:48.967 - INFO: ? Memanggil service.getMasterBank()...
2025-11-17 16:02:49.126 - INFO: ? Berhasil ambil data bank. Jumlah data: 6
2025-11-17 16:02:49.143 - INFO: ? Berhasil ambil data UNITUPI, jumlah data: 22
2025-11-17 16:08:22.873 - INFO: ? Memanggil service.getMasterBank()...
2025-11-17 16:08:23.102 - INFO: ? Berhasil ambil data bank. Jumlah data: 6
2025-11-17 16:08:23.265 - INFO: ? Berhasil ambil data UNITUPI, jumlah data: 22
2025-11-17 16:16:08.123 - INFO: draw = 1
2025-11-17 16:16:08.123 - INFO: offset (startIndex) = 0
2025-11-17 16:16:08.123 - INFO: limit (length) = 10
2025-11-17 16:16:08.123 - INFO: sortBy = KD_DIST ASC
2025-11-17 16:16:08.123 - INFO: searchValue = 
2025-11-17 16:16:08.123 - INFO: vbln_usulan = 
2025-11-17 16:16:08.123 - INFO: vkd_bank = 
2025-11-17 16:16:08.123 - INFO: vkd_dist = 
2025-11-17 16:16:10.720 - INFO: vbln_usulan: 202511
2025-11-17 16:16:10.721 - INFO: vbln_usulan: 202511
2025-11-17 16:16:19.630 - INFO: Jumlah data dikembalikan: 23
2025-11-17 16:16:19.630 - INFO: Jumlah data dikembalikan: 23
2025-11-17 16:16:37.333 - INFO: draw = 2
2025-11-17 16:16:37.333 - INFO: offset (startIndex) = 0
2025-11-17 16:16:37.334 - INFO: limit (length) = 10
2025-11-17 16:16:37.334 - INFO: sortBy = KD_DIST ASC
2025-11-17 16:16:37.334 - INFO: searchValue = 
2025-11-17 16:16:37.334 - INFO: vbln_usulan = 202511
2025-11-17 16:16:37.334 - INFO: vkd_bank = 200
2025-11-17 16:16:37.334 - INFO: vkd_dist = 11
2025-11-17 16:17:39.667 - INFO: draw = 1
2025-11-17 16:17:39.667 - INFO: offset (startIndex) = 0
2025-11-17 16:17:39.667 - INFO: limit (length) = 1000
2025-11-17 16:17:39.667 - INFO: sortBy = KD_DIST asc
2025-11-17 16:17:39.667 - INFO: searchValue = 
2025-11-17 16:17:39.667 - INFO: vbln_usulan = 202511
2025-11-17 16:17:39.668 - INFO: vkd_bank = 200
2025-11-17 16:17:39.668 - INFO: vkd_dist = 11
