2025-12-01 07:24:15.834 - INFO: ? Memanggil service.getMasterBank()...
2025-12-01 07:24:16.019 - INFO: ? Berhasil ambil data bank. Jumlah data: 6
2025-12-01 07:24:16.033 - INFO: ? Berhasil ambil data UNITUPI, jumlah data: 22
2025-12-01 14:48:49.052 - INFO: draw = 1
2025-12-01 14:48:49.052 - INFO: offset (startIndex) = 0
2025-12-01 14:48:49.052 - INFO: limit (length) = 10
2025-12-01 14:48:49.052 - INFO: sortBy = KD_DIST ASC
2025-12-01 14:48:49.052 - INFO: searchValue = 
2025-12-01 14:48:49.052 - INFO: vbln_usulan = 
2025-12-01 14:48:49.052 - INFO: vkd_bank = 
2025-12-01 14:48:49.052 - INFO: vkd_dist = 
2025-12-01 14:48:53.482 - INFO: vbln_usulan: 202512
2025-12-01 14:48:53.482 - INFO: vbln_usulan: 202512
2025-12-01 14:49:01.524 - INFO: Jumlah data dikembalikan: 1
2025-12-01 14:49:01.524 - INFO: Jumlah data dikembalikan: 1
2025-12-01 16:11:46.337 - INFO: ? Memanggil service.getMasterBank()...
2025-12-01 16:11:46.566 - INFO: ? Berhasil ambil data bank. Jumlah data: 6
2025-12-01 16:13:34.786 - INFO: ? Memanggil service.getMasterBank()...
2025-12-01 16:13:35.140 - INFO: ? Berhasil ambil data bank. Jumlah data: 6
2025-12-01 16:28:38.429 - INFO: ? Memanggil service.getMasterBank()...
2025-12-01 16:28:39.143 - INFO: ? Berhasil ambil data bank. Jumlah data: 6
