2025-10-24 07:44:17.009 - INFO: vbln_usulan: 202510
2025-10-24 07:44:17.010 - INFO: draw = 1
2025-10-24 07:44:17.013 - INFO: offset (startIndex) = 0
2025-10-24 07:44:17.013 - INFO: limit (length) = 10
2025-10-24 07:44:17.013 - INFO: sortBy = KD_DIST ASC
2025-10-24 07:44:17.013 - INFO: searchValue = 
2025-10-24 07:44:17.013 - INFO: vbln_usulan = 
2025-10-24 07:44:17.013 - INFO: vkd_bank = 
2025-10-24 07:44:17.013 - INFO: vkd_dist = 
2025-10-24 07:44:22.898 - INFO: Jumlah data dikembalikan: 24
2025-10-24 07:44:29.419 - INFO: draw = 2
2025-10-24 07:44:29.419 - INFO: offset (startIndex) = 0
2025-10-24 07:44:29.420 - INFO: limit (length) = 10
2025-10-24 07:44:29.420 - INFO: sortBy = KD_DIST ASC
2025-10-24 07:44:29.420 - INFO: searchValue = 
2025-10-24 07:44:29.420 - INFO: vbln_usulan = 202510
2025-10-24 07:44:29.420 - INFO: vkd_bank = 200
2025-10-24 07:44:29.421 - INFO: vkd_dist = 11
2025-10-24 07:44:52.655 - INFO: draw = 3
2025-10-24 07:44:52.656 - INFO: offset (startIndex) = 0
2025-10-24 07:44:52.656 - INFO: limit (length) = 10
2025-10-24 07:44:52.656 - INFO: sortBy = KD_DIST ASC
2025-10-24 07:44:52.656 - INFO: searchValue = 
2025-10-24 07:44:52.656 - INFO: vbln_usulan = 202510
2025-10-24 07:44:52.656 - INFO: vkd_bank = 200
2025-10-24 07:44:52.657 - INFO: vkd_dist = 11
2025-10-24 07:46:45.487 - INFO: vbln_usulan: 202510
2025-10-24 07:46:45.493 - INFO: draw = 1
2025-10-24 07:46:45.494 - INFO: offset (startIndex) = 0
2025-10-24 07:46:45.494 - INFO: limit (length) = 10
2025-10-24 07:46:45.494 - INFO: sortBy = KD_DIST ASC
2025-10-24 07:46:45.494 - INFO: searchValue = 
2025-10-24 07:46:45.494 - INFO: vbln_usulan = 
2025-10-24 07:46:45.494 - INFO: vkd_bank = 
2025-10-24 07:46:45.494 - INFO: vkd_dist = 
2025-10-24 07:46:51.222 - INFO: Jumlah data dikembalikan: 24
2025-10-24 08:09:46.969 - INFO: vbln_usulan: 202510
2025-10-24 08:09:46.971 - INFO: draw = 1
2025-10-24 08:09:46.975 - INFO: offset (startIndex) = 0
2025-10-24 08:09:46.976 - INFO: limit (length) = 10
2025-10-24 08:09:46.976 - INFO: sortBy = KD_DIST ASC
2025-10-24 08:09:46.976 - INFO: searchValue = 
2025-10-24 08:09:46.976 - INFO: vbln_usulan = 
2025-10-24 08:09:46.976 - INFO: vkd_bank = 
2025-10-24 08:09:46.976 - INFO: vkd_dist = 
2025-10-24 08:09:52.580 - INFO: Jumlah data dikembalikan: 24
2025-10-24 08:09:54.343 - INFO: vbln_usulan: 202510
2025-10-24 08:10:00.797 - INFO: Jumlah data dikembalikan: 24
2025-10-24 08:11:52.965 - INFO: draw = 2
2025-10-24 08:11:52.965 - INFO: offset (startIndex) = 0
2025-10-24 08:11:52.965 - INFO: limit (length) = 10
2025-10-24 08:11:52.965 - INFO: sortBy = KD_DIST ASC
2025-10-24 08:11:52.965 - INFO: searchValue = 
2025-10-24 08:11:52.965 - INFO: vbln_usulan = 
2025-10-24 08:11:52.965 - INFO: vkd_bank = 
2025-10-24 08:11:52.965 - INFO: vkd_dist = 
2025-10-24 08:11:54.063 - INFO: draw = 3
2025-10-24 08:11:54.063 - INFO: offset (startIndex) = 0
2025-10-24 08:11:54.063 - INFO: limit (length) = 10
2025-10-24 08:11:54.063 - INFO: sortBy = KD_DIST ASC
2025-10-24 08:11:54.063 - INFO: searchValue = 
2025-10-24 08:11:54.063 - INFO: vbln_usulan = 
2025-10-24 08:11:54.063 - INFO: vkd_bank = 
2025-10-24 08:11:54.063 - INFO: vkd_dist = 
2025-10-24 08:11:55.149 - INFO: draw = 4
2025-10-24 08:11:55.150 - INFO: offset (startIndex) = 0
2025-10-24 08:11:55.150 - INFO: limit (length) = 10
2025-10-24 08:11:55.150 - INFO: sortBy = KD_DIST ASC
2025-10-24 08:11:55.150 - INFO: searchValue = 
2025-10-24 08:11:55.150 - INFO: vbln_usulan = 
2025-10-24 08:11:55.150 - INFO: vkd_bank = 
2025-10-24 08:11:55.150 - INFO: vkd_dist = 
2025-10-24 09:20:57.394 - INFO: draw = 5
2025-10-24 09:20:57.395 - INFO: offset (startIndex) = 0
2025-10-24 09:20:57.395 - INFO: limit (length) = 10
2025-10-24 09:20:57.395 - INFO: sortBy = KD_DIST ASC
2025-10-24 09:20:57.395 - INFO: searchValue = 
2025-10-24 09:20:57.395 - INFO: vbln_usulan = 
2025-10-24 09:20:57.395 - INFO: vkd_bank = 
2025-10-24 09:20:57.395 - INFO: vkd_dist = 
2025-10-24 09:20:58.797 - INFO: draw = 6
2025-10-24 09:20:58.797 - INFO: offset (startIndex) = 0
2025-10-24 09:20:58.797 - INFO: limit (length) = 10
2025-10-24 09:20:58.797 - INFO: sortBy = KD_DIST ASC
2025-10-24 09:20:58.797 - INFO: searchValue = 
2025-10-24 09:20:58.797 - INFO: vbln_usulan = 
2025-10-24 09:20:58.797 - INFO: vkd_bank = 
2025-10-24 09:20:58.798 - INFO: vkd_dist = 
2025-10-24 09:20:59.864 - INFO: draw = 7
2025-10-24 09:20:59.864 - INFO: offset (startIndex) = 0
2025-10-24 09:20:59.864 - INFO: limit (length) = 10
2025-10-24 09:20:59.864 - INFO: sortBy = KD_DIST ASC
2025-10-24 09:20:59.864 - INFO: searchValue = 
2025-10-24 09:20:59.864 - INFO: vbln_usulan = 
2025-10-24 09:20:59.864 - INFO: vkd_bank = 
2025-10-24 09:20:59.864 - INFO: vkd_dist = 
2025-10-24 09:21:00.924 - INFO: draw = 8
2025-10-24 09:21:00.924 - INFO: offset (startIndex) = 0
2025-10-24 09:21:00.924 - INFO: limit (length) = 10
2025-10-24 09:21:00.928 - INFO: sortBy = KD_DIST ASC
2025-10-24 09:21:00.928 - INFO: searchValue = 
2025-10-24 09:21:00.928 - INFO: vbln_usulan = 
2025-10-24 09:21:00.928 - INFO: vkd_bank = 
2025-10-24 09:21:00.928 - INFO: vkd_dist = 
2025-10-24 09:21:02.210 - INFO: draw = 9
2025-10-24 09:21:02.210 - INFO: offset (startIndex) = 0
2025-10-24 09:21:02.210 - INFO: limit (length) = 10
2025-10-24 09:21:02.210 - INFO: sortBy = KD_DIST ASC
2025-10-24 09:21:02.210 - INFO: searchValue = 
2025-10-24 09:21:02.210 - INFO: vbln_usulan = 
2025-10-24 09:21:02.210 - INFO: vkd_bank = 
2025-10-24 09:21:02.211 - INFO: vkd_dist = 
2025-10-24 09:21:03.061 - INFO: draw = 10
2025-10-24 09:21:03.062 - INFO: offset (startIndex) = 0
2025-10-24 09:21:03.062 - INFO: limit (length) = 10
2025-10-24 09:21:03.062 - INFO: sortBy = KD_DIST ASC
2025-10-24 09:21:03.062 - INFO: searchValue = 
2025-10-24 09:21:03.062 - INFO: vbln_usulan = 
2025-10-24 09:21:03.062 - INFO: vkd_bank = 
2025-10-24 09:21:03.062 - INFO: vkd_dist = 
2025-10-24 09:21:04.027 - INFO: draw = 11
2025-10-24 09:21:04.027 - INFO: offset (startIndex) = 0
2025-10-24 09:21:04.029 - INFO: limit (length) = 10
2025-10-24 09:21:04.029 - INFO: sortBy = KD_DIST ASC
2025-10-24 09:21:04.029 - INFO: searchValue = 
2025-10-24 09:21:04.029 - INFO: vbln_usulan = 
2025-10-24 09:21:04.029 - INFO: vkd_bank = 
2025-10-24 09:21:04.029 - INFO: vkd_dist = 
2025-10-24 09:21:05.749 - INFO: vbln_usulan: 202510
2025-10-24 09:21:05.759 - INFO: draw = 1
2025-10-24 09:21:05.759 - INFO: offset (startIndex) = 0
2025-10-24 09:21:05.759 - INFO: limit (length) = 10
2025-10-24 09:21:05.759 - INFO: sortBy = KD_DIST ASC
2025-10-24 09:21:05.759 - INFO: searchValue = 
2025-10-24 09:21:05.759 - INFO: vbln_usulan = 
2025-10-24 09:21:05.759 - INFO: vkd_bank = 
2025-10-24 09:21:05.759 - INFO: vkd_dist = 
2025-10-24 09:21:07.510 - INFO: vbln_usulan: 202510
2025-10-24 09:21:12.140 - INFO: Jumlah data dikembalikan: 24
2025-10-24 09:21:14.007 - INFO: Jumlah data dikembalikan: 24
2025-10-24 09:21:14.416 - INFO: draw = 2
2025-10-24 09:21:14.416 - INFO: offset (startIndex) = 0
2025-10-24 09:21:14.416 - INFO: limit (length) = 10
2025-10-24 09:21:14.416 - INFO: sortBy = KD_DIST ASC
2025-10-24 09:21:14.416 - INFO: searchValue = 
2025-10-24 09:21:14.416 - INFO: vbln_usulan = 
2025-10-24 09:21:14.416 - INFO: vkd_bank = 
2025-10-24 09:21:14.416 - INFO: vkd_dist = 
2025-10-24 09:21:21.657 - INFO: draw = 3
2025-10-24 09:21:21.657 - INFO: offset (startIndex) = 0
2025-10-24 09:21:21.657 - INFO: limit (length) = 10
2025-10-24 09:21:21.657 - INFO: sortBy = KD_DIST ASC
2025-10-24 09:21:21.657 - INFO: searchValue = 
2025-10-24 09:21:21.657 - INFO: vbln_usulan = 
2025-10-24 09:21:21.657 - INFO: vkd_bank = 
2025-10-24 09:21:21.657 - INFO: vkd_dist = 
2025-10-24 09:31:59.194 - INFO: vbln_usulan: 202510
2025-10-24 09:31:59.196 - INFO: draw = 1
2025-10-24 09:31:59.198 - INFO: offset (startIndex) = 0
2025-10-24 09:31:59.198 - INFO: limit (length) = 10
2025-10-24 09:31:59.198 - INFO: sortBy = KD_DIST ASC
2025-10-24 09:31:59.198 - INFO: searchValue = 
2025-10-24 09:31:59.199 - INFO: vbln_usulan = 
2025-10-24 09:31:59.199 - INFO: vkd_bank = 
2025-10-24 09:31:59.199 - INFO: vkd_dist = 
2025-10-24 09:32:08.137 - INFO: Jumlah data dikembalikan: 24
2025-10-24 09:32:30.373 - INFO: vbln_usulan: 202510
2025-10-24 09:32:30.378 - INFO: draw = 1
2025-10-24 09:32:30.379 - INFO: offset (startIndex) = 0
2025-10-24 09:32:30.379 - INFO: limit (length) = 10
2025-10-24 09:32:30.379 - INFO: sortBy = KD_DIST ASC
2025-10-24 09:32:30.379 - INFO: searchValue = 
2025-10-24 09:32:30.379 - INFO: vbln_usulan = 
2025-10-24 09:32:30.379 - INFO: vkd_bank = 
2025-10-24 09:32:30.379 - INFO: vkd_dist = 
2025-10-24 09:32:36.301 - INFO: Jumlah data dikembalikan: 24
2025-10-24 09:33:34.028 - INFO: draw = 2
2025-10-24 09:33:34.028 - INFO: offset (startIndex) = 0
2025-10-24 09:33:34.028 - INFO: limit (length) = 10
2025-10-24 09:33:34.028 - INFO: sortBy = KD_DIST ASC
2025-10-24 09:33:34.028 - INFO: searchValue = 
2025-10-24 09:33:34.028 - INFO: vbln_usulan = 
2025-10-24 09:33:34.029 - INFO: vkd_bank = 
2025-10-24 09:33:34.029 - INFO: vkd_dist = 
2025-10-24 09:33:35.555 - INFO: draw = 3
2025-10-24 09:33:35.556 - INFO: offset (startIndex) = 0
2025-10-24 09:33:35.556 - INFO: limit (length) = 10
2025-10-24 09:33:35.556 - INFO: sortBy = KD_DIST ASC
2025-10-24 09:33:35.556 - INFO: searchValue = 
2025-10-24 09:33:35.556 - INFO: vbln_usulan = 
2025-10-24 09:33:35.556 - INFO: vkd_bank = 
2025-10-24 09:33:35.556 - INFO: vkd_dist = 
2025-10-24 09:33:37.055 - INFO: draw = 4
2025-10-24 09:33:37.056 - INFO: offset (startIndex) = 0
2025-10-24 09:33:37.056 - INFO: limit (length) = 10
2025-10-24 09:33:37.056 - INFO: sortBy = KD_DIST ASC
2025-10-24 09:33:37.056 - INFO: searchValue = 
2025-10-24 09:33:37.056 - INFO: vbln_usulan = 
2025-10-24 09:33:37.056 - INFO: vkd_bank = 
2025-10-24 09:33:37.056 - INFO: vkd_dist = 
2025-10-24 09:38:37.967 - INFO: vbln_usulan: 202510
2025-10-24 09:38:37.972 - INFO: draw = 1
2025-10-24 09:38:37.972 - INFO: offset (startIndex) = 0
2025-10-24 09:38:37.972 - INFO: limit (length) = 10
2025-10-24 09:38:37.972 - INFO: sortBy = KD_DIST ASC
2025-10-24 09:38:37.972 - INFO: searchValue = 
2025-10-24 09:38:37.973 - INFO: vbln_usulan = 
2025-10-24 09:38:37.973 - INFO: vkd_bank = 
2025-10-24 09:38:37.973 - INFO: vkd_dist = 
2025-10-24 09:38:44.442 - INFO: Jumlah data dikembalikan: 24
2025-10-24 09:38:51.367 - INFO: draw = 2
2025-10-24 09:38:51.367 - INFO: offset (startIndex) = 0
2025-10-24 09:38:51.367 - INFO: limit (length) = 10
2025-10-24 09:38:51.367 - INFO: sortBy = KD_DIST ASC
2025-10-24 09:38:51.367 - INFO: searchValue = 
2025-10-24 09:38:51.367 - INFO: vbln_usulan = 
2025-10-24 09:38:51.367 - INFO: vkd_bank = 
2025-10-24 09:38:51.368 - INFO: vkd_dist = 
2025-10-24 09:39:07.173 - INFO: draw = 3
2025-10-24 09:39:07.173 - INFO: offset (startIndex) = 0
2025-10-24 09:39:07.174 - INFO: limit (length) = 10
2025-10-24 09:39:07.174 - INFO: sortBy = KD_DIST ASC
2025-10-24 09:39:07.174 - INFO: searchValue = 
2025-10-24 09:39:07.174 - INFO: vbln_usulan = 
2025-10-24 09:39:07.174 - INFO: vkd_bank = 
2025-10-24 09:39:07.174 - INFO: vkd_dist = 
2025-10-24 09:39:07.771 - INFO: draw = 4
2025-10-24 09:39:07.771 - INFO: offset (startIndex) = 0
2025-10-24 09:39:07.771 - INFO: limit (length) = 10
2025-10-24 09:39:07.771 - INFO: sortBy = KD_DIST ASC
2025-10-24 09:39:07.771 - INFO: searchValue = 
2025-10-24 09:39:07.771 - INFO: vbln_usulan = 
2025-10-24 09:39:07.771 - INFO: vkd_bank = 
2025-10-24 09:39:07.771 - INFO: vkd_dist = 
2025-10-24 09:39:09.214 - INFO: draw = 5
2025-10-24 09:39:09.214 - INFO: offset (startIndex) = 0
2025-10-24 09:39:09.214 - INFO: limit (length) = 10
2025-10-24 09:39:09.214 - INFO: sortBy = KD_DIST ASC
2025-10-24 09:39:09.214 - INFO: searchValue = 
2025-10-24 09:39:09.214 - INFO: vbln_usulan = 
2025-10-24 09:39:09.214 - INFO: vkd_bank = 
2025-10-24 09:39:09.214 - INFO: vkd_dist = 
2025-10-24 09:39:09.810 - INFO: draw = 6
2025-10-24 09:39:09.810 - INFO: offset (startIndex) = 0
2025-10-24 09:39:09.810 - INFO: limit (length) = 10
2025-10-24 09:39:09.810 - INFO: sortBy = KD_DIST ASC
2025-10-24 09:39:09.810 - INFO: searchValue = 
2025-10-24 09:39:09.810 - INFO: vbln_usulan = 
2025-10-24 09:39:09.810 - INFO: vkd_bank = 
2025-10-24 09:39:09.810 - INFO: vkd_dist = 
2025-10-24 09:39:14.734 - INFO: draw = 7
2025-10-24 09:39:14.734 - INFO: offset (startIndex) = 0
2025-10-24 09:39:14.734 - INFO: limit (length) = 10
2025-10-24 09:39:14.734 - INFO: sortBy = KD_DIST ASC
2025-10-24 09:39:14.734 - INFO: searchValue = 
2025-10-24 09:39:14.735 - INFO: vbln_usulan = 
2025-10-24 09:39:14.735 - INFO: vkd_bank = 
2025-10-24 09:39:14.735 - INFO: vkd_dist = 
2025-10-24 09:39:16.044 - INFO: draw = 8
2025-10-24 09:39:16.044 - INFO: offset (startIndex) = 0
2025-10-24 09:39:16.044 - INFO: limit (length) = 10
2025-10-24 09:39:16.044 - INFO: sortBy = KD_DIST ASC
2025-10-24 09:39:16.044 - INFO: searchValue = 
2025-10-24 09:39:16.044 - INFO: vbln_usulan = 
2025-10-24 09:39:16.044 - INFO: vkd_bank = 
2025-10-24 09:39:16.044 - INFO: vkd_dist = 
2025-10-24 09:39:19.219 - INFO: draw = 9
2025-10-24 09:39:19.220 - INFO: offset (startIndex) = 0
2025-10-24 09:39:19.220 - INFO: limit (length) = 10
2025-10-24 09:39:19.220 - INFO: sortBy = KD_DIST ASC
2025-10-24 09:39:19.220 - INFO: searchValue = 
2025-10-24 09:39:19.220 - INFO: vbln_usulan = 
2025-10-24 09:39:19.220 - INFO: vkd_bank = 
2025-10-24 09:39:19.220 - INFO: vkd_dist = 
2025-10-24 09:39:20.360 - INFO: draw = 10
2025-10-24 09:39:20.360 - INFO: offset (startIndex) = 0
2025-10-24 09:39:20.360 - INFO: limit (length) = 10
2025-10-24 09:39:20.360 - INFO: sortBy = KD_DIST ASC
2025-10-24 09:39:20.360 - INFO: searchValue = 
2025-10-24 09:39:20.360 - INFO: vbln_usulan = 
2025-10-24 09:39:20.360 - INFO: vkd_bank = 
2025-10-24 09:39:20.360 - INFO: vkd_dist = 
2025-10-24 09:39:32.097 - INFO: draw = 11
2025-10-24 09:39:32.098 - INFO: offset (startIndex) = 0
2025-10-24 09:39:32.098 - INFO: limit (length) = 10
2025-10-24 09:39:32.098 - INFO: sortBy = KD_DIST ASC
2025-10-24 09:39:32.098 - INFO: searchValue = 
2025-10-24 09:39:32.098 - INFO: vbln_usulan = 
2025-10-24 09:39:32.098 - INFO: vkd_bank = 
2025-10-24 09:39:32.098 - INFO: vkd_dist = 
2025-10-24 09:39:33.020 - INFO: draw = 12
2025-10-24 09:39:33.020 - INFO: offset (startIndex) = 0
2025-10-24 09:39:33.020 - INFO: limit (length) = 10
2025-10-24 09:39:33.020 - INFO: sortBy = KD_DIST ASC
2025-10-24 09:39:33.020 - INFO: searchValue = 
2025-10-24 09:39:33.020 - INFO: vbln_usulan = 
2025-10-24 09:39:33.020 - INFO: vkd_bank = 
2025-10-24 09:39:33.020 - INFO: vkd_dist = 
2025-10-24 09:50:11.517 - INFO: vbln_usulan: 202510
2025-10-24 09:50:11.523 - INFO: draw = 1
2025-10-24 09:50:11.524 - INFO: offset (startIndex) = 0
2025-10-24 09:50:11.524 - INFO: limit (length) = 10
2025-10-24 09:50:11.524 - INFO: sortBy = KD_DIST ASC
2025-10-24 09:50:11.524 - INFO: searchValue = 
2025-10-24 09:50:11.524 - INFO: vbln_usulan = 
2025-10-24 09:50:11.524 - INFO: vkd_bank = 
2025-10-24 09:50:11.524 - INFO: vkd_dist = 
2025-10-24 09:50:17.221 - INFO: Jumlah data dikembalikan: 24
2025-10-24 09:53:28.375 - INFO: vbln_usulan: 202510
2025-10-24 09:53:28.381 - INFO: draw = 1
2025-10-24 09:53:28.381 - INFO: offset (startIndex) = 0
2025-10-24 09:53:28.381 - INFO: limit (length) = 10
2025-10-24 09:53:28.381 - INFO: sortBy = KD_DIST ASC
2025-10-24 09:53:28.381 - INFO: searchValue = 
2025-10-24 09:53:28.381 - INFO: vbln_usulan = 
2025-10-24 09:53:28.381 - INFO: vkd_bank = 
2025-10-24 09:53:28.381 - INFO: vkd_dist = 
2025-10-24 09:53:34.827 - INFO: Jumlah data dikembalikan: 24
2025-10-24 10:04:35.631 - INFO: vbln_usulan: 202510
2025-10-24 10:04:35.638 - INFO: draw = 1
2025-10-24 10:04:35.638 - INFO: offset (startIndex) = 0
2025-10-24 10:04:35.638 - INFO: limit (length) = 10
2025-10-24 10:04:35.638 - INFO: sortBy = KD_DIST ASC
2025-10-24 10:04:35.638 - INFO: searchValue = 
2025-10-24 10:04:35.638 - INFO: vbln_usulan = 
2025-10-24 10:04:35.638 - INFO: vkd_bank = 
2025-10-24 10:04:35.638 - INFO: vkd_dist = 
2025-10-24 10:04:41.469 - INFO: Jumlah data dikembalikan: 24
2025-10-24 10:05:07.417 - INFO: vbln_usulan: 202510
2025-10-24 10:05:07.421 - INFO: draw = 1
2025-10-24 10:05:07.421 - INFO: offset (startIndex) = 0
2025-10-24 10:05:07.421 - INFO: limit (length) = 10
2025-10-24 10:05:07.421 - INFO: sortBy = KD_DIST ASC
2025-10-24 10:05:07.421 - INFO: searchValue = 
2025-10-24 10:05:07.421 - INFO: vbln_usulan = 
2025-10-24 10:05:07.421 - INFO: vkd_bank = 
2025-10-24 10:05:07.422 - INFO: vkd_dist = 
2025-10-24 10:05:13.002 - INFO: Jumlah data dikembalikan: 24
2025-10-24 10:05:50.917 - INFO: draw = 2
2025-10-24 10:05:50.918 - INFO: offset (startIndex) = 0
2025-10-24 10:05:50.918 - INFO: limit (length) = 10
2025-10-24 10:05:50.918 - INFO: sortBy = KD_DIST ASC
2025-10-24 10:05:50.918 - INFO: searchValue = 
2025-10-24 10:05:50.918 - INFO: vbln_usulan = 
2025-10-24 10:05:50.918 - INFO: vkd_bank = 
2025-10-24 10:05:50.918 - INFO: vkd_dist = 
2025-10-24 10:05:51.445 - INFO: draw = 3
2025-10-24 10:05:51.445 - INFO: offset (startIndex) = 0
2025-10-24 10:05:51.445 - INFO: limit (length) = 10
2025-10-24 10:05:51.445 - INFO: sortBy = KD_DIST ASC
2025-10-24 10:05:51.445 - INFO: searchValue = 
2025-10-24 10:05:51.446 - INFO: vbln_usulan = 
2025-10-24 10:05:51.446 - INFO: vkd_bank = 
2025-10-24 10:05:51.446 - INFO: vkd_dist = 
2025-10-24 10:05:52.325 - INFO: draw = 4
2025-10-24 10:05:52.325 - INFO: offset (startIndex) = 0
2025-10-24 10:05:52.325 - INFO: limit (length) = 10
2025-10-24 10:05:52.325 - INFO: sortBy = KD_DIST ASC
2025-10-24 10:05:52.325 - INFO: searchValue = 
2025-10-24 10:05:52.325 - INFO: vbln_usulan = 
2025-10-24 10:05:52.325 - INFO: vkd_bank = 
2025-10-24 10:05:52.325 - INFO: vkd_dist = 
2025-10-24 10:18:59.429 - INFO: vbln_usulan: 202510
2025-10-24 10:18:59.436 - INFO: draw = 1
2025-10-24 10:18:59.436 - INFO: offset (startIndex) = 0
2025-10-24 10:18:59.436 - INFO: limit (length) = 10
2025-10-24 10:18:59.436 - INFO: sortBy = KD_DIST ASC
2025-10-24 10:18:59.436 - INFO: searchValue = 
2025-10-24 10:18:59.436 - INFO: vbln_usulan = 
2025-10-24 10:18:59.436 - INFO: vkd_bank = 
2025-10-24 10:18:59.436 - INFO: vkd_dist = 
2025-10-24 10:18:59.595 - INFO: draw = 2
2025-10-24 10:18:59.595 - INFO: offset (startIndex) = 0
2025-10-24 10:18:59.595 - INFO: limit (length) = 10
2025-10-24 10:18:59.595 - INFO: sortBy = KD_DIST ASC
2025-10-24 10:18:59.595 - INFO: searchValue = 
2025-10-24 10:18:59.595 - INFO: vbln_usulan = 
2025-10-24 10:18:59.595 - INFO: vkd_bank = 
2025-10-24 10:18:59.595 - INFO: vkd_dist = 
2025-10-24 10:19:04.740 - INFO: vbln_usulan: 202510
2025-10-24 10:19:04.744 - INFO: draw = 1
2025-10-24 10:19:04.744 - INFO: offset (startIndex) = 0
2025-10-24 10:19:04.744 - INFO: limit (length) = 10
2025-10-24 10:19:04.744 - INFO: sortBy = KD_DIST ASC
2025-10-24 10:19:04.744 - INFO: searchValue = 
2025-10-24 10:19:04.744 - INFO: vbln_usulan = 
2025-10-24 10:19:04.744 - INFO: vkd_bank = 
2025-10-24 10:19:04.744 - INFO: vkd_dist = 
2025-10-24 10:19:04.907 - INFO: draw = 2
2025-10-24 10:19:04.907 - INFO: offset (startIndex) = 0
2025-10-24 10:19:04.907 - INFO: limit (length) = 10
2025-10-24 10:19:04.907 - INFO: sortBy = KD_DIST ASC
2025-10-24 10:19:04.907 - INFO: searchValue = 
2025-10-24 10:19:04.907 - INFO: vbln_usulan = 
2025-10-24 10:19:04.907 - INFO: vkd_bank = 
2025-10-24 10:19:04.907 - INFO: vkd_dist = 
2025-10-24 10:19:05.880 - INFO: Jumlah data dikembalikan: 24
2025-10-24 10:19:10.454 - INFO: Jumlah data dikembalikan: 24
2025-10-24 10:19:19.054 - INFO: vbln_usulan: 202510
2025-10-24 10:19:19.061 - INFO: draw = 1
2025-10-24 10:19:19.061 - INFO: offset (startIndex) = 0
2025-10-24 10:19:19.061 - INFO: limit (length) = 10
2025-10-24 10:19:19.061 - INFO: sortBy = KD_DIST ASC
2025-10-24 10:19:19.061 - INFO: searchValue = 
2025-10-24 10:19:19.061 - INFO: vbln_usulan = 
2025-10-24 10:19:19.061 - INFO: vkd_bank = 
2025-10-24 10:19:19.061 - INFO: vkd_dist = 
2025-10-24 10:19:25.069 - INFO: Jumlah data dikembalikan: 24
2025-10-24 10:19:27.781 - INFO: vbln_usulan: 202510
2025-10-24 10:19:34.202 - INFO: Jumlah data dikembalikan: 24
2025-10-24 10:20:26.371 - INFO: vbln_usulan: 202510
2025-10-24 10:20:26.376 - INFO: draw = 1
2025-10-24 10:20:26.376 - INFO: offset (startIndex) = 0
2025-10-24 10:20:26.376 - INFO: limit (length) = 10
2025-10-24 10:20:26.376 - INFO: sortBy = KD_DIST ASC
2025-10-24 10:20:26.377 - INFO: searchValue = 
2025-10-24 10:20:26.377 - INFO: vbln_usulan = 
2025-10-24 10:20:26.377 - INFO: vkd_bank = 
2025-10-24 10:20:26.377 - INFO: vkd_dist = 
2025-10-24 10:20:32.623 - INFO: Jumlah data dikembalikan: 24
2025-10-24 10:20:54.637 - INFO: vbln_usulan: 202510
2025-10-24 10:20:54.645 - INFO: draw = 1
2025-10-24 10:20:54.645 - INFO: offset (startIndex) = 0
2025-10-24 10:20:54.645 - INFO: limit (length) = 10
2025-10-24 10:20:54.645 - INFO: sortBy = KD_DIST ASC
2025-10-24 10:20:54.645 - INFO: searchValue = 
2025-10-24 10:20:54.645 - INFO: vbln_usulan = 
2025-10-24 10:20:54.645 - INFO: vkd_bank = 
2025-10-24 10:20:54.645 - INFO: vkd_dist = 
2025-10-24 10:21:01.031 - INFO: Jumlah data dikembalikan: 24
2025-10-24 10:21:03.734 - INFO: draw = 2
2025-10-24 10:21:03.734 - INFO: offset (startIndex) = 0
2025-10-24 10:21:03.734 - INFO: limit (length) = 10
2025-10-24 10:21:03.734 - INFO: sortBy = KD_DIST ASC
2025-10-24 10:21:03.734 - INFO: searchValue = 
2025-10-24 10:21:03.734 - INFO: vbln_usulan = 
2025-10-24 10:21:03.734 - INFO: vkd_bank = 
2025-10-24 10:21:03.734 - INFO: vkd_dist = 
2025-10-24 10:21:05.934 - INFO: draw = 3
2025-10-24 10:21:05.935 - INFO: offset (startIndex) = 0
2025-10-24 10:21:05.935 - INFO: limit (length) = 10
2025-10-24 10:21:05.935 - INFO: sortBy = KD_DIST ASC
2025-10-24 10:21:05.935 - INFO: searchValue = 
2025-10-24 10:21:05.935 - INFO: vbln_usulan = 
2025-10-24 10:21:05.935 - INFO: vkd_bank = 
2025-10-24 10:21:05.935 - INFO: vkd_dist = 
2025-10-24 10:21:06.743 - INFO: vbln_usulan: 202510
2025-10-24 10:21:06.753 - INFO: draw = 1
2025-10-24 10:21:06.753 - INFO: offset (startIndex) = 0
2025-10-24 10:21:06.753 - INFO: limit (length) = 10
2025-10-24 10:21:06.753 - INFO: sortBy = KD_DIST ASC
2025-10-24 10:21:06.753 - INFO: searchValue = 
2025-10-24 10:21:06.753 - INFO: vbln_usulan = 
2025-10-24 10:21:06.753 - INFO: vkd_bank = 
2025-10-24 10:21:06.753 - INFO: vkd_dist = 
2025-10-24 10:21:13.191 - INFO: Jumlah data dikembalikan: 24
2025-10-24 10:21:15.885 - INFO: vbln_usulan: 202510
2025-10-24 10:21:15.885 - INFO: draw = 1
2025-10-24 10:21:15.885 - INFO: offset (startIndex) = 0
2025-10-24 10:21:15.885 - INFO: limit (length) = 10
2025-10-24 10:21:15.885 - INFO: sortBy = KD_DIST ASC
2025-10-24 10:21:15.885 - INFO: searchValue = 
2025-10-24 10:21:15.885 - INFO: vbln_usulan = 
2025-10-24 10:21:15.885 - INFO: vkd_bank = 
2025-10-24 10:21:15.885 - INFO: vkd_dist = 
2025-10-24 10:21:22.330 - INFO: Jumlah data dikembalikan: 24
2025-10-24 10:21:59.944 - INFO: draw = 2
2025-10-24 10:21:59.944 - INFO: offset (startIndex) = 0
2025-10-24 10:21:59.944 - INFO: limit (length) = 10
2025-10-24 10:21:59.944 - INFO: sortBy = KD_DIST ASC
2025-10-24 10:21:59.944 - INFO: searchValue = 
2025-10-24 10:21:59.944 - INFO: vbln_usulan = 202510
2025-10-24 10:21:59.944 - INFO: vkd_bank = 111
2025-10-24 10:21:59.944 - INFO: vkd_dist = 00
2025-10-24 10:22:21.157 - INFO: draw = 3
2025-10-24 10:22:21.158 - INFO: offset (startIndex) = 0
2025-10-24 10:22:21.158 - INFO: limit (length) = 10
2025-10-24 10:22:21.158 - INFO: sortBy = KD_DIST ASC
2025-10-24 10:22:21.158 - INFO: searchValue = 
2025-10-24 10:22:21.158 - INFO: vbln_usulan = 202510
2025-10-24 10:22:21.158 - INFO: vkd_bank = 111
2025-10-24 10:22:21.158 - INFO: vkd_dist = 00
2025-10-24 10:28:23.725 - INFO: vbln_usulan: 
2025-10-24 10:28:23.732 - INFO: draw = 1
2025-10-24 10:28:23.732 - INFO: offset (startIndex) = 0
2025-10-24 10:28:23.732 - INFO: limit (length) = 10
2025-10-24 10:28:23.732 - INFO: sortBy = KD_DIST ASC
2025-10-24 10:28:23.732 - INFO: searchValue = 
2025-10-24 10:28:23.732 - INFO: vbln_usulan = 
2025-10-24 10:28:23.732 - INFO: vkd_bank = 
2025-10-24 10:28:23.732 - INFO: vkd_dist = 
2025-10-24 10:28:27.665 - INFO: Jumlah data dikembalikan: 1
2025-10-24 10:37:44.157 - INFO: vbln_usulan: 202510
2025-10-24 10:37:44.166 - INFO: draw = 1
2025-10-24 10:37:44.166 - INFO: offset (startIndex) = 0
2025-10-24 10:37:44.166 - INFO: limit (length) = 10
2025-10-24 10:37:44.166 - INFO: sortBy = KD_DIST ASC
2025-10-24 10:37:44.166 - INFO: searchValue = 
2025-10-24 10:37:44.166 - INFO: vbln_usulan = 
2025-10-24 10:37:44.166 - INFO: vkd_bank = 
2025-10-24 10:37:44.166 - INFO: vkd_dist = 
2025-10-24 10:37:44.331 - INFO: draw = 2
2025-10-24 10:37:44.331 - INFO: offset (startIndex) = 0
2025-10-24 10:37:44.331 - INFO: limit (length) = 10
2025-10-24 10:37:44.331 - INFO: sortBy = KD_DIST ASC
2025-10-24 10:37:44.331 - INFO: searchValue = 
2025-10-24 10:37:44.331 - INFO: vbln_usulan = 
2025-10-24 10:37:44.331 - INFO: vkd_bank = 
2025-10-24 10:37:44.331 - INFO: vkd_dist = 
2025-10-24 10:37:49.721 - INFO: Jumlah data dikembalikan: 24
2025-10-24 10:37:55.080 - INFO: draw = 3
2025-10-24 10:37:55.080 - INFO: offset (startIndex) = 0
2025-10-24 10:37:55.080 - INFO: limit (length) = 10
2025-10-24 10:37:55.080 - INFO: sortBy = KD_DIST ASC
2025-10-24 10:37:55.080 - INFO: searchValue = 
2025-10-24 10:37:55.080 - INFO: vbln_usulan = 
2025-10-24 10:37:55.081 - INFO: vkd_bank = 
2025-10-24 10:37:55.081 - INFO: vkd_dist = 
2025-10-24 10:37:58.192 - INFO: draw = 4
2025-10-24 10:37:58.193 - INFO: offset (startIndex) = 0
2025-10-24 10:37:58.193 - INFO: limit (length) = 10
2025-10-24 10:37:58.193 - INFO: sortBy = KD_DIST ASC
2025-10-24 10:37:58.193 - INFO: searchValue = 
2025-10-24 10:37:58.193 - INFO: vbln_usulan = 
2025-10-24 10:37:58.193 - INFO: vkd_bank = 
2025-10-24 10:37:58.193 - INFO: vkd_dist = 
2025-10-24 10:38:00.042 - INFO: draw = 5
2025-10-24 10:38:00.042 - INFO: offset (startIndex) = 0
2025-10-24 10:38:00.042 - INFO: limit (length) = 10
2025-10-24 10:38:00.042 - INFO: sortBy = KD_DIST ASC
2025-10-24 10:38:00.042 - INFO: searchValue = 
2025-10-24 10:38:00.042 - INFO: vbln_usulan = 
2025-10-24 10:38:00.042 - INFO: vkd_bank = 
2025-10-24 10:38:00.042 - INFO: vkd_dist = 
2025-10-24 10:38:11.171 - INFO: vbln_usulan: 
2025-10-24 10:38:11.178 - INFO: draw = 1
2025-10-24 10:38:11.178 - INFO: offset (startIndex) = 0
2025-10-24 10:38:11.178 - INFO: limit (length) = 10
2025-10-24 10:38:11.178 - INFO: sortBy = KD_DIST ASC
2025-10-24 10:38:11.178 - INFO: searchValue = 
2025-10-24 10:38:11.178 - INFO: vbln_usulan = 
2025-10-24 10:38:11.178 - INFO: vkd_bank = 
2025-10-24 10:38:11.178 - INFO: vkd_dist = 
2025-10-24 10:38:11.344 - INFO: draw = 2
2025-10-24 10:38:11.344 - INFO: offset (startIndex) = 0
2025-10-24 10:38:11.344 - INFO: limit (length) = 10
2025-10-24 10:38:11.344 - INFO: sortBy = KD_DIST ASC
2025-10-24 10:38:11.344 - INFO: searchValue = 
2025-10-24 10:38:11.344 - INFO: vbln_usulan = 
2025-10-24 10:38:11.344 - INFO: vkd_bank = 
2025-10-24 10:38:11.344 - INFO: vkd_dist = 
2025-10-24 10:38:15.009 - INFO: Jumlah data dikembalikan: 1
2025-10-24 10:43:14.326 - INFO: vbln_usulan: 
2025-10-24 10:43:14.333 - INFO: draw = 1
2025-10-24 10:43:14.333 - INFO: offset (startIndex) = 0
2025-10-24 10:43:14.333 - INFO: limit (length) = 10
2025-10-24 10:43:14.333 - INFO: sortBy = KD_DIST ASC
2025-10-24 10:43:14.333 - INFO: searchValue = 
2025-10-24 10:43:14.333 - INFO: vbln_usulan = 
2025-10-24 10:43:14.333 - INFO: vkd_bank = 
2025-10-24 10:43:14.333 - INFO: vkd_dist = 
2025-10-24 10:43:14.493 - INFO: draw = 2
2025-10-24 10:43:14.493 - INFO: offset (startIndex) = 0
2025-10-24 10:43:14.493 - INFO: limit (length) = 10
2025-10-24 10:43:14.493 - INFO: sortBy = KD_DIST ASC
2025-10-24 10:43:14.493 - INFO: searchValue = 
2025-10-24 10:43:14.493 - INFO: vbln_usulan = 
2025-10-24 10:43:14.493 - INFO: vkd_bank = 
2025-10-24 10:43:14.493 - INFO: vkd_dist = 
2025-10-24 10:43:18.149 - INFO: Jumlah data dikembalikan: 1
2025-10-24 10:45:57.482 - INFO: vbln_usulan: 
2025-10-24 10:45:57.488 - INFO: draw = 1
2025-10-24 10:45:57.488 - INFO: offset (startIndex) = 0
2025-10-24 10:45:57.488 - INFO: limit (length) = 10
2025-10-24 10:45:57.488 - INFO: sortBy = KD_DIST ASC
2025-10-24 10:45:57.488 - INFO: searchValue = 
2025-10-24 10:45:57.488 - INFO: vbln_usulan = 
2025-10-24 10:45:57.488 - INFO: vkd_bank = 
2025-10-24 10:45:57.488 - INFO: vkd_dist = 
2025-10-24 10:45:57.650 - INFO: draw = 2
2025-10-24 10:45:57.650 - INFO: offset (startIndex) = 0
2025-10-24 10:45:57.650 - INFO: limit (length) = 10
2025-10-24 10:45:57.650 - INFO: sortBy = KD_DIST ASC
2025-10-24 10:45:57.650 - INFO: searchValue = 
2025-10-24 10:45:57.650 - INFO: vbln_usulan = 
2025-10-24 10:45:57.650 - INFO: vkd_bank = 
2025-10-24 10:45:57.650 - INFO: vkd_dist = 
2025-10-24 10:46:01.981 - INFO: Jumlah data dikembalikan: 1
2025-10-24 10:46:21.414 - INFO: draw = 3
2025-10-24 10:46:21.414 - INFO: offset (startIndex) = 0
2025-10-24 10:46:21.414 - INFO: limit (length) = 10
2025-10-24 10:46:21.414 - INFO: sortBy = KD_DIST ASC
2025-10-24 10:46:21.414 - INFO: searchValue = 
2025-10-24 10:46:21.414 - INFO: vbln_usulan = 
2025-10-24 10:46:21.414 - INFO: vkd_bank = 
2025-10-24 10:46:21.414 - INFO: vkd_dist = 
2025-10-24 10:46:24.908 - INFO: draw = 4
2025-10-24 10:46:24.908 - INFO: offset (startIndex) = 0
2025-10-24 10:46:24.908 - INFO: limit (length) = 10
2025-10-24 10:46:24.908 - INFO: sortBy = KD_DIST ASC
2025-10-24 10:46:24.908 - INFO: searchValue = 
2025-10-24 10:46:24.908 - INFO: vbln_usulan = 
2025-10-24 10:46:24.908 - INFO: vkd_bank = 
2025-10-24 10:46:24.908 - INFO: vkd_dist = 
2025-10-24 10:46:26.102 - INFO: draw = 5
2025-10-24 10:46:26.102 - INFO: offset (startIndex) = 0
2025-10-24 10:46:26.102 - INFO: limit (length) = 10
2025-10-24 10:46:26.102 - INFO: sortBy = KD_DIST ASC
2025-10-24 10:46:26.102 - INFO: searchValue = 
2025-10-24 10:46:26.102 - INFO: vbln_usulan = 
2025-10-24 10:46:26.102 - INFO: vkd_bank = 
2025-10-24 10:46:26.102 - INFO: vkd_dist = 
2025-10-24 10:46:27.436 - INFO: draw = 6
2025-10-24 10:46:27.437 - INFO: offset (startIndex) = 0
2025-10-24 10:46:27.437 - INFO: limit (length) = 10
2025-10-24 10:46:27.437 - INFO: sortBy = KD_DIST ASC
2025-10-24 10:46:27.437 - INFO: searchValue = 
2025-10-24 10:46:27.437 - INFO: vbln_usulan = 
2025-10-24 10:46:27.437 - INFO: vkd_bank = 
2025-10-24 10:46:27.437 - INFO: vkd_dist = 
2025-10-24 10:46:28.257 - INFO: draw = 7
2025-10-24 10:46:28.257 - INFO: offset (startIndex) = 0
2025-10-24 10:46:28.257 - INFO: limit (length) = 10
2025-10-24 10:46:28.257 - INFO: sortBy = KD_DIST ASC
2025-10-24 10:46:28.257 - INFO: searchValue = 
2025-10-24 10:46:28.257 - INFO: vbln_usulan = 
2025-10-24 10:46:28.257 - INFO: vkd_bank = 
2025-10-24 10:46:28.257 - INFO: vkd_dist = 
2025-10-24 10:46:29.035 - INFO: draw = 8
2025-10-24 10:46:29.036 - INFO: offset (startIndex) = 0
2025-10-24 10:46:29.036 - INFO: limit (length) = 10
2025-10-24 10:46:29.036 - INFO: sortBy = KD_DIST ASC
2025-10-24 10:46:29.036 - INFO: searchValue = 
2025-10-24 10:46:29.036 - INFO: vbln_usulan = 
2025-10-24 10:46:29.036 - INFO: vkd_bank = 
2025-10-24 10:46:29.036 - INFO: vkd_dist = 
2025-10-24 10:46:31.563 - INFO: draw = 9
2025-10-24 10:46:31.563 - INFO: offset (startIndex) = 0
2025-10-24 10:46:31.563 - INFO: limit (length) = 10
2025-10-24 10:46:31.563 - INFO: sortBy = KD_DIST ASC
2025-10-24 10:46:31.563 - INFO: searchValue = 
2025-10-24 10:46:31.563 - INFO: vbln_usulan = 
2025-10-24 10:46:31.563 - INFO: vkd_bank = 
2025-10-24 10:46:31.563 - INFO: vkd_dist = 
2025-10-24 12:49:12.580 - INFO: vbln_usulan: 202510
2025-10-24 12:49:12.581 - INFO: draw = 1
2025-10-24 12:49:12.583 - INFO: offset (startIndex) = 0
2025-10-24 12:49:12.583 - INFO: limit (length) = 10
2025-10-24 12:49:12.583 - INFO: sortBy = KD_DIST ASC
2025-10-24 12:49:12.583 - INFO: searchValue = 
2025-10-24 12:49:12.583 - INFO: vbln_usulan = 
2025-10-24 12:49:12.583 - INFO: vkd_bank = 
2025-10-24 12:49:12.584 - INFO: vkd_dist = 
2025-10-24 12:49:12.677 - INFO: draw = 2
2025-10-24 12:49:12.677 - INFO: offset (startIndex) = 0
2025-10-24 12:49:12.677 - INFO: limit (length) = 10
2025-10-24 12:49:12.677 - INFO: sortBy = KD_DIST ASC
2025-10-24 12:49:12.677 - INFO: searchValue = 
2025-10-24 12:49:12.677 - INFO: vbln_usulan = 
2025-10-24 12:49:12.678 - INFO: vkd_bank = 
2025-10-24 12:49:12.678 - INFO: vkd_dist = 
2025-10-24 12:49:15.763 - INFO: draw = 3
2025-10-24 12:49:15.764 - INFO: offset (startIndex) = 0
2025-10-24 12:49:15.764 - INFO: limit (length) = 10
2025-10-24 12:49:15.764 - INFO: sortBy = KD_DIST ASC
2025-10-24 12:49:15.764 - INFO: searchValue = 
2025-10-24 12:49:15.764 - INFO: vbln_usulan = 
2025-10-24 12:49:15.764 - INFO: vkd_bank = 
2025-10-24 12:49:15.764 - INFO: vkd_dist = 
2025-10-24 12:49:18.224 - INFO: Jumlah data dikembalikan: 24
2025-10-24 12:50:29.099 - INFO: vbln_usulan: 
2025-10-24 12:50:29.114 - INFO: draw = 1
2025-10-24 12:50:29.114 - INFO: offset (startIndex) = 0
2025-10-24 12:50:29.114 - INFO: limit (length) = 10
2025-10-24 12:50:29.114 - INFO: sortBy = KD_DIST ASC
2025-10-24 12:50:29.114 - INFO: searchValue = 
2025-10-24 12:50:29.114 - INFO: vbln_usulan = 
2025-10-24 12:50:29.114 - INFO: vkd_bank = 
2025-10-24 12:50:29.114 - INFO: vkd_dist = 
2025-10-24 12:50:29.277 - INFO: draw = 2
2025-10-24 12:50:29.277 - INFO: offset (startIndex) = 0
2025-10-24 12:50:29.277 - INFO: limit (length) = 10
2025-10-24 12:50:29.277 - INFO: sortBy = KD_DIST ASC
2025-10-24 12:50:29.277 - INFO: searchValue = 
2025-10-24 12:50:29.277 - INFO: vbln_usulan = 
2025-10-24 12:50:29.277 - INFO: vkd_bank = 
2025-10-24 12:50:29.277 - INFO: vkd_dist = 
2025-10-24 12:50:33.517 - INFO: Jumlah data dikembalikan: 1
2025-10-24 12:50:34.467 - INFO: draw = 3
2025-10-24 12:50:34.467 - INFO: offset (startIndex) = 0
2025-10-24 12:50:34.467 - INFO: limit (length) = 10
2025-10-24 12:50:34.467 - INFO: sortBy = KD_DIST ASC
2025-10-24 12:50:34.467 - INFO: searchValue = 
2025-10-24 12:50:34.467 - INFO: vbln_usulan = 
2025-10-24 12:50:34.468 - INFO: vkd_bank = 
2025-10-24 12:50:34.468 - INFO: vkd_dist = 
2025-10-24 12:50:37.101 - INFO: vbln_usulan: 202510
2025-10-24 12:50:37.114 - INFO: draw = 1
2025-10-24 12:50:37.115 - INFO: offset (startIndex) = 0
2025-10-24 12:50:37.115 - INFO: limit (length) = 10
2025-10-24 12:50:37.115 - INFO: sortBy = KD_DIST ASC
2025-10-24 12:50:37.115 - INFO: searchValue = 
2025-10-24 12:50:37.115 - INFO: vbln_usulan = 
2025-10-24 12:50:37.115 - INFO: vkd_bank = 
2025-10-24 12:50:37.115 - INFO: vkd_dist = 
2025-10-24 12:50:37.283 - INFO: draw = 2
2025-10-24 12:50:37.284 - INFO: offset (startIndex) = 0
2025-10-24 12:50:37.284 - INFO: limit (length) = 10
2025-10-24 12:50:37.284 - INFO: sortBy = KD_DIST ASC
2025-10-24 12:50:37.284 - INFO: searchValue = 
2025-10-24 12:50:37.284 - INFO: vbln_usulan = 
2025-10-24 12:50:37.284 - INFO: vkd_bank = 
2025-10-24 12:50:37.284 - INFO: vkd_dist = 
2025-10-24 12:50:38.190 - INFO: vbln_usulan: 202510
2025-10-24 12:50:38.198 - INFO: draw = 1
2025-10-24 12:50:38.199 - INFO: offset (startIndex) = 0
2025-10-24 12:50:38.199 - INFO: limit (length) = 10
2025-10-24 12:50:38.199 - INFO: sortBy = KD_DIST ASC
2025-10-24 12:50:38.199 - INFO: searchValue = 
2025-10-24 12:50:38.199 - INFO: vbln_usulan = 
2025-10-24 12:50:38.199 - INFO: vkd_bank = 
2025-10-24 12:50:38.199 - INFO: vkd_dist = 
2025-10-24 12:50:38.360 - INFO: draw = 2
2025-10-24 12:50:38.360 - INFO: offset (startIndex) = 0
2025-10-24 12:50:38.360 - INFO: limit (length) = 10
2025-10-24 12:50:38.360 - INFO: sortBy = KD_DIST ASC
2025-10-24 12:50:38.360 - INFO: searchValue = 
2025-10-24 12:50:38.360 - INFO: vbln_usulan = 
2025-10-24 12:50:38.360 - INFO: vkd_bank = 
2025-10-24 12:50:38.360 - INFO: vkd_dist = 
2025-10-24 12:50:41.993 - INFO: vbln_usulan: 202510
2025-10-24 12:50:42.009 - INFO: draw = 1
2025-10-24 12:50:42.009 - INFO: offset (startIndex) = 0
2025-10-24 12:50:42.010 - INFO: limit (length) = 10
2025-10-24 12:50:42.010 - INFO: sortBy = KD_DIST ASC
2025-10-24 12:50:42.010 - INFO: searchValue = 
2025-10-24 12:50:42.010 - INFO: vbln_usulan = 
2025-10-24 12:50:42.010 - INFO: vkd_bank = 
2025-10-24 12:50:42.010 - INFO: vkd_dist = 
2025-10-24 12:50:42.176 - INFO: draw = 2
2025-10-24 12:50:42.176 - INFO: offset (startIndex) = 0
2025-10-24 12:50:42.176 - INFO: limit (length) = 10
2025-10-24 12:50:42.176 - INFO: sortBy = KD_DIST ASC
2025-10-24 12:50:42.176 - INFO: searchValue = 
2025-10-24 12:50:42.176 - INFO: vbln_usulan = 
2025-10-24 12:50:42.176 - INFO: vkd_bank = 
2025-10-24 12:50:42.176 - INFO: vkd_dist = 
2025-10-24 12:50:43.680 - INFO: Jumlah data dikembalikan: 24
2025-10-24 12:50:44.074 - INFO: Jumlah data dikembalikan: 24
2025-10-24 12:50:46.940 - INFO: draw = 3
2025-10-24 12:50:46.940 - INFO: offset (startIndex) = 0
2025-10-24 12:50:46.940 - INFO: limit (length) = 10
2025-10-24 12:50:46.940 - INFO: sortBy = KD_DIST ASC
2025-10-24 12:50:46.940 - INFO: searchValue = 
2025-10-24 12:50:46.940 - INFO: vbln_usulan = 
2025-10-24 12:50:46.940 - INFO: vkd_bank = 
2025-10-24 12:50:46.940 - INFO: vkd_dist = 
2025-10-24 12:50:47.957 - INFO: draw = 4
2025-10-24 12:50:47.957 - INFO: offset (startIndex) = 0
2025-10-24 12:50:47.957 - INFO: limit (length) = 10
2025-10-24 12:50:47.957 - INFO: sortBy = KD_DIST ASC
2025-10-24 12:50:47.957 - INFO: searchValue = 
2025-10-24 12:50:47.957 - INFO: vbln_usulan = 
2025-10-24 12:50:47.957 - INFO: vkd_bank = 
2025-10-24 12:50:47.958 - INFO: vkd_dist = 
2025-10-24 12:50:48.341 - INFO: Jumlah data dikembalikan: 24
2025-10-24 12:50:48.897 - INFO: draw = 5
2025-10-24 12:50:48.898 - INFO: offset (startIndex) = 0
2025-10-24 12:50:48.898 - INFO: limit (length) = 10
2025-10-24 12:50:48.898 - INFO: sortBy = KD_DIST ASC
2025-10-24 12:50:48.898 - INFO: searchValue = 
2025-10-24 12:50:48.898 - INFO: vbln_usulan = 
2025-10-24 12:50:48.898 - INFO: vkd_bank = 
2025-10-24 12:50:48.898 - INFO: vkd_dist = 
2025-10-24 12:50:49.856 - INFO: draw = 6
2025-10-24 12:50:49.857 - INFO: offset (startIndex) = 0
2025-10-24 12:50:49.857 - INFO: limit (length) = 10
2025-10-24 12:50:49.857 - INFO: sortBy = KD_DIST ASC
2025-10-24 12:50:49.857 - INFO: searchValue = 
2025-10-24 12:50:49.857 - INFO: vbln_usulan = 
2025-10-24 12:50:49.857 - INFO: vkd_bank = 
2025-10-24 12:50:49.857 - INFO: vkd_dist = 
2025-10-24 12:50:50.835 - INFO: draw = 7
2025-10-24 12:50:50.835 - INFO: offset (startIndex) = 0
2025-10-24 12:50:50.835 - INFO: limit (length) = 10
2025-10-24 12:50:50.835 - INFO: sortBy = KD_DIST ASC
2025-10-24 12:50:50.835 - INFO: searchValue = 
2025-10-24 12:50:50.835 - INFO: vbln_usulan = 
2025-10-24 12:50:50.835 - INFO: vkd_bank = 
2025-10-24 12:50:50.835 - INFO: vkd_dist = 
2025-10-24 12:50:52.042 - INFO: draw = 8
2025-10-24 12:50:52.042 - INFO: offset (startIndex) = 0
2025-10-24 12:50:52.042 - INFO: limit (length) = 10
2025-10-24 12:50:52.042 - INFO: sortBy = KD_DIST ASC
2025-10-24 12:50:52.043 - INFO: searchValue = 
2025-10-24 12:50:52.043 - INFO: vbln_usulan = 
2025-10-24 12:50:52.043 - INFO: vkd_bank = 
2025-10-24 12:50:52.043 - INFO: vkd_dist = 
2025-10-24 12:50:52.779 - INFO: draw = 9
2025-10-24 12:50:52.779 - INFO: offset (startIndex) = 0
2025-10-24 12:50:52.779 - INFO: limit (length) = 10
2025-10-24 12:50:52.779 - INFO: sortBy = KD_DIST ASC
2025-10-24 12:50:52.779 - INFO: searchValue = 
2025-10-24 12:50:52.779 - INFO: vbln_usulan = 
2025-10-24 12:50:52.779 - INFO: vkd_bank = 
2025-10-24 12:50:52.779 - INFO: vkd_dist = 
2025-10-24 12:51:31.662 - INFO: vbln_usulan: 202510
2025-10-24 12:51:38.054 - INFO: Jumlah data dikembalikan: 24
2025-10-24 12:51:46.606 - INFO: draw = 10
2025-10-24 12:51:46.606 - INFO: offset (startIndex) = 0
2025-10-24 12:51:46.607 - INFO: limit (length) = 10
2025-10-24 12:51:46.607 - INFO: sortBy = KD_DIST ASC
2025-10-24 12:51:46.607 - INFO: searchValue = 
2025-10-24 12:51:46.607 - INFO: vbln_usulan = 
2025-10-24 12:51:46.607 - INFO: vkd_bank = 
2025-10-24 12:51:46.607 - INFO: vkd_dist = 
2025-10-24 12:51:48.091 - INFO: draw = 11
2025-10-24 12:51:48.091 - INFO: offset (startIndex) = 0
2025-10-24 12:51:48.091 - INFO: limit (length) = 10
2025-10-24 12:51:48.091 - INFO: sortBy = KD_DIST ASC
2025-10-24 12:51:48.091 - INFO: searchValue = 
2025-10-24 12:51:48.091 - INFO: vbln_usulan = 
2025-10-24 12:51:48.091 - INFO: vkd_bank = 
2025-10-24 12:51:48.091 - INFO: vkd_dist = 
2025-10-24 12:51:49.157 - INFO: draw = 12
2025-10-24 12:51:49.157 - INFO: offset (startIndex) = 0
2025-10-24 12:51:49.158 - INFO: limit (length) = 10
2025-10-24 12:51:49.158 - INFO: sortBy = KD_DIST ASC
2025-10-24 12:51:49.158 - INFO: searchValue = 
2025-10-24 12:51:49.158 - INFO: vbln_usulan = 
2025-10-24 12:51:49.158 - INFO: vkd_bank = 
2025-10-24 12:51:49.158 - INFO: vkd_dist = 
2025-10-24 12:52:35.855 - INFO: draw = 13
2025-10-24 12:52:35.855 - INFO: offset (startIndex) = 0
2025-10-24 12:52:35.855 - INFO: limit (length) = 10
2025-10-24 12:52:35.855 - INFO: sortBy = KD_DIST ASC
2025-10-24 12:52:35.855 - INFO: searchValue = 
2025-10-24 12:52:35.855 - INFO: vbln_usulan = 
2025-10-24 12:52:35.855 - INFO: vkd_bank = 
2025-10-24 12:52:35.855 - INFO: vkd_dist = 
2025-10-24 12:52:36.585 - INFO: draw = 14
2025-10-24 12:52:36.585 - INFO: offset (startIndex) = 0
2025-10-24 12:52:36.585 - INFO: limit (length) = 10
2025-10-24 12:52:36.585 - INFO: sortBy = KD_DIST ASC
2025-10-24 12:52:36.585 - INFO: searchValue = 
2025-10-24 12:52:36.586 - INFO: vbln_usulan = 
2025-10-24 12:52:36.586 - INFO: vkd_bank = 
2025-10-24 12:52:36.586 - INFO: vkd_dist = 
2025-10-24 12:52:37.332 - INFO: draw = 15
2025-10-24 12:52:37.332 - INFO: offset (startIndex) = 0
2025-10-24 12:52:37.332 - INFO: limit (length) = 10
2025-10-24 12:52:37.332 - INFO: sortBy = KD_DIST ASC
2025-10-24 12:52:37.332 - INFO: searchValue = 
2025-10-24 12:52:37.333 - INFO: vbln_usulan = 
2025-10-24 12:52:37.333 - INFO: vkd_bank = 
2025-10-24 12:52:37.333 - INFO: vkd_dist = 
2025-10-24 12:52:38.036 - INFO: draw = 16
2025-10-24 12:52:38.036 - INFO: offset (startIndex) = 0
2025-10-24 12:52:38.036 - INFO: limit (length) = 10
2025-10-24 12:52:38.036 - INFO: sortBy = KD_DIST ASC
2025-10-24 12:52:38.036 - INFO: searchValue = 
2025-10-24 12:52:38.036 - INFO: vbln_usulan = 
2025-10-24 12:52:38.036 - INFO: vkd_bank = 
2025-10-24 12:52:38.037 - INFO: vkd_dist = 
2025-10-24 12:52:39.810 - INFO: draw = 17
2025-10-24 12:52:39.810 - INFO: offset (startIndex) = 0
2025-10-24 12:52:39.810 - INFO: limit (length) = 10
2025-10-24 12:52:39.810 - INFO: sortBy = KD_DIST ASC
2025-10-24 12:52:39.810 - INFO: searchValue = 
2025-10-24 12:52:39.810 - INFO: vbln_usulan = 
2025-10-24 12:52:39.810 - INFO: vkd_bank = 
2025-10-24 12:52:39.811 - INFO: vkd_dist = 
2025-10-24 12:52:46.079 - INFO: draw = 18
2025-10-24 12:52:46.081 - INFO: offset (startIndex) = 0
2025-10-24 12:52:46.081 - INFO: limit (length) = 10
2025-10-24 12:52:46.081 - INFO: sortBy = KD_DIST ASC
2025-10-24 12:52:46.081 - INFO: searchValue = 
2025-10-24 12:52:46.081 - INFO: vbln_usulan = 
2025-10-24 12:52:46.081 - INFO: vkd_bank = 
2025-10-24 12:52:46.081 - INFO: vkd_dist = 
2025-10-24 12:52:50.928 - INFO: draw = 19
2025-10-24 12:52:50.928 - INFO: offset (startIndex) = 0
2025-10-24 12:52:50.928 - INFO: limit (length) = 10
2025-10-24 12:52:50.928 - INFO: sortBy = KD_DIST ASC
2025-10-24 12:52:50.928 - INFO: searchValue = 
2025-10-24 12:52:50.928 - INFO: vbln_usulan = 
2025-10-24 12:52:50.928 - INFO: vkd_bank = 
2025-10-24 12:52:50.928 - INFO: vkd_dist = 
2025-10-24 12:52:52.581 - INFO: vbln_usulan: 
2025-10-24 12:52:52.589 - INFO: draw = 1
2025-10-24 12:52:52.590 - INFO: offset (startIndex) = 0
2025-10-24 12:52:52.590 - INFO: limit (length) = 10
2025-10-24 12:52:52.590 - INFO: sortBy = KD_DIST ASC
2025-10-24 12:52:52.590 - INFO: searchValue = 
2025-10-24 12:52:52.590 - INFO: vbln_usulan = 
2025-10-24 12:52:52.590 - INFO: vkd_bank = 
2025-10-24 12:52:52.590 - INFO: vkd_dist = 
2025-10-24 12:52:52.755 - INFO: draw = 2
2025-10-24 12:52:52.755 - INFO: offset (startIndex) = 0
2025-10-24 12:52:52.755 - INFO: limit (length) = 10
2025-10-24 12:52:52.755 - INFO: sortBy = KD_DIST ASC
2025-10-24 12:52:52.755 - INFO: searchValue = 
2025-10-24 12:52:52.755 - INFO: vbln_usulan = 
2025-10-24 12:52:52.755 - INFO: vkd_bank = 
2025-10-24 12:52:52.755 - INFO: vkd_dist = 
2025-10-24 12:52:56.938 - INFO: Jumlah data dikembalikan: 1
2025-10-24 12:53:03.170 - INFO: draw = 3
2025-10-24 12:53:03.170 - INFO: offset (startIndex) = 0
2025-10-24 12:53:03.170 - INFO: limit (length) = 10
2025-10-24 12:53:03.170 - INFO: sortBy = KD_DIST ASC
2025-10-24 12:53:03.170 - INFO: searchValue = 
2025-10-24 12:53:03.170 - INFO: vbln_usulan = 
2025-10-24 12:53:03.170 - INFO: vkd_bank = 
2025-10-24 12:53:03.170 - INFO: vkd_dist = 
2025-10-24 12:53:08.882 - INFO: draw = 4
2025-10-24 12:53:08.882 - INFO: offset (startIndex) = 0
2025-10-24 12:53:08.882 - INFO: limit (length) = 10
2025-10-24 12:53:08.882 - INFO: sortBy = KD_DIST ASC
2025-10-24 12:53:08.882 - INFO: searchValue = 
2025-10-24 12:53:08.882 - INFO: vbln_usulan = 
2025-10-24 12:53:08.882 - INFO: vkd_bank = 
2025-10-24 12:53:08.882 - INFO: vkd_dist = 
2025-10-24 12:53:25.028 - INFO: draw = 5
2025-10-24 12:53:25.028 - INFO: offset (startIndex) = 0
2025-10-24 12:53:25.028 - INFO: limit (length) = 10
2025-10-24 12:53:25.028 - INFO: sortBy = KD_DIST ASC
2025-10-24 12:53:25.028 - INFO: searchValue = 
2025-10-24 12:53:25.028 - INFO: vbln_usulan = 
2025-10-24 12:53:25.028 - INFO: vkd_bank = 
2025-10-24 12:53:25.028 - INFO: vkd_dist = 
2025-10-24 12:53:25.316 - INFO: draw = 6
2025-10-24 12:53:25.316 - INFO: offset (startIndex) = 0
2025-10-24 12:53:25.317 - INFO: limit (length) = 10
2025-10-24 12:53:25.317 - INFO: sortBy = KD_DIST ASC
2025-10-24 12:53:25.317 - INFO: searchValue = 
2025-10-24 12:53:25.317 - INFO: vbln_usulan = 
2025-10-24 12:53:25.317 - INFO: vkd_bank = 
2025-10-24 12:53:25.317 - INFO: vkd_dist = 
2025-10-24 12:53:25.685 - INFO: draw = 7
2025-10-24 12:53:25.685 - INFO: offset (startIndex) = 0
2025-10-24 12:53:25.685 - INFO: limit (length) = 10
2025-10-24 12:53:25.685 - INFO: sortBy = KD_DIST ASC
2025-10-24 12:53:25.685 - INFO: searchValue = 
2025-10-24 12:53:25.685 - INFO: vbln_usulan = 
2025-10-24 12:53:25.686 - INFO: vkd_bank = 
2025-10-24 12:53:25.686 - INFO: vkd_dist = 
2025-10-24 12:53:26.598 - INFO: draw = 8
2025-10-24 12:53:26.598 - INFO: offset (startIndex) = 0
2025-10-24 12:53:26.598 - INFO: limit (length) = 10
2025-10-24 12:53:26.598 - INFO: sortBy = KD_DIST ASC
2025-10-24 12:53:26.598 - INFO: searchValue = 
2025-10-24 12:53:26.598 - INFO: vbln_usulan = 
2025-10-24 12:53:26.598 - INFO: vkd_bank = 
2025-10-24 12:53:26.598 - INFO: vkd_dist = 
2025-10-24 12:53:27.133 - INFO: draw = 9
2025-10-24 12:53:27.133 - INFO: offset (startIndex) = 0
2025-10-24 12:53:27.133 - INFO: limit (length) = 10
2025-10-24 12:53:27.133 - INFO: sortBy = KD_DIST ASC
2025-10-24 12:53:27.133 - INFO: searchValue = 
2025-10-24 12:53:27.133 - INFO: vbln_usulan = 
2025-10-24 12:53:27.133 - INFO: vkd_bank = 
2025-10-24 12:53:27.133 - INFO: vkd_dist = 
2025-10-24 12:53:29.329 - INFO: draw = 10
2025-10-24 12:53:29.329 - INFO: offset (startIndex) = 0
2025-10-24 12:53:29.329 - INFO: limit (length) = 10
2025-10-24 12:53:29.329 - INFO: sortBy = KD_DIST ASC
2025-10-24 12:53:29.329 - INFO: searchValue = 
2025-10-24 12:53:29.329 - INFO: vbln_usulan = 
2025-10-24 12:53:29.329 - INFO: vkd_bank = 
2025-10-24 12:53:29.329 - INFO: vkd_dist = 
2025-10-24 12:53:32.034 - INFO: draw = 11
2025-10-24 12:53:32.034 - INFO: offset (startIndex) = 0
2025-10-24 12:53:32.034 - INFO: limit (length) = 10
2025-10-24 12:53:32.034 - INFO: sortBy = KD_DIST ASC
2025-10-24 12:53:32.034 - INFO: searchValue = 
2025-10-24 12:53:32.034 - INFO: vbln_usulan = 
2025-10-24 12:53:32.034 - INFO: vkd_bank = 
2025-10-24 12:53:32.034 - INFO: vkd_dist = 
2025-10-24 12:53:32.359 - INFO: draw = 12
2025-10-24 12:53:32.359 - INFO: offset (startIndex) = 0
2025-10-24 12:53:32.359 - INFO: limit (length) = 10
2025-10-24 12:53:32.359 - INFO: sortBy = KD_DIST ASC
2025-10-24 12:53:32.359 - INFO: searchValue = 
2025-10-24 12:53:32.359 - INFO: vbln_usulan = 
2025-10-24 12:53:32.359 - INFO: vkd_bank = 
2025-10-24 12:53:32.359 - INFO: vkd_dist = 
2025-10-24 12:53:33.627 - INFO: draw = 13
2025-10-24 12:53:33.627 - INFO: offset (startIndex) = 0
2025-10-24 12:53:33.627 - INFO: limit (length) = 10
2025-10-24 12:53:33.627 - INFO: sortBy = KD_DIST ASC
2025-10-24 12:53:33.627 - INFO: searchValue = 
2025-10-24 12:53:33.627 - INFO: vbln_usulan = 
2025-10-24 12:53:33.627 - INFO: vkd_bank = 
2025-10-24 12:53:33.627 - INFO: vkd_dist = 
2025-10-24 12:53:36.398 - INFO: draw = 14
2025-10-24 12:53:36.398 - INFO: offset (startIndex) = 0
2025-10-24 12:53:36.398 - INFO: limit (length) = 10
2025-10-24 12:53:36.398 - INFO: sortBy = KD_DIST ASC
2025-10-24 12:53:36.398 - INFO: searchValue = 
2025-10-24 12:53:36.398 - INFO: vbln_usulan = 
2025-10-24 12:53:36.398 - INFO: vkd_bank = 
2025-10-24 12:53:36.398 - INFO: vkd_dist = 
2025-10-24 12:54:13.483 - INFO: vbln_usulan: 202510
2025-10-24 12:54:13.491 - INFO: draw = 1
2025-10-24 12:54:13.491 - INFO: offset (startIndex) = 0
2025-10-24 12:54:13.491 - INFO: limit (length) = 10
2025-10-24 12:54:13.491 - INFO: sortBy = KD_DIST ASC
2025-10-24 12:54:13.491 - INFO: searchValue = 
2025-10-24 12:54:13.491 - INFO: vbln_usulan = 
2025-10-24 12:54:13.491 - INFO: vkd_bank = 
2025-10-24 12:54:13.491 - INFO: vkd_dist = 
2025-10-24 12:54:13.661 - INFO: draw = 2
2025-10-24 12:54:13.661 - INFO: offset (startIndex) = 0
2025-10-24 12:54:13.661 - INFO: limit (length) = 10
2025-10-24 12:54:13.661 - INFO: sortBy = KD_DIST ASC
2025-10-24 12:54:13.661 - INFO: searchValue = 
2025-10-24 12:54:13.661 - INFO: vbln_usulan = 
2025-10-24 12:54:13.661 - INFO: vkd_bank = 
2025-10-24 12:54:13.661 - INFO: vkd_dist = 
2025-10-24 12:54:17.577 - INFO: draw = 3
2025-10-24 12:54:17.577 - INFO: offset (startIndex) = 0
2025-10-24 12:54:17.577 - INFO: limit (length) = 10
2025-10-24 12:54:17.577 - INFO: sortBy = KD_DIST ASC
2025-10-24 12:54:17.577 - INFO: searchValue = 
2025-10-24 12:54:17.577 - INFO: vbln_usulan = 
2025-10-24 12:54:17.577 - INFO: vkd_bank = 
2025-10-24 12:54:17.577 - INFO: vkd_dist = 
2025-10-24 12:54:18.160 - INFO: draw = 4
2025-10-24 12:54:18.160 - INFO: offset (startIndex) = 0
2025-10-24 12:54:18.160 - INFO: limit (length) = 10
2025-10-24 12:54:18.160 - INFO: sortBy = KD_DIST ASC
2025-10-24 12:54:18.160 - INFO: searchValue = 
2025-10-24 12:54:18.160 - INFO: vbln_usulan = 
2025-10-24 12:54:18.160 - INFO: vkd_bank = 
2025-10-24 12:54:18.160 - INFO: vkd_dist = 
2025-10-24 12:54:19.123 - INFO: Jumlah data dikembalikan: 24
2025-10-24 12:54:36.376 - INFO: vbln_usulan: 202510
2025-10-24 12:54:36.380 - INFO: draw = 1
2025-10-24 12:54:36.380 - INFO: offset (startIndex) = 0
2025-10-24 12:54:36.380 - INFO: limit (length) = 10
2025-10-24 12:54:36.380 - INFO: sortBy = KD_DIST ASC
2025-10-24 12:54:36.380 - INFO: searchValue = 
2025-10-24 12:54:36.380 - INFO: vbln_usulan = 
2025-10-24 12:54:36.380 - INFO: vkd_bank = 
2025-10-24 12:54:36.380 - INFO: vkd_dist = 
2025-10-24 12:54:36.545 - INFO: draw = 2
2025-10-24 12:54:36.545 - INFO: offset (startIndex) = 0
2025-10-24 12:54:36.545 - INFO: limit (length) = 10
2025-10-24 12:54:36.545 - INFO: sortBy = KD_DIST ASC
2025-10-24 12:54:36.545 - INFO: searchValue = 
2025-10-24 12:54:36.545 - INFO: vbln_usulan = 
2025-10-24 12:54:36.545 - INFO: vkd_bank = 
2025-10-24 12:54:36.545 - INFO: vkd_dist = 
2025-10-24 12:54:39.344 - INFO: draw = 3
2025-10-24 12:54:39.344 - INFO: offset (startIndex) = 0
2025-10-24 12:54:39.344 - INFO: limit (length) = 10
2025-10-24 12:54:39.344 - INFO: sortBy = KD_DIST ASC
2025-10-24 12:54:39.344 - INFO: searchValue = 
2025-10-24 12:54:39.344 - INFO: vbln_usulan = 
2025-10-24 12:54:39.344 - INFO: vkd_bank = 
2025-10-24 12:54:39.344 - INFO: vkd_dist = 
2025-10-24 12:54:40.079 - INFO: draw = 4
2025-10-24 12:54:40.079 - INFO: offset (startIndex) = 0
2025-10-24 12:54:40.079 - INFO: limit (length) = 10
2025-10-24 12:54:40.079 - INFO: sortBy = KD_DIST ASC
2025-10-24 12:54:40.079 - INFO: searchValue = 
2025-10-24 12:54:40.079 - INFO: vbln_usulan = 
2025-10-24 12:54:40.079 - INFO: vkd_bank = 
2025-10-24 12:54:40.079 - INFO: vkd_dist = 
2025-10-24 12:54:40.759 - INFO: draw = 5
2025-10-24 12:54:40.759 - INFO: offset (startIndex) = 0
2025-10-24 12:54:40.759 - INFO: limit (length) = 10
2025-10-24 12:54:40.759 - INFO: sortBy = KD_DIST ASC
2025-10-24 12:54:40.759 - INFO: searchValue = 
2025-10-24 12:54:40.759 - INFO: vbln_usulan = 
2025-10-24 12:54:40.759 - INFO: vkd_bank = 
2025-10-24 12:54:40.759 - INFO: vkd_dist = 
2025-10-24 12:54:41.461 - INFO: draw = 6
2025-10-24 12:54:41.461 - INFO: offset (startIndex) = 0
2025-10-24 12:54:41.461 - INFO: limit (length) = 10
2025-10-24 12:54:41.461 - INFO: sortBy = KD_DIST ASC
2025-10-24 12:54:41.461 - INFO: searchValue = 
2025-10-24 12:54:41.461 - INFO: vbln_usulan = 
2025-10-24 12:54:41.461 - INFO: vkd_bank = 
2025-10-24 12:54:41.461 - INFO: vkd_dist = 
2025-10-24 12:54:42.021 - INFO: Jumlah data dikembalikan: 24
2025-10-24 12:54:42.044 - INFO: draw = 7
2025-10-24 12:54:42.044 - INFO: offset (startIndex) = 0
2025-10-24 12:54:42.044 - INFO: limit (length) = 10
2025-10-24 12:54:42.044 - INFO: sortBy = KD_DIST ASC
2025-10-24 12:54:42.044 - INFO: searchValue = 
2025-10-24 12:54:42.044 - INFO: vbln_usulan = 
2025-10-24 12:54:42.044 - INFO: vkd_bank = 
2025-10-24 12:54:42.044 - INFO: vkd_dist = 
2025-10-24 12:54:44.235 - INFO: draw = 8
2025-10-24 12:54:44.235 - INFO: offset (startIndex) = 0
2025-10-24 12:54:44.235 - INFO: limit (length) = 10
2025-10-24 12:54:44.235 - INFO: sortBy = KD_DIST ASC
2025-10-24 12:54:44.235 - INFO: searchValue = 
2025-10-24 12:54:44.235 - INFO: vbln_usulan = 
2025-10-24 12:54:44.235 - INFO: vkd_bank = 
2025-10-24 12:54:44.235 - INFO: vkd_dist = 
2025-10-24 12:54:45.162 - INFO: draw = 9
2025-10-24 12:54:45.162 - INFO: offset (startIndex) = 0
2025-10-24 12:54:45.162 - INFO: limit (length) = 10
2025-10-24 12:54:45.162 - INFO: sortBy = KD_DIST ASC
2025-10-24 12:54:45.162 - INFO: searchValue = 
2025-10-24 12:54:45.162 - INFO: vbln_usulan = 
2025-10-24 12:54:45.162 - INFO: vkd_bank = 
2025-10-24 12:54:45.162 - INFO: vkd_dist = 
2025-10-24 12:54:52.910 - INFO: draw = 10
2025-10-24 12:54:52.910 - INFO: offset (startIndex) = 0
2025-10-24 12:54:52.910 - INFO: limit (length) = 10
2025-10-24 12:54:52.911 - INFO: sortBy = KD_DIST ASC
2025-10-24 12:54:52.911 - INFO: searchValue = 
2025-10-24 12:54:52.911 - INFO: vbln_usulan = 
2025-10-24 12:54:52.911 - INFO: vkd_bank = 
2025-10-24 12:54:52.911 - INFO: vkd_dist = 
2025-10-24 12:55:18.108 - INFO: draw = 11
2025-10-24 12:55:18.111 - INFO: offset (startIndex) = 0
2025-10-24 12:55:18.111 - INFO: limit (length) = 10
2025-10-24 12:55:18.111 - INFO: sortBy = KD_DIST ASC
2025-10-24 12:55:18.111 - INFO: searchValue = 
2025-10-24 12:55:18.111 - INFO: vbln_usulan = 
2025-10-24 12:55:18.111 - INFO: vkd_bank = 
2025-10-24 12:55:18.111 - INFO: vkd_dist = 
2025-10-24 12:55:22.941 - INFO: draw = 12
2025-10-24 12:55:22.941 - INFO: offset (startIndex) = 0
2025-10-24 12:55:22.941 - INFO: limit (length) = 10
2025-10-24 12:55:22.941 - INFO: sortBy = KD_DIST ASC
2025-10-24 12:55:22.941 - INFO: searchValue = 
2025-10-24 12:55:22.941 - INFO: vbln_usulan = 
2025-10-24 12:55:22.941 - INFO: vkd_bank = 
2025-10-24 12:55:22.941 - INFO: vkd_dist = 
2025-10-24 12:58:25.854 - INFO: vbln_usulan: 202510
2025-10-24 12:58:25.863 - INFO: draw = 1
2025-10-24 12:58:25.863 - INFO: offset (startIndex) = 0
2025-10-24 12:58:25.863 - INFO: limit (length) = 10
2025-10-24 12:58:25.863 - INFO: sortBy = KD_DIST ASC
2025-10-24 12:58:25.863 - INFO: searchValue = 
2025-10-24 12:58:25.863 - INFO: vbln_usulan = 
2025-10-24 12:58:25.863 - INFO: vkd_bank = 
2025-10-24 12:58:25.863 - INFO: vkd_dist = 
2025-10-24 12:58:26.023 - INFO: draw = 2
2025-10-24 12:58:26.023 - INFO: offset (startIndex) = 0
2025-10-24 12:58:26.023 - INFO: limit (length) = 10
2025-10-24 12:58:26.023 - INFO: sortBy = KD_DIST ASC
2025-10-24 12:58:26.023 - INFO: searchValue = 
2025-10-24 12:58:26.023 - INFO: vbln_usulan = 
2025-10-24 12:58:26.023 - INFO: vkd_bank = 
2025-10-24 12:58:26.023 - INFO: vkd_dist = 
2025-10-24 12:58:31.707 - INFO: vbln_usulan: 202510
2025-10-24 12:58:32.396 - INFO: Jumlah data dikembalikan: 24
2025-10-24 12:58:38.212 - INFO: Jumlah data dikembalikan: 24
2025-10-24 12:58:47.948 - INFO: vbln_usulan: 202510
2025-10-24 12:58:47.959 - INFO: draw = 1
2025-10-24 12:58:47.959 - INFO: offset (startIndex) = 0
2025-10-24 12:58:47.959 - INFO: limit (length) = 10
2025-10-24 12:58:47.959 - INFO: sortBy = KD_DIST ASC
2025-10-24 12:58:47.959 - INFO: searchValue = 
2025-10-24 12:58:47.959 - INFO: vbln_usulan = 
2025-10-24 12:58:47.959 - INFO: vkd_bank = 
2025-10-24 12:58:47.959 - INFO: vkd_dist = 
2025-10-24 12:58:48.118 - INFO: draw = 2
2025-10-24 12:58:48.118 - INFO: offset (startIndex) = 0
2025-10-24 12:58:48.118 - INFO: limit (length) = 10
2025-10-24 12:58:48.118 - INFO: sortBy = KD_DIST ASC
2025-10-24 12:58:48.118 - INFO: searchValue = 
2025-10-24 12:58:48.118 - INFO: vbln_usulan = 
2025-10-24 12:58:48.118 - INFO: vkd_bank = 
2025-10-24 12:58:48.118 - INFO: vkd_dist = 
2025-10-24 12:58:50.304 - INFO: vbln_usulan: 202510
2025-10-24 12:58:53.109 - INFO: draw = 3
2025-10-24 12:58:53.109 - INFO: offset (startIndex) = 0
2025-10-24 12:58:53.109 - INFO: limit (length) = 10
2025-10-24 12:58:53.109 - INFO: sortBy = KD_DIST ASC
2025-10-24 12:58:53.109 - INFO: searchValue = 
2025-10-24 12:58:53.109 - INFO: vbln_usulan = 
2025-10-24 12:58:53.109 - INFO: vkd_bank = 
2025-10-24 12:58:53.109 - INFO: vkd_dist = 
2025-10-24 12:58:53.790 - INFO: Jumlah data dikembalikan: 24
2025-10-24 12:58:56.785 - INFO: Jumlah data dikembalikan: 24
2025-10-24 12:59:09.272 - INFO: draw = 4
2025-10-24 12:59:09.272 - INFO: offset (startIndex) = 0
2025-10-24 12:59:09.272 - INFO: limit (length) = 10
2025-10-24 12:59:09.272 - INFO: sortBy = KD_DIST ASC
2025-10-24 12:59:09.272 - INFO: searchValue = 
2025-10-24 12:59:09.272 - INFO: vbln_usulan = 
2025-10-24 12:59:09.272 - INFO: vkd_bank = 
2025-10-24 12:59:09.272 - INFO: vkd_dist = 
2025-10-24 12:59:21.136 - INFO: draw = 5
2025-10-24 12:59:21.136 - INFO: offset (startIndex) = 0
2025-10-24 12:59:21.136 - INFO: limit (length) = 10
2025-10-24 12:59:21.136 - INFO: sortBy = KD_DIST ASC
2025-10-24 12:59:21.136 - INFO: searchValue = 
2025-10-24 12:59:21.136 - INFO: vbln_usulan = 
2025-10-24 12:59:21.136 - INFO: vkd_bank = 
2025-10-24 12:59:21.136 - INFO: vkd_dist = 
2025-10-24 12:59:21.759 - INFO: draw = 6
2025-10-24 12:59:21.759 - INFO: offset (startIndex) = 0
2025-10-24 12:59:21.759 - INFO: limit (length) = 10
2025-10-24 12:59:21.759 - INFO: sortBy = KD_DIST ASC
2025-10-24 12:59:21.759 - INFO: searchValue = 
2025-10-24 12:59:21.759 - INFO: vbln_usulan = 
2025-10-24 12:59:21.759 - INFO: vkd_bank = 
2025-10-24 12:59:21.759 - INFO: vkd_dist = 
2025-10-24 12:59:23.259 - INFO: draw = 7
2025-10-24 12:59:23.259 - INFO: offset (startIndex) = 0
2025-10-24 12:59:23.259 - INFO: limit (length) = 10
2025-10-24 12:59:23.259 - INFO: sortBy = KD_DIST ASC
2025-10-24 12:59:23.259 - INFO: searchValue = 
2025-10-24 12:59:23.259 - INFO: vbln_usulan = 
2025-10-24 12:59:23.259 - INFO: vkd_bank = 
2025-10-24 12:59:23.259 - INFO: vkd_dist = 
2025-10-24 12:59:24.244 - INFO: draw = 8
2025-10-24 12:59:24.244 - INFO: offset (startIndex) = 0
2025-10-24 12:59:24.244 - INFO: limit (length) = 10
2025-10-24 12:59:24.244 - INFO: sortBy = KD_DIST ASC
2025-10-24 12:59:24.244 - INFO: searchValue = 
2025-10-24 12:59:24.244 - INFO: vbln_usulan = 
2025-10-24 12:59:24.244 - INFO: vkd_bank = 
2025-10-24 12:59:24.244 - INFO: vkd_dist = 
2025-10-24 13:00:00.345 - INFO: vbln_usulan: 202510
2025-10-24 13:00:00.367 - INFO: draw = 1
2025-10-24 13:00:00.367 - INFO: offset (startIndex) = 0
2025-10-24 13:00:00.367 - INFO: limit (length) = 10
2025-10-24 13:00:00.367 - INFO: sortBy = KD_DIST ASC
2025-10-24 13:00:00.367 - INFO: searchValue = 
2025-10-24 13:00:00.367 - INFO: vbln_usulan = 
2025-10-24 13:00:00.367 - INFO: vkd_bank = 
2025-10-24 13:00:00.367 - INFO: vkd_dist = 
2025-10-24 13:00:00.543 - INFO: draw = 2
2025-10-24 13:00:00.543 - INFO: offset (startIndex) = 0
2025-10-24 13:00:00.543 - INFO: limit (length) = 10
2025-10-24 13:00:00.543 - INFO: sortBy = KD_DIST ASC
2025-10-24 13:00:00.543 - INFO: searchValue = 
2025-10-24 13:00:00.543 - INFO: vbln_usulan = 
2025-10-24 13:00:00.543 - INFO: vkd_bank = 
2025-10-24 13:00:00.543 - INFO: vkd_dist = 
2025-10-24 13:00:05.610 - INFO: vbln_usulan: 202510
2025-10-24 13:00:06.171 - INFO: Jumlah data dikembalikan: 24
2025-10-24 13:00:11.704 - INFO: Jumlah data dikembalikan: 24
2025-10-24 13:00:15.725 - INFO: draw = 3
2025-10-24 13:00:15.725 - INFO: offset (startIndex) = 0
2025-10-24 13:00:15.725 - INFO: limit (length) = 10
2025-10-24 13:00:15.725 - INFO: sortBy = KD_DIST ASC
2025-10-24 13:00:15.725 - INFO: searchValue = 
2025-10-24 13:00:15.725 - INFO: vbln_usulan = 
2025-10-24 13:00:15.725 - INFO: vkd_bank = 
2025-10-24 13:00:15.725 - INFO: vkd_dist = 
2025-10-24 13:00:28.715 - INFO: vbln_usulan: 202510
2025-10-24 13:00:28.720 - INFO: draw = 1
2025-10-24 13:00:28.720 - INFO: offset (startIndex) = 0
2025-10-24 13:00:28.720 - INFO: limit (length) = 10
2025-10-24 13:00:28.720 - INFO: sortBy = KD_DIST ASC
2025-10-24 13:00:28.720 - INFO: searchValue = 
2025-10-24 13:00:28.720 - INFO: vbln_usulan = 
2025-10-24 13:00:28.720 - INFO: vkd_bank = 
2025-10-24 13:00:28.720 - INFO: vkd_dist = 
2025-10-24 13:00:28.885 - INFO: draw = 2
2025-10-24 13:00:28.885 - INFO: offset (startIndex) = 0
2025-10-24 13:00:28.885 - INFO: limit (length) = 10
2025-10-24 13:00:28.885 - INFO: sortBy = KD_DIST ASC
2025-10-24 13:00:28.885 - INFO: searchValue = 
2025-10-24 13:00:28.885 - INFO: vbln_usulan = 
2025-10-24 13:00:28.885 - INFO: vkd_bank = 
2025-10-24 13:00:28.886 - INFO: vkd_dist = 
2025-10-24 13:00:29.989 - INFO: vbln_usulan: 202510
2025-10-24 13:00:34.869 - INFO: Jumlah data dikembalikan: 24
2025-10-24 13:00:35.685 - INFO: Jumlah data dikembalikan: 24
2025-10-24 13:00:54.920 - INFO: vbln_usulan: 202510
2025-10-24 13:00:54.938 - INFO: draw = 1
2025-10-24 13:00:54.938 - INFO: offset (startIndex) = 0
2025-10-24 13:00:54.938 - INFO: limit (length) = 10
2025-10-24 13:00:54.938 - INFO: sortBy = KD_DIST ASC
2025-10-24 13:00:54.938 - INFO: searchValue = 
2025-10-24 13:00:54.938 - INFO: vbln_usulan = 
2025-10-24 13:00:54.938 - INFO: vkd_bank = 
2025-10-24 13:00:54.938 - INFO: vkd_dist = 
2025-10-24 13:00:55.100 - INFO: draw = 2
2025-10-24 13:00:55.100 - INFO: offset (startIndex) = 0
2025-10-24 13:00:55.101 - INFO: limit (length) = 10
2025-10-24 13:00:55.101 - INFO: sortBy = KD_DIST ASC
2025-10-24 13:00:55.101 - INFO: searchValue = 
2025-10-24 13:00:55.101 - INFO: vbln_usulan = 
2025-10-24 13:00:55.101 - INFO: vkd_bank = 
2025-10-24 13:00:55.101 - INFO: vkd_dist = 
2025-10-24 13:01:01.300 - INFO: Jumlah data dikembalikan: 24
2025-10-24 13:01:27.562 - INFO: vbln_usulan: 202510
2025-10-24 13:01:27.566 - INFO: draw = 1
2025-10-24 13:01:27.566 - INFO: offset (startIndex) = 0
2025-10-24 13:01:27.566 - INFO: limit (length) = 10
2025-10-24 13:01:27.566 - INFO: sortBy = KD_DIST ASC
2025-10-24 13:01:27.566 - INFO: searchValue = 
2025-10-24 13:01:27.566 - INFO: vbln_usulan = 
2025-10-24 13:01:27.566 - INFO: vkd_bank = 
2025-10-24 13:01:27.566 - INFO: vkd_dist = 
2025-10-24 13:01:27.725 - INFO: draw = 2
2025-10-24 13:01:27.725 - INFO: offset (startIndex) = 0
2025-10-24 13:01:27.725 - INFO: limit (length) = 10
2025-10-24 13:01:27.725 - INFO: sortBy = KD_DIST ASC
2025-10-24 13:01:27.725 - INFO: searchValue = 
2025-10-24 13:01:27.725 - INFO: vbln_usulan = 
2025-10-24 13:01:27.725 - INFO: vkd_bank = 
2025-10-24 13:01:27.725 - INFO: vkd_dist = 
2025-10-24 13:01:33.135 - INFO: Jumlah data dikembalikan: 24
2025-10-24 13:01:58.990 - INFO: vbln_usulan: 202510
2025-10-24 13:01:58.994 - INFO: draw = 1
2025-10-24 13:01:58.994 - INFO: offset (startIndex) = 0
2025-10-24 13:01:58.994 - INFO: limit (length) = 10
2025-10-24 13:01:58.994 - INFO: sortBy = KD_DIST ASC
2025-10-24 13:01:58.994 - INFO: searchValue = 
2025-10-24 13:01:58.994 - INFO: vbln_usulan = 
2025-10-24 13:01:58.994 - INFO: vkd_bank = 
2025-10-24 13:01:58.994 - INFO: vkd_dist = 
2025-10-24 13:01:59.155 - INFO: draw = 2
2025-10-24 13:01:59.155 - INFO: offset (startIndex) = 0
2025-10-24 13:01:59.155 - INFO: limit (length) = 10
2025-10-24 13:01:59.155 - INFO: sortBy = KD_DIST ASC
2025-10-24 13:01:59.155 - INFO: searchValue = 
2025-10-24 13:01:59.155 - INFO: vbln_usulan = 
2025-10-24 13:01:59.155 - INFO: vkd_bank = 
2025-10-24 13:01:59.155 - INFO: vkd_dist = 
2025-10-24 13:02:01.109 - INFO: vbln_usulan: 202510
2025-10-24 13:02:04.580 - INFO: Jumlah data dikembalikan: 24
2025-10-24 13:02:07.555 - INFO: Jumlah data dikembalikan: 24
2025-10-24 13:02:57.401 - INFO: draw = 3
2025-10-24 13:02:57.401 - INFO: offset (startIndex) = 0
2025-10-24 13:02:57.401 - INFO: limit (length) = 10
2025-10-24 13:02:57.401 - INFO: sortBy = KD_DIST ASC
2025-10-24 13:02:57.401 - INFO: searchValue = 
2025-10-24 13:02:57.401 - INFO: vbln_usulan = 
2025-10-24 13:02:57.401 - INFO: vkd_bank = 
2025-10-24 13:02:57.401 - INFO: vkd_dist = 
2025-10-24 13:02:58.090 - INFO: draw = 4
2025-10-24 13:02:58.090 - INFO: offset (startIndex) = 0
2025-10-24 13:02:58.090 - INFO: limit (length) = 10
2025-10-24 13:02:58.090 - INFO: sortBy = KD_DIST ASC
2025-10-24 13:02:58.090 - INFO: searchValue = 
2025-10-24 13:02:58.090 - INFO: vbln_usulan = 
2025-10-24 13:02:58.090 - INFO: vkd_bank = 
2025-10-24 13:02:58.090 - INFO: vkd_dist = 
2025-10-24 13:03:00.666 - INFO: draw = 5
2025-10-24 13:03:00.666 - INFO: offset (startIndex) = 0
2025-10-24 13:03:00.666 - INFO: limit (length) = 10
2025-10-24 13:03:00.666 - INFO: sortBy = KD_DIST ASC
2025-10-24 13:03:00.666 - INFO: searchValue = 
2025-10-24 13:03:00.666 - INFO: vbln_usulan = 
2025-10-24 13:03:00.666 - INFO: vkd_bank = 
2025-10-24 13:03:00.666 - INFO: vkd_dist = 
2025-10-24 13:03:01.401 - INFO: draw = 6
2025-10-24 13:03:01.401 - INFO: offset (startIndex) = 0
2025-10-24 13:03:01.401 - INFO: limit (length) = 10
2025-10-24 13:03:01.401 - INFO: sortBy = KD_DIST ASC
2025-10-24 13:03:01.401 - INFO: searchValue = 
2025-10-24 13:03:01.401 - INFO: vbln_usulan = 
2025-10-24 13:03:01.401 - INFO: vkd_bank = 
2025-10-24 13:03:01.401 - INFO: vkd_dist = 
2025-10-24 13:11:31.056 - INFO: vbln_usulan: 202510
2025-10-24 13:11:31.063 - INFO: draw = 1
2025-10-24 13:11:31.063 - INFO: offset (startIndex) = 0
2025-10-24 13:11:31.063 - INFO: limit (length) = 10
2025-10-24 13:11:31.063 - INFO: sortBy = KD_DIST ASC
2025-10-24 13:11:31.063 - INFO: searchValue = 
2025-10-24 13:11:31.063 - INFO: vbln_usulan = 
2025-10-24 13:11:31.063 - INFO: vkd_bank = 
2025-10-24 13:11:31.063 - INFO: vkd_dist = 
2025-10-24 13:11:31.220 - INFO: draw = 2
2025-10-24 13:11:31.220 - INFO: offset (startIndex) = 0
2025-10-24 13:11:31.220 - INFO: limit (length) = 10
2025-10-24 13:11:31.220 - INFO: sortBy = KD_DIST ASC
2025-10-24 13:11:31.220 - INFO: searchValue = 
2025-10-24 13:11:31.220 - INFO: vbln_usulan = 
2025-10-24 13:11:31.220 - INFO: vkd_bank = 
2025-10-24 13:11:31.220 - INFO: vkd_dist = 
2025-10-24 13:11:34.216 - INFO: vbln_usulan: 202510
2025-10-24 13:11:37.485 - INFO: Jumlah data dikembalikan: 24
2025-10-24 13:11:40.680 - INFO: Jumlah data dikembalikan: 24
2025-10-24 13:12:11.824 - INFO: vbln_usulan: 202510
2025-10-24 13:12:11.830 - INFO: draw = 1
2025-10-24 13:12:11.830 - INFO: offset (startIndex) = 0
2025-10-24 13:12:11.830 - INFO: limit (length) = 10
2025-10-24 13:12:11.830 - INFO: sortBy = KD_DIST ASC
2025-10-24 13:12:11.830 - INFO: searchValue = 
2025-10-24 13:12:11.830 - INFO: vbln_usulan = 
2025-10-24 13:12:11.830 - INFO: vkd_bank = 
2025-10-24 13:12:11.830 - INFO: vkd_dist = 
2025-10-24 13:12:11.990 - INFO: draw = 2
2025-10-24 13:12:11.990 - INFO: offset (startIndex) = 0
2025-10-24 13:12:11.990 - INFO: limit (length) = 10
2025-10-24 13:12:11.990 - INFO: sortBy = KD_DIST ASC
2025-10-24 13:12:11.990 - INFO: searchValue = 
2025-10-24 13:12:11.990 - INFO: vbln_usulan = 
2025-10-24 13:12:11.990 - INFO: vkd_bank = 
2025-10-24 13:12:11.990 - INFO: vkd_dist = 
2025-10-24 13:12:15.872 - INFO: vbln_usulan: 202510
2025-10-24 13:12:18.262 - INFO: Jumlah data dikembalikan: 24
2025-10-24 13:12:21.003 - INFO: draw = 3
2025-10-24 13:12:21.003 - INFO: offset (startIndex) = 0
2025-10-24 13:12:21.003 - INFO: limit (length) = 10
2025-10-24 13:12:21.003 - INFO: sortBy = KD_DIST ASC
2025-10-24 13:12:21.003 - INFO: searchValue = 
2025-10-24 13:12:21.003 - INFO: vbln_usulan = 
2025-10-24 13:12:21.003 - INFO: vkd_bank = 
2025-10-24 13:12:21.003 - INFO: vkd_dist = 
2025-10-24 13:12:21.458 - INFO: Jumlah data dikembalikan: 24
2025-10-24 13:12:25.867 - INFO: draw = 4
2025-10-24 13:12:25.867 - INFO: offset (startIndex) = 0
2025-10-24 13:12:25.867 - INFO: limit (length) = 10
2025-10-24 13:12:25.867 - INFO: sortBy = KD_DIST ASC
2025-10-24 13:12:25.867 - INFO: searchValue = 
2025-10-24 13:12:25.867 - INFO: vbln_usulan = 
2025-10-24 13:12:25.867 - INFO: vkd_bank = 
2025-10-24 13:12:25.867 - INFO: vkd_dist = 
2025-10-24 13:15:05.534 - INFO: vbln_usulan: 
2025-10-24 13:15:05.546 - INFO: draw = 1
2025-10-24 13:15:05.547 - INFO: offset (startIndex) = 0
2025-10-24 13:15:05.547 - INFO: limit (length) = 10
2025-10-24 13:15:05.547 - INFO: sortBy = KD_DIST ASC
2025-10-24 13:15:05.547 - INFO: searchValue = 
2025-10-24 13:15:05.547 - INFO: vbln_usulan = 
2025-10-24 13:15:05.547 - INFO: vkd_bank = 
2025-10-24 13:15:05.547 - INFO: vkd_dist = 
2025-10-24 13:15:05.707 - INFO: draw = 2
2025-10-24 13:15:05.707 - INFO: offset (startIndex) = 0
2025-10-24 13:15:05.707 - INFO: limit (length) = 10
2025-10-24 13:15:05.707 - INFO: sortBy = KD_DIST ASC
2025-10-24 13:15:05.707 - INFO: searchValue = 
2025-10-24 13:15:05.707 - INFO: vbln_usulan = 
2025-10-24 13:15:05.707 - INFO: vkd_bank = 
2025-10-24 13:15:05.707 - INFO: vkd_dist = 
2025-10-24 13:15:10.041 - INFO: Jumlah data dikembalikan: 1
2025-10-24 13:15:40.076 - INFO: vbln_usulan: 
2025-10-24 13:15:40.104 - INFO: draw = 1
2025-10-24 13:15:40.104 - INFO: offset (startIndex) = 0
2025-10-24 13:15:40.104 - INFO: limit (length) = 10
2025-10-24 13:15:40.104 - INFO: sortBy = KD_DIST ASC
2025-10-24 13:15:40.104 - INFO: searchValue = 
2025-10-24 13:15:40.104 - INFO: vbln_usulan = 
2025-10-24 13:15:40.104 - INFO: vkd_bank = 
2025-10-24 13:15:40.104 - INFO: vkd_dist = 
2025-10-24 13:15:40.276 - INFO: draw = 2
2025-10-24 13:15:40.276 - INFO: offset (startIndex) = 0
2025-10-24 13:15:40.276 - INFO: limit (length) = 10
2025-10-24 13:15:40.276 - INFO: sortBy = KD_DIST ASC
2025-10-24 13:15:40.276 - INFO: searchValue = 
2025-10-24 13:15:40.276 - INFO: vbln_usulan = 
2025-10-24 13:15:40.276 - INFO: vkd_bank = 
2025-10-24 13:15:40.276 - INFO: vkd_dist = 
2025-10-24 13:15:44.332 - INFO: Jumlah data dikembalikan: 1
2025-10-24 13:15:44.936 - INFO: draw = 3
2025-10-24 13:15:44.937 - INFO: offset (startIndex) = 0
2025-10-24 13:15:44.937 - INFO: limit (length) = 10
2025-10-24 13:15:44.937 - INFO: sortBy = KD_DIST ASC
2025-10-24 13:15:44.937 - INFO: searchValue = 
2025-10-24 13:15:44.937 - INFO: vbln_usulan = 
2025-10-24 13:15:44.937 - INFO: vkd_bank = 
2025-10-24 13:15:44.937 - INFO: vkd_dist = 
2025-10-24 13:15:52.339 - INFO: draw = 4
2025-10-24 13:15:52.339 - INFO: offset (startIndex) = 0
2025-10-24 13:15:52.339 - INFO: limit (length) = 10
2025-10-24 13:15:52.339 - INFO: sortBy = KD_DIST ASC
2025-10-24 13:15:52.339 - INFO: searchValue = 
2025-10-24 13:15:52.339 - INFO: vbln_usulan = 
2025-10-24 13:15:52.339 - INFO: vkd_bank = 
2025-10-24 13:15:52.339 - INFO: vkd_dist = 
2025-10-24 13:15:54.105 - INFO: draw = 5
2025-10-24 13:15:54.105 - INFO: offset (startIndex) = 0
2025-10-24 13:15:54.105 - INFO: limit (length) = 10
2025-10-24 13:15:54.105 - INFO: sortBy = KD_DIST ASC
2025-10-24 13:15:54.106 - INFO: searchValue = 
2025-10-24 13:15:54.106 - INFO: vbln_usulan = 
2025-10-24 13:15:54.106 - INFO: vkd_bank = 
2025-10-24 13:15:54.106 - INFO: vkd_dist = 
2025-10-24 13:15:59.671 - INFO: draw = 6
2025-10-24 13:15:59.671 - INFO: offset (startIndex) = 0
2025-10-24 13:15:59.671 - INFO: limit (length) = 10
2025-10-24 13:15:59.671 - INFO: sortBy = KD_DIST ASC
2025-10-24 13:15:59.671 - INFO: searchValue = 
2025-10-24 13:15:59.671 - INFO: vbln_usulan = 
2025-10-24 13:15:59.671 - INFO: vkd_bank = 
2025-10-24 13:15:59.672 - INFO: vkd_dist = 
2025-10-24 13:16:01.189 - INFO: draw = 7
2025-10-24 13:16:01.189 - INFO: offset (startIndex) = 0
2025-10-24 13:16:01.189 - INFO: limit (length) = 10
2025-10-24 13:16:01.189 - INFO: sortBy = KD_DIST ASC
2025-10-24 13:16:01.189 - INFO: searchValue = 
2025-10-24 13:16:01.189 - INFO: vbln_usulan = 
2025-10-24 13:16:01.189 - INFO: vkd_bank = 
2025-10-24 13:16:01.190 - INFO: vkd_dist = 
2025-10-24 13:16:02.197 - INFO: draw = 8
2025-10-24 13:16:02.197 - INFO: offset (startIndex) = 0
2025-10-24 13:16:02.197 - INFO: limit (length) = 10
2025-10-24 13:16:02.197 - INFO: sortBy = KD_DIST ASC
2025-10-24 13:16:02.197 - INFO: searchValue = 
2025-10-24 13:16:02.197 - INFO: vbln_usulan = 
2025-10-24 13:16:02.197 - INFO: vkd_bank = 
2025-10-24 13:16:02.197 - INFO: vkd_dist = 
2025-10-24 13:16:02.968 - INFO: draw = 9
2025-10-24 13:16:02.968 - INFO: offset (startIndex) = 0
2025-10-24 13:16:02.968 - INFO: limit (length) = 10
2025-10-24 13:16:02.968 - INFO: sortBy = KD_DIST ASC
2025-10-24 13:16:02.968 - INFO: searchValue = 
2025-10-24 13:16:02.968 - INFO: vbln_usulan = 
2025-10-24 13:16:02.968 - INFO: vkd_bank = 
2025-10-24 13:16:02.968 - INFO: vkd_dist = 
2025-10-24 13:16:03.814 - INFO: draw = 10
2025-10-24 13:16:03.814 - INFO: offset (startIndex) = 0
2025-10-24 13:16:03.814 - INFO: limit (length) = 10
2025-10-24 13:16:03.814 - INFO: sortBy = KD_DIST ASC
2025-10-24 13:16:03.814 - INFO: searchValue = 
2025-10-24 13:16:03.814 - INFO: vbln_usulan = 
2025-10-24 13:16:03.814 - INFO: vkd_bank = 
2025-10-24 13:16:03.814 - INFO: vkd_dist = 
2025-10-24 13:16:04.574 - INFO: draw = 11
2025-10-24 13:16:04.574 - INFO: offset (startIndex) = 0
2025-10-24 13:16:04.574 - INFO: limit (length) = 10
2025-10-24 13:16:04.574 - INFO: sortBy = KD_DIST ASC
2025-10-24 13:16:04.574 - INFO: searchValue = 
2025-10-24 13:16:04.574 - INFO: vbln_usulan = 
2025-10-24 13:16:04.574 - INFO: vkd_bank = 
2025-10-24 13:16:04.574 - INFO: vkd_dist = 
2025-10-24 13:16:08.805 - INFO: draw = 12
2025-10-24 13:16:08.806 - INFO: offset (startIndex) = 0
2025-10-24 13:16:08.806 - INFO: limit (length) = 10
2025-10-24 13:16:08.806 - INFO: sortBy = KD_DIST ASC
2025-10-24 13:16:08.806 - INFO: searchValue = 
2025-10-24 13:16:08.806 - INFO: vbln_usulan = 
2025-10-24 13:16:08.806 - INFO: vkd_bank = 
2025-10-24 13:16:08.806 - INFO: vkd_dist = 
2025-10-24 13:16:11.570 - INFO: draw = 13
2025-10-24 13:16:11.571 - INFO: offset (startIndex) = 0
2025-10-24 13:16:11.571 - INFO: limit (length) = 10
2025-10-24 13:16:11.571 - INFO: sortBy = KD_DIST ASC
2025-10-24 13:16:11.571 - INFO: searchValue = 
2025-10-24 13:16:11.571 - INFO: vbln_usulan = 
2025-10-24 13:16:11.571 - INFO: vkd_bank = 
2025-10-24 13:16:11.571 - INFO: vkd_dist = 
2025-10-24 13:16:48.027 - INFO: vbln_usulan: 202510
2025-10-24 13:16:48.035 - INFO: draw = 1
2025-10-24 13:16:48.035 - INFO: offset (startIndex) = 0
2025-10-24 13:16:48.035 - INFO: limit (length) = 10
2025-10-24 13:16:48.035 - INFO: sortBy = KD_DIST ASC
2025-10-24 13:16:48.035 - INFO: searchValue = 
2025-10-24 13:16:48.035 - INFO: vbln_usulan = 
2025-10-24 13:16:48.035 - INFO: vkd_bank = 
2025-10-24 13:16:48.035 - INFO: vkd_dist = 
2025-10-24 13:16:48.192 - INFO: draw = 2
2025-10-24 13:16:48.192 - INFO: offset (startIndex) = 0
2025-10-24 13:16:48.192 - INFO: limit (length) = 10
2025-10-24 13:16:48.192 - INFO: sortBy = KD_DIST ASC
2025-10-24 13:16:48.192 - INFO: searchValue = 
2025-10-24 13:16:48.192 - INFO: vbln_usulan = 
2025-10-24 13:16:48.192 - INFO: vkd_bank = 
2025-10-24 13:16:48.192 - INFO: vkd_dist = 
2025-10-24 13:16:50.845 - INFO: draw = 3
2025-10-24 13:16:50.845 - INFO: offset (startIndex) = 0
2025-10-24 13:16:50.845 - INFO: limit (length) = 10
2025-10-24 13:16:50.845 - INFO: sortBy = KD_DIST ASC
2025-10-24 13:16:50.845 - INFO: searchValue = 
2025-10-24 13:16:50.845 - INFO: vbln_usulan = 
2025-10-24 13:16:50.845 - INFO: vkd_bank = 
2025-10-24 13:16:50.845 - INFO: vkd_dist = 
2025-10-24 13:16:54.445 - INFO: Jumlah data dikembalikan: 24
2025-10-24 13:17:23.444 - INFO: vbln_usulan: 202510
2025-10-24 13:17:23.461 - INFO: draw = 1
2025-10-24 13:17:23.461 - INFO: offset (startIndex) = 0
2025-10-24 13:17:23.461 - INFO: limit (length) = 10
2025-10-24 13:17:23.461 - INFO: sortBy = KD_DIST ASC
2025-10-24 13:17:23.461 - INFO: searchValue = 
2025-10-24 13:17:23.461 - INFO: vbln_usulan = 
2025-10-24 13:17:23.461 - INFO: vkd_bank = 
2025-10-24 13:17:23.461 - INFO: vkd_dist = 
2025-10-24 13:17:23.627 - INFO: draw = 2
2025-10-24 13:17:23.627 - INFO: offset (startIndex) = 0
2025-10-24 13:17:23.627 - INFO: limit (length) = 10
2025-10-24 13:17:23.627 - INFO: sortBy = KD_DIST ASC
2025-10-24 13:17:23.627 - INFO: searchValue = 
2025-10-24 13:17:23.627 - INFO: vbln_usulan = 
2025-10-24 13:17:23.627 - INFO: vkd_bank = 
2025-10-24 13:17:23.627 - INFO: vkd_dist = 
2025-10-24 13:17:28.766 - INFO: draw = 3
2025-10-24 13:17:28.766 - INFO: offset (startIndex) = 0
2025-10-24 13:17:28.766 - INFO: limit (length) = 10
2025-10-24 13:17:28.766 - INFO: sortBy = KD_DIST ASC
2025-10-24 13:17:28.766 - INFO: searchValue = 
2025-10-24 13:17:28.766 - INFO: vbln_usulan = 
2025-10-24 13:17:28.766 - INFO: vkd_bank = 
2025-10-24 13:17:28.766 - INFO: vkd_dist = 
2025-10-24 13:17:29.903 - INFO: Jumlah data dikembalikan: 24
2025-10-24 13:17:36.364 - INFO: draw = 4
2025-10-24 13:17:36.364 - INFO: offset (startIndex) = 0
2025-10-24 13:17:36.364 - INFO: limit (length) = 10
2025-10-24 13:17:36.364 - INFO: sortBy = KD_DIST ASC
2025-10-24 13:17:36.364 - INFO: searchValue = 
2025-10-24 13:17:36.364 - INFO: vbln_usulan = 
2025-10-24 13:17:36.364 - INFO: vkd_bank = 
2025-10-24 13:17:36.364 - INFO: vkd_dist = 
2025-10-24 13:17:36.639 - INFO: draw = 5
2025-10-24 13:17:36.639 - INFO: offset (startIndex) = 0
2025-10-24 13:17:36.639 - INFO: limit (length) = 10
2025-10-24 13:17:36.639 - INFO: sortBy = KD_DIST ASC
2025-10-24 13:17:36.639 - INFO: searchValue = 
2025-10-24 13:17:36.639 - INFO: vbln_usulan = 
2025-10-24 13:17:36.639 - INFO: vkd_bank = 
2025-10-24 13:17:36.639 - INFO: vkd_dist = 
2025-10-24 13:17:36.919 - INFO: draw = 6
2025-10-24 13:17:36.919 - INFO: offset (startIndex) = 0
2025-10-24 13:17:36.919 - INFO: limit (length) = 10
2025-10-24 13:17:36.919 - INFO: sortBy = KD_DIST ASC
2025-10-24 13:17:36.919 - INFO: searchValue = 
2025-10-24 13:17:36.919 - INFO: vbln_usulan = 
2025-10-24 13:17:36.919 - INFO: vkd_bank = 
2025-10-24 13:17:36.919 - INFO: vkd_dist = 
2025-10-24 13:19:46.195 - INFO: vbln_usulan: 202510
2025-10-24 13:19:46.205 - INFO: draw = 1
2025-10-24 13:19:46.205 - INFO: offset (startIndex) = 0
2025-10-24 13:19:46.205 - INFO: limit (length) = 10
2025-10-24 13:19:46.205 - INFO: sortBy = KD_DIST ASC
2025-10-24 13:19:46.205 - INFO: searchValue = 
2025-10-24 13:19:46.205 - INFO: vbln_usulan = 
2025-10-24 13:19:46.205 - INFO: vkd_bank = 
2025-10-24 13:19:46.205 - INFO: vkd_dist = 
2025-10-24 13:19:46.361 - INFO: draw = 2
2025-10-24 13:19:46.361 - INFO: offset (startIndex) = 0
2025-10-24 13:19:46.361 - INFO: limit (length) = 10
2025-10-24 13:19:46.361 - INFO: sortBy = KD_DIST ASC
2025-10-24 13:19:46.361 - INFO: searchValue = 
2025-10-24 13:19:46.361 - INFO: vbln_usulan = 
2025-10-24 13:19:46.361 - INFO: vkd_bank = 
2025-10-24 13:19:46.361 - INFO: vkd_dist = 
2025-10-24 13:19:48.452 - INFO: draw = 3
2025-10-24 13:19:48.452 - INFO: offset (startIndex) = 0
2025-10-24 13:19:48.452 - INFO: limit (length) = 10
2025-10-24 13:19:48.452 - INFO: sortBy = KD_DIST ASC
2025-10-24 13:19:48.452 - INFO: searchValue = 
2025-10-24 13:19:48.452 - INFO: vbln_usulan = 
2025-10-24 13:19:48.452 - INFO: vkd_bank = 
2025-10-24 13:19:48.452 - INFO: vkd_dist = 
2025-10-24 13:19:52.644 - INFO: Jumlah data dikembalikan: 24
2025-10-24 13:20:55.857 - INFO: vbln_usulan: 202510
2025-10-24 13:20:55.863 - INFO: draw = 1
2025-10-24 13:20:55.863 - INFO: offset (startIndex) = 0
2025-10-24 13:20:55.863 - INFO: limit (length) = 10
2025-10-24 13:20:55.863 - INFO: sortBy = KD_DIST ASC
2025-10-24 13:20:55.863 - INFO: searchValue = 
2025-10-24 13:20:55.863 - INFO: vbln_usulan = 
2025-10-24 13:20:55.863 - INFO: vkd_bank = 
2025-10-24 13:20:55.863 - INFO: vkd_dist = 
2025-10-24 13:20:56.037 - INFO: draw = 2
2025-10-24 13:20:56.037 - INFO: offset (startIndex) = 0
2025-10-24 13:20:56.037 - INFO: limit (length) = 10
2025-10-24 13:20:56.037 - INFO: sortBy = KD_DIST ASC
2025-10-24 13:20:56.037 - INFO: searchValue = 
2025-10-24 13:20:56.037 - INFO: vbln_usulan = 
2025-10-24 13:20:56.037 - INFO: vkd_bank = 
2025-10-24 13:20:56.037 - INFO: vkd_dist = 
2025-10-24 13:21:02.310 - INFO: Jumlah data dikembalikan: 24
2025-10-24 13:21:14.536 - INFO: vbln_usulan: 202510
2025-10-24 13:21:14.542 - INFO: draw = 1
2025-10-24 13:21:14.542 - INFO: offset (startIndex) = 0
2025-10-24 13:21:14.542 - INFO: limit (length) = 10
2025-10-24 13:21:14.542 - INFO: sortBy = KD_DIST ASC
2025-10-24 13:21:14.542 - INFO: searchValue = 
2025-10-24 13:21:14.542 - INFO: vbln_usulan = 
2025-10-24 13:21:14.542 - INFO: vkd_bank = 
2025-10-24 13:21:14.542 - INFO: vkd_dist = 
2025-10-24 13:21:14.699 - INFO: draw = 2
2025-10-24 13:21:14.699 - INFO: offset (startIndex) = 0
2025-10-24 13:21:14.699 - INFO: limit (length) = 10
2025-10-24 13:21:14.699 - INFO: sortBy = KD_DIST ASC
2025-10-24 13:21:14.699 - INFO: searchValue = 
2025-10-24 13:21:14.699 - INFO: vbln_usulan = 
2025-10-24 13:21:14.699 - INFO: vkd_bank = 
2025-10-24 13:21:14.699 - INFO: vkd_dist = 
2025-10-24 13:21:20.917 - INFO: Jumlah data dikembalikan: 24
2025-10-24 13:21:54.922 - INFO: vbln_usulan: 202510
2025-10-24 13:21:54.927 - INFO: draw = 1
2025-10-24 13:21:54.927 - INFO: offset (startIndex) = 0
2025-10-24 13:21:54.927 - INFO: limit (length) = 10
2025-10-24 13:21:54.927 - INFO: sortBy = KD_DIST ASC
2025-10-24 13:21:54.927 - INFO: searchValue = 
2025-10-24 13:21:54.927 - INFO: vbln_usulan = 
2025-10-24 13:21:54.927 - INFO: vkd_bank = 
2025-10-24 13:21:54.927 - INFO: vkd_dist = 
2025-10-24 13:21:55.082 - INFO: draw = 2
2025-10-24 13:21:55.082 - INFO: offset (startIndex) = 0
2025-10-24 13:21:55.082 - INFO: limit (length) = 10
2025-10-24 13:21:55.082 - INFO: sortBy = KD_DIST ASC
2025-10-24 13:21:55.082 - INFO: searchValue = 
2025-10-24 13:21:55.082 - INFO: vbln_usulan = 
2025-10-24 13:21:55.082 - INFO: vkd_bank = 
2025-10-24 13:21:55.082 - INFO: vkd_dist = 
2025-10-24 13:21:59.765 - INFO: vbln_usulan: 202510
2025-10-24 13:21:59.770 - INFO: draw = 1
2025-10-24 13:21:59.770 - INFO: offset (startIndex) = 0
2025-10-24 13:21:59.770 - INFO: limit (length) = 10
2025-10-24 13:21:59.770 - INFO: sortBy = KD_DIST ASC
2025-10-24 13:21:59.770 - INFO: searchValue = 
2025-10-24 13:21:59.770 - INFO: vbln_usulan = 
2025-10-24 13:21:59.770 - INFO: vkd_bank = 
2025-10-24 13:21:59.770 - INFO: vkd_dist = 
2025-10-24 13:21:59.917 - INFO: draw = 2
2025-10-24 13:21:59.917 - INFO: offset (startIndex) = 0
2025-10-24 13:21:59.917 - INFO: limit (length) = 10
2025-10-24 13:21:59.917 - INFO: sortBy = KD_DIST ASC
2025-10-24 13:21:59.917 - INFO: searchValue = 
2025-10-24 13:21:59.917 - INFO: vbln_usulan = 
2025-10-24 13:21:59.917 - INFO: vkd_bank = 
2025-10-24 13:21:59.917 - INFO: vkd_dist = 
2025-10-24 13:22:01.384 - INFO: Jumlah data dikembalikan: 24
2025-10-24 13:22:05.461 - INFO: Jumlah data dikembalikan: 24
2025-10-24 13:22:09.505 - INFO: draw = 3
2025-10-24 13:22:09.505 - INFO: offset (startIndex) = 0
2025-10-24 13:22:09.505 - INFO: limit (length) = 10
2025-10-24 13:22:09.505 - INFO: sortBy = KD_DIST ASC
2025-10-24 13:22:09.505 - INFO: searchValue = 
2025-10-24 13:22:09.505 - INFO: vbln_usulan = 
2025-10-24 13:22:09.505 - INFO: vkd_bank = 
2025-10-24 13:22:09.505 - INFO: vkd_dist = 
2025-10-24 13:23:33.967 - INFO: vbln_usulan: 202510
2025-10-24 13:23:33.975 - INFO: draw = 1
2025-10-24 13:23:33.975 - INFO: offset (startIndex) = 0
2025-10-24 13:23:33.975 - INFO: limit (length) = 10
2025-10-24 13:23:33.975 - INFO: sortBy = KD_DIST ASC
2025-10-24 13:23:33.975 - INFO: searchValue = 
2025-10-24 13:23:33.975 - INFO: vbln_usulan = 
2025-10-24 13:23:33.975 - INFO: vkd_bank = 
2025-10-24 13:23:33.975 - INFO: vkd_dist = 
2025-10-24 13:23:34.142 - INFO: draw = 2
2025-10-24 13:23:34.142 - INFO: offset (startIndex) = 0
2025-10-24 13:23:34.142 - INFO: limit (length) = 10
2025-10-24 13:23:34.142 - INFO: sortBy = KD_DIST ASC
2025-10-24 13:23:34.142 - INFO: searchValue = 
2025-10-24 13:23:34.142 - INFO: vbln_usulan = 
2025-10-24 13:23:34.142 - INFO: vkd_bank = 
2025-10-24 13:23:34.142 - INFO: vkd_dist = 
2025-10-24 13:23:38.760 - INFO: draw = 3
2025-10-24 13:23:38.760 - INFO: offset (startIndex) = 0
2025-10-24 13:23:38.760 - INFO: limit (length) = 10
2025-10-24 13:23:38.760 - INFO: sortBy = KD_DIST ASC
2025-10-24 13:23:38.760 - INFO: searchValue = 
2025-10-24 13:23:38.760 - INFO: vbln_usulan = 
2025-10-24 13:23:38.760 - INFO: vkd_bank = 
2025-10-24 13:23:38.760 - INFO: vkd_dist = 
2025-10-24 13:23:39.520 - INFO: Jumlah data dikembalikan: 24
2025-10-24 13:27:06.932 - INFO: vbln_usulan: 202510
2025-10-24 13:27:06.947 - INFO: draw = 1
2025-10-24 13:27:06.947 - INFO: offset (startIndex) = 0
2025-10-24 13:27:06.947 - INFO: limit (length) = 10
2025-10-24 13:27:06.947 - INFO: sortBy = KD_DIST ASC
2025-10-24 13:27:06.947 - INFO: searchValue = 
2025-10-24 13:27:06.947 - INFO: vbln_usulan = 
2025-10-24 13:27:06.947 - INFO: vkd_bank = 
2025-10-24 13:27:06.947 - INFO: vkd_dist = 
2025-10-24 13:27:07.119 - INFO: draw = 2
2025-10-24 13:27:07.119 - INFO: offset (startIndex) = 0
2025-10-24 13:27:07.119 - INFO: limit (length) = 10
2025-10-24 13:27:07.119 - INFO: sortBy = KD_DIST ASC
2025-10-24 13:27:07.119 - INFO: searchValue = 
2025-10-24 13:27:07.119 - INFO: vbln_usulan = 
2025-10-24 13:27:07.119 - INFO: vkd_bank = 
2025-10-24 13:27:07.119 - INFO: vkd_dist = 
2025-10-24 13:27:09.031 - INFO: draw = 3
2025-10-24 13:27:09.031 - INFO: offset (startIndex) = 0
2025-10-24 13:27:09.031 - INFO: limit (length) = 10
2025-10-24 13:27:09.031 - INFO: sortBy = KD_DIST ASC
2025-10-24 13:27:09.031 - INFO: searchValue = 
2025-10-24 13:27:09.031 - INFO: vbln_usulan = 
2025-10-24 13:27:09.031 - INFO: vkd_bank = 
2025-10-24 13:27:09.031 - INFO: vkd_dist = 
2025-10-24 13:27:12.762 - INFO: Jumlah data dikembalikan: 24
2025-10-24 13:27:23.452 - INFO: vbln_usulan: 202510
2025-10-24 13:27:23.457 - INFO: draw = 1
2025-10-24 13:27:23.457 - INFO: offset (startIndex) = 0
2025-10-24 13:27:23.457 - INFO: limit (length) = 10
2025-10-24 13:27:23.457 - INFO: sortBy = KD_DIST ASC
2025-10-24 13:27:23.457 - INFO: searchValue = 
2025-10-24 13:27:23.457 - INFO: vbln_usulan = 
2025-10-24 13:27:23.457 - INFO: vkd_bank = 
2025-10-24 13:27:23.457 - INFO: vkd_dist = 
2025-10-24 13:27:23.614 - INFO: draw = 2
2025-10-24 13:27:23.614 - INFO: offset (startIndex) = 0
2025-10-24 13:27:23.614 - INFO: limit (length) = 10
2025-10-24 13:27:23.614 - INFO: sortBy = KD_DIST ASC
2025-10-24 13:27:23.614 - INFO: searchValue = 
2025-10-24 13:27:23.614 - INFO: vbln_usulan = 
2025-10-24 13:27:23.614 - INFO: vkd_bank = 
2025-10-24 13:27:23.614 - INFO: vkd_dist = 
2025-10-24 13:27:27.845 - INFO: draw = 3
2025-10-24 13:27:27.845 - INFO: offset (startIndex) = 0
2025-10-24 13:27:27.845 - INFO: limit (length) = 10
2025-10-24 13:27:27.845 - INFO: sortBy = KD_DIST ASC
2025-10-24 13:27:27.845 - INFO: searchValue = 
2025-10-24 13:27:27.845 - INFO: vbln_usulan = 
2025-10-24 13:27:27.845 - INFO: vkd_bank = 
2025-10-24 13:27:27.845 - INFO: vkd_dist = 
2025-10-24 13:27:29.049 - INFO: Jumlah data dikembalikan: 24
2025-10-24 13:27:29.298 - INFO: draw = 4
2025-10-24 13:27:29.298 - INFO: offset (startIndex) = 0
2025-10-24 13:27:29.298 - INFO: limit (length) = 10
2025-10-24 13:27:29.299 - INFO: sortBy = KD_DIST ASC
2025-10-24 13:27:29.299 - INFO: searchValue = 
2025-10-24 13:27:29.299 - INFO: vbln_usulan = 
2025-10-24 13:27:29.299 - INFO: vkd_bank = 
2025-10-24 13:27:29.299 - INFO: vkd_dist = 
2025-10-24 13:27:34.064 - INFO: draw = 5
2025-10-24 13:27:34.064 - INFO: offset (startIndex) = 0
2025-10-24 13:27:34.064 - INFO: limit (length) = 10
2025-10-24 13:27:34.064 - INFO: sortBy = KD_DIST ASC
2025-10-24 13:27:34.064 - INFO: searchValue = 
2025-10-24 13:27:34.064 - INFO: vbln_usulan = 
2025-10-24 13:27:34.064 - INFO: vkd_bank = 
2025-10-24 13:27:34.064 - INFO: vkd_dist = 
2025-10-24 13:27:42.460 - INFO: draw = 6
2025-10-24 13:27:42.460 - INFO: offset (startIndex) = 0
2025-10-24 13:27:42.460 - INFO: limit (length) = 10
2025-10-24 13:27:42.460 - INFO: sortBy = KD_DIST ASC
2025-10-24 13:27:42.460 - INFO: searchValue = 
2025-10-24 13:27:42.460 - INFO: vbln_usulan = 
2025-10-24 13:27:42.460 - INFO: vkd_bank = 
2025-10-24 13:27:42.460 - INFO: vkd_dist = 
2025-10-24 13:27:44.528 - INFO: draw = 7
2025-10-24 13:27:44.528 - INFO: offset (startIndex) = 0
2025-10-24 13:27:44.528 - INFO: limit (length) = 10
2025-10-24 13:27:44.528 - INFO: sortBy = KD_DIST ASC
2025-10-24 13:27:44.528 - INFO: searchValue = 
2025-10-24 13:27:44.528 - INFO: vbln_usulan = 
2025-10-24 13:27:44.528 - INFO: vkd_bank = 
2025-10-24 13:27:44.528 - INFO: vkd_dist = 
2025-10-24 13:27:46.528 - INFO: draw = 8
2025-10-24 13:27:46.528 - INFO: offset (startIndex) = 0
2025-10-24 13:27:46.528 - INFO: limit (length) = 10
2025-10-24 13:27:46.528 - INFO: sortBy = KD_DIST ASC
2025-10-24 13:27:46.528 - INFO: searchValue = 
2025-10-24 13:27:46.528 - INFO: vbln_usulan = 
2025-10-24 13:27:46.528 - INFO: vkd_bank = 
2025-10-24 13:27:46.528 - INFO: vkd_dist = 
2025-10-24 13:27:47.510 - INFO: draw = 9
2025-10-24 13:27:47.510 - INFO: offset (startIndex) = 0
2025-10-24 13:27:47.510 - INFO: limit (length) = 10
2025-10-24 13:27:47.510 - INFO: sortBy = KD_DIST ASC
2025-10-24 13:27:47.510 - INFO: searchValue = 
2025-10-24 13:27:47.510 - INFO: vbln_usulan = 
2025-10-24 13:27:47.510 - INFO: vkd_bank = 
2025-10-24 13:27:47.510 - INFO: vkd_dist = 
2025-10-24 13:27:48.509 - INFO: draw = 10
2025-10-24 13:27:48.509 - INFO: offset (startIndex) = 0
2025-10-24 13:27:48.509 - INFO: limit (length) = 10
2025-10-24 13:27:48.509 - INFO: sortBy = KD_DIST ASC
2025-10-24 13:27:48.509 - INFO: searchValue = 
2025-10-24 13:27:48.509 - INFO: vbln_usulan = 
2025-10-24 13:27:48.509 - INFO: vkd_bank = 
2025-10-24 13:27:48.509 - INFO: vkd_dist = 
2025-10-24 13:27:49.191 - INFO: draw = 11
2025-10-24 13:27:49.191 - INFO: offset (startIndex) = 0
2025-10-24 13:27:49.191 - INFO: limit (length) = 10
2025-10-24 13:27:49.191 - INFO: sortBy = KD_DIST ASC
2025-10-24 13:27:49.191 - INFO: searchValue = 
2025-10-24 13:27:49.191 - INFO: vbln_usulan = 
2025-10-24 13:27:49.191 - INFO: vkd_bank = 
2025-10-24 13:27:49.191 - INFO: vkd_dist = 
2025-10-24 13:27:49.975 - INFO: draw = 12
2025-10-24 13:27:49.975 - INFO: offset (startIndex) = 0
2025-10-24 13:27:49.975 - INFO: limit (length) = 10
2025-10-24 13:27:49.975 - INFO: sortBy = KD_DIST ASC
2025-10-24 13:27:49.975 - INFO: searchValue = 
2025-10-24 13:27:49.975 - INFO: vbln_usulan = 
2025-10-24 13:27:49.975 - INFO: vkd_bank = 
2025-10-24 13:27:49.975 - INFO: vkd_dist = 
2025-10-24 13:27:50.559 - INFO: draw = 13
2025-10-24 13:27:50.559 - INFO: offset (startIndex) = 0
2025-10-24 13:27:50.559 - INFO: limit (length) = 10
2025-10-24 13:27:50.559 - INFO: sortBy = KD_DIST ASC
2025-10-24 13:27:50.559 - INFO: searchValue = 
2025-10-24 13:27:50.559 - INFO: vbln_usulan = 
2025-10-24 13:27:50.559 - INFO: vkd_bank = 
2025-10-24 13:27:50.559 - INFO: vkd_dist = 
2025-10-24 13:28:00.673 - INFO: vbln_usulan: 202510
2025-10-24 13:28:00.679 - INFO: draw = 1
2025-10-24 13:28:00.679 - INFO: offset (startIndex) = 0
2025-10-24 13:28:00.679 - INFO: limit (length) = 10
2025-10-24 13:28:00.679 - INFO: sortBy = KD_DIST ASC
2025-10-24 13:28:00.679 - INFO: searchValue = 
2025-10-24 13:28:00.679 - INFO: vbln_usulan = 
2025-10-24 13:28:00.679 - INFO: vkd_bank = 
2025-10-24 13:28:00.679 - INFO: vkd_dist = 
2025-10-24 13:28:00.843 - INFO: draw = 2
2025-10-24 13:28:00.843 - INFO: offset (startIndex) = 0
2025-10-24 13:28:00.843 - INFO: limit (length) = 10
2025-10-24 13:28:00.843 - INFO: sortBy = KD_DIST ASC
2025-10-24 13:28:00.843 - INFO: searchValue = 
2025-10-24 13:28:00.843 - INFO: vbln_usulan = 
2025-10-24 13:28:00.843 - INFO: vkd_bank = 
2025-10-24 13:28:00.843 - INFO: vkd_dist = 
2025-10-24 13:28:06.342 - INFO: Jumlah data dikembalikan: 24
2025-10-24 13:28:26.859 - INFO: vbln_usulan: 202510
2025-10-24 13:28:26.863 - INFO: draw = 1
2025-10-24 13:28:26.863 - INFO: offset (startIndex) = 0
2025-10-24 13:28:26.863 - INFO: limit (length) = 10
2025-10-24 13:28:26.863 - INFO: sortBy = KD_DIST ASC
2025-10-24 13:28:26.863 - INFO: searchValue = 
2025-10-24 13:28:26.863 - INFO: vbln_usulan = 
2025-10-24 13:28:26.863 - INFO: vkd_bank = 
2025-10-24 13:28:26.863 - INFO: vkd_dist = 
2025-10-24 13:28:27.023 - INFO: draw = 2
2025-10-24 13:28:27.023 - INFO: offset (startIndex) = 0
2025-10-24 13:28:27.023 - INFO: limit (length) = 10
2025-10-24 13:28:27.023 - INFO: sortBy = KD_DIST ASC
2025-10-24 13:28:27.023 - INFO: searchValue = 
2025-10-24 13:28:27.023 - INFO: vbln_usulan = 
2025-10-24 13:28:27.023 - INFO: vkd_bank = 
2025-10-24 13:28:27.023 - INFO: vkd_dist = 
2025-10-24 13:28:33.319 - INFO: Jumlah data dikembalikan: 24
2025-10-24 13:28:49.742 - INFO: draw = 3
2025-10-24 13:28:49.742 - INFO: offset (startIndex) = 0
2025-10-24 13:28:49.742 - INFO: limit (length) = 10
2025-10-24 13:28:49.742 - INFO: sortBy = KD_DIST ASC
2025-10-24 13:28:49.742 - INFO: searchValue = 
2025-10-24 13:28:49.742 - INFO: vbln_usulan = 202510
2025-10-24 13:28:49.742 - INFO: vkd_bank = 200
2025-10-24 13:28:49.742 - INFO: vkd_dist = 11
