2026-07-08 07:59:43.401 - INFO: draw = 1
2026-07-08 07:59:43.403 - INFO: offset (startIndex) = 0
2026-07-08 07:59:43.403 - INFO: limit (length) = 10
2026-07-08 07:59:43.403 - INFO: sortBy = KD_DIST ASC
2026-07-08 07:59:43.403 - INFO: searchValue = 
2026-07-08 07:59:43.404 - INFO: vbln_usulan = 
2026-07-08 07:59:43.404 - INFO: vkd_bank = 
2026-07-08 07:59:43.404 - INFO: vkd_dist = 
2026-07-08 08:02:22.907 - INFO: draw = 1
2026-07-08 08:02:22.910 - INFO: offset (startIndex) = 0
2026-07-08 08:02:22.910 - INFO: limit (length) = 10
2026-07-08 08:02:22.910 - INFO: sortBy = KD_DIST ASC
2026-07-08 08:02:22.911 - INFO: searchValue = 
2026-07-08 08:02:22.911 - INFO: vbln_usulan = 
2026-07-08 08:02:22.911 - INFO: vkd_bank = 
2026-07-08 08:02:22.912 - INFO: vkd_dist = 
2026-07-08 08:04:31.169 - INFO: draw = 1
2026-07-08 08:04:31.171 - INFO: offset (startIndex) = 0
2026-07-08 08:04:31.171 - INFO: limit (length) = 10
2026-07-08 08:04:31.171 - INFO: sortBy = KD_DIST ASC
2026-07-08 08:04:31.171 - INFO: searchValue = 
2026-07-08 08:04:31.171 - INFO: vbln_usulan = 
2026-07-08 08:04:31.171 - INFO: vkd_bank = 
2026-07-08 08:04:31.171 - INFO: vkd_dist = 
2026-07-08 08:05:46.241 - INFO: draw = 1
2026-07-08 08:05:46.242 - INFO: offset (startIndex) = 0
2026-07-08 08:05:46.242 - INFO: limit (length) = 10
2026-07-08 08:05:46.242 - INFO: sortBy = KD_DIST ASC
2026-07-08 08:05:46.243 - INFO: searchValue = 
2026-07-08 08:05:46.243 - INFO: vbln_usulan = 
2026-07-08 08:05:46.244 - INFO: vkd_bank = 
2026-07-08 08:05:46.244 - INFO: vkd_dist = 
2026-07-08 08:06:07.432 - INFO: draw = 2
2026-07-08 08:06:07.435 - INFO: offset (startIndex) = 0
2026-07-08 08:06:07.436 - INFO: limit (length) = 10
2026-07-08 08:06:07.436 - INFO: sortBy = KD_DIST ASC
2026-07-08 08:06:07.436 - INFO: searchValue = 
2026-07-08 08:06:07.436 - INFO: vbln_usulan = 
2026-07-08 08:06:07.436 - INFO: vkd_bank = 
2026-07-08 08:06:07.437 - INFO: vkd_dist = 00
2026-07-08 08:06:18.751 - INFO: draw = 1
2026-07-08 08:06:18.752 - INFO: offset (startIndex) = 0
2026-07-08 08:06:18.752 - INFO: limit (length) = 10
2026-07-08 08:06:18.752 - INFO: sortBy = KD_DIST ASC
2026-07-08 08:06:18.752 - INFO: searchValue = 
2026-07-08 08:06:18.752 - INFO: vbln_usulan = 
2026-07-08 08:06:18.752 - INFO: vkd_bank = 
2026-07-08 08:06:18.752 - INFO: vkd_dist = 
2026-07-08 08:09:23.460 - INFO: draw = 1
2026-07-08 08:09:23.462 - INFO: offset (startIndex) = 0
2026-07-08 08:09:23.462 - INFO: limit (length) = 10
2026-07-08 08:09:23.462 - INFO: sortBy = KD_DIST ASC
2026-07-08 08:09:23.462 - INFO: searchValue = 
2026-07-08 08:09:23.462 - INFO: vbln_usulan = 
2026-07-08 08:09:23.462 - INFO: vkd_bank = 
2026-07-08 08:09:23.462 - INFO: vkd_dist = 
2026-07-08 08:09:41.228 - INFO: draw = 1
2026-07-08 08:09:41.230 - INFO: offset (startIndex) = 0
2026-07-08 08:09:41.230 - INFO: limit (length) = 10
2026-07-08 08:09:41.230 - INFO: sortBy = KD_DIST ASC
2026-07-08 08:09:41.230 - INFO: searchValue = 
2026-07-08 08:09:41.231 - INFO: vbln_usulan = 
2026-07-08 08:09:41.231 - INFO: vkd_bank = 
2026-07-08 08:09:41.231 - INFO: vkd_dist = 
2026-07-08 08:10:12.692 - INFO: draw = 1
2026-07-08 08:10:12.693 - INFO: offset (startIndex) = 0
2026-07-08 08:10:12.693 - INFO: limit (length) = 10
2026-07-08 08:10:12.693 - INFO: sortBy = KD_DIST ASC
2026-07-08 08:10:12.693 - INFO: searchValue = 
2026-07-08 08:10:12.693 - INFO: vbln_usulan = 
2026-07-08 08:10:12.693 - INFO: vkd_bank = 
2026-07-08 08:10:12.693 - INFO: vkd_dist = 
2026-07-08 09:38:49.325 - INFO: draw = 1
2026-07-08 09:38:49.325 - INFO: offset (startIndex) = 0
2026-07-08 09:38:49.325 - INFO: limit (length) = 10
2026-07-08 09:38:49.326 - INFO: sortBy = KD_DIST ASC
2026-07-08 09:38:49.326 - INFO: searchValue = 
2026-07-08 09:38:49.326 - INFO: vbln_usulan = 
2026-07-08 09:38:49.326 - INFO: vkd_bank = 
2026-07-08 09:38:49.326 - INFO: vkd_dist = 
2026-07-08 09:43:54.892 - INFO: draw = 1
2026-07-08 09:43:54.893 - INFO: offset (startIndex) = 0
2026-07-08 09:43:54.893 - INFO: limit (length) = 10
2026-07-08 09:43:54.893 - INFO: sortBy = KD_DIST ASC
2026-07-08 09:43:54.893 - INFO: searchValue = 
2026-07-08 09:43:54.893 - INFO: vbln_usulan = 
2026-07-08 09:43:54.893 - INFO: vkd_bank = 
2026-07-08 09:43:54.893 - INFO: vkd_dist = 
2026-07-08 09:43:56.694 - INFO: draw = 1
2026-07-08 09:43:56.694 - INFO: offset (startIndex) = 0
2026-07-08 09:43:56.694 - INFO: limit (length) = 10
2026-07-08 09:43:56.694 - INFO: sortBy = KD_DIST ASC
2026-07-08 09:43:56.694 - INFO: searchValue = 
2026-07-08 09:43:56.694 - INFO: vbln_usulan = 
2026-07-08 09:43:56.694 - INFO: vkd_bank = 
2026-07-08 09:43:56.694 - INFO: vkd_dist = 
2026-07-08 09:46:42.924 - INFO: draw = 1
2026-07-08 09:46:42.925 - INFO: offset (startIndex) = 0
2026-07-08 09:46:42.925 - INFO: limit (length) = 10
2026-07-08 09:46:42.925 - INFO: sortBy = KD_DIST ASC
2026-07-08 09:46:42.925 - INFO: searchValue = 
2026-07-08 09:46:42.925 - INFO: vbln_usulan = 
2026-07-08 09:46:42.926 - INFO: vkd_bank = 
2026-07-08 09:46:42.926 - INFO: vkd_dist = 
2026-07-08 09:49:35.133 - INFO: draw = 1
2026-07-08 09:49:35.133 - INFO: offset (startIndex) = 0
2026-07-08 09:49:35.133 - INFO: limit (length) = 10
2026-07-08 09:49:35.133 - INFO: sortBy = KD_DIST ASC
2026-07-08 09:49:35.134 - INFO: searchValue = 
2026-07-08 09:49:35.134 - INFO: vbln_usulan = 
2026-07-08 09:49:35.134 - INFO: vkd_bank = 
2026-07-08 09:49:35.134 - INFO: vkd_dist = 
2026-07-08 10:24:25.897 - INFO: draw = 1
2026-07-08 10:24:25.898 - INFO: offset (startIndex) = 0
2026-07-08 10:24:25.898 - INFO: limit (length) = 10
2026-07-08 10:24:25.898 - INFO: sortBy = KD_DIST ASC
2026-07-08 10:24:25.898 - INFO: searchValue = 
2026-07-08 10:24:25.898 - INFO: vbln_usulan = 
2026-07-08 10:24:25.898 - INFO: vkd_bank = 
2026-07-08 10:24:25.898 - INFO: vkd_dist = 
2026-07-08 10:24:59.985 - INFO: draw = 2
2026-07-08 10:24:59.985 - INFO: offset (startIndex) = 0
2026-07-08 10:24:59.985 - INFO: limit (length) = 10
2026-07-08 10:24:59.985 - INFO: sortBy = KD_DIST ASC
2026-07-08 10:24:59.985 - INFO: searchValue = 
2026-07-08 10:24:59.985 - INFO: vbln_usulan = 
2026-07-08 10:24:59.986 - INFO: vkd_bank = 
2026-07-08 10:24:59.986 - INFO: vkd_dist = 00
2026-07-08 10:30:35.114 - INFO: draw = 1
2026-07-08 10:30:35.116 - INFO: offset (startIndex) = 0
2026-07-08 10:30:35.116 - INFO: limit (length) = 10
2026-07-08 10:30:35.116 - INFO: sortBy = KD_DIST ASC
2026-07-08 10:30:35.116 - INFO: searchValue = 
2026-07-08 10:30:35.116 - INFO: vbln_usulan = 
2026-07-08 10:30:35.116 - INFO: vkd_bank = 
2026-07-08 10:30:35.116 - INFO: vkd_dist = 
2026-07-08 10:31:59.585 - INFO: draw = 1
2026-07-08 10:31:59.585 - INFO: offset (startIndex) = 0
2026-07-08 10:31:59.585 - INFO: limit (length) = 10
2026-07-08 10:31:59.585 - INFO: sortBy = KD_DIST ASC
2026-07-08 10:31:59.585 - INFO: searchValue = 
2026-07-08 10:31:59.585 - INFO: vbln_usulan = 
2026-07-08 10:31:59.585 - INFO: vkd_bank = 
2026-07-08 10:31:59.585 - INFO: vkd_dist = 
2026-07-08 10:32:43.794 - INFO: draw = 2
2026-07-08 10:32:43.794 - INFO: offset (startIndex) = 0
2026-07-08 10:32:43.794 - INFO: limit (length) = 10
2026-07-08 10:32:43.794 - INFO: sortBy = KD_DIST ASC
2026-07-08 10:32:43.794 - INFO: searchValue = 
2026-07-08 10:32:43.794 - INFO: vbln_usulan = 
2026-07-08 10:32:43.794 - INFO: vkd_bank = 
2026-07-08 10:32:43.794 - INFO: vkd_dist = 00
2026-07-08 10:32:53.863 - INFO: draw = 3
2026-07-08 10:32:53.864 - INFO: offset (startIndex) = 0
2026-07-08 10:32:53.864 - INFO: limit (length) = 10
2026-07-08 10:32:53.864 - INFO: sortBy = KD_DIST ASC
2026-07-08 10:32:53.864 - INFO: searchValue = 
2026-07-08 10:32:53.864 - INFO: vbln_usulan = 
2026-07-08 10:32:53.864 - INFO: vkd_bank = 
2026-07-08 10:32:53.864 - INFO: vkd_dist = 14
2026-07-08 10:35:24.910 - INFO: draw = 1
2026-07-08 10:35:24.910 - INFO: offset (startIndex) = 0
2026-07-08 10:35:24.910 - INFO: limit (length) = 10
2026-07-08 10:35:24.910 - INFO: sortBy = KD_DIST ASC
2026-07-08 10:35:24.910 - INFO: searchValue = 
2026-07-08 10:35:24.910 - INFO: vbln_usulan = 
2026-07-08 10:35:24.910 - INFO: vkd_bank = 
2026-07-08 10:35:24.910 - INFO: vkd_dist = 
2026-07-08 10:36:15.719 - INFO: draw = 2
2026-07-08 10:36:15.719 - INFO: offset (startIndex) = 0
2026-07-08 10:36:15.719 - INFO: limit (length) = 10
2026-07-08 10:36:15.719 - INFO: sortBy = KD_DIST ASC
2026-07-08 10:36:15.719 - INFO: searchValue = 
2026-07-08 10:36:15.720 - INFO: vbln_usulan = 
2026-07-08 10:36:15.720 - INFO: vkd_bank = 200
2026-07-08 10:36:15.720 - INFO: vkd_dist = 14
2026-07-08 10:36:24.713 - INFO: draw = 3
2026-07-08 10:36:24.713 - INFO: offset (startIndex) = 0
2026-07-08 10:36:24.713 - INFO: limit (length) = 10
2026-07-08 10:36:24.713 - INFO: sortBy = KD_DIST ASC
2026-07-08 10:36:24.713 - INFO: searchValue = 
2026-07-08 10:36:24.714 - INFO: vbln_usulan = 
2026-07-08 10:36:24.714 - INFO: vkd_bank = 200
2026-07-08 10:36:24.714 - INFO: vkd_dist = 14
2026-07-08 10:37:09.527 - INFO: draw = 1
2026-07-08 10:37:09.528 - INFO: offset (startIndex) = 0
2026-07-08 10:37:09.528 - INFO: limit (length) = 10
2026-07-08 10:37:09.528 - INFO: sortBy = KD_DIST ASC
2026-07-08 10:37:09.528 - INFO: searchValue = 
2026-07-08 10:37:09.528 - INFO: vbln_usulan = 
2026-07-08 10:37:09.528 - INFO: vkd_bank = 
2026-07-08 10:37:09.528 - INFO: vkd_dist = 
2026-07-08 10:37:29.110 - INFO: draw = 2
2026-07-08 10:37:29.110 - INFO: offset (startIndex) = 0
2026-07-08 10:37:29.110 - INFO: limit (length) = 10
2026-07-08 10:37:29.110 - INFO: sortBy = KD_DIST ASC
2026-07-08 10:37:29.110 - INFO: searchValue = 
2026-07-08 10:37:29.111 - INFO: vbln_usulan = 202607
2026-07-08 10:37:29.111 - INFO: vkd_bank = 200
2026-07-08 10:37:29.111 - INFO: vkd_dist = 14
2026-07-08 10:45:28.972 - INFO: draw = 1
2026-07-08 10:45:28.972 - INFO: offset (startIndex) = 0
2026-07-08 10:45:28.973 - INFO: limit (length) = 10
2026-07-08 10:45:28.973 - INFO: sortBy = KD_DIST ASC
2026-07-08 10:45:28.973 - INFO: searchValue = 
2026-07-08 10:45:28.973 - INFO: vbln_usulan = 
2026-07-08 10:45:28.973 - INFO: vkd_bank = 
2026-07-08 10:45:28.973 - INFO: vkd_dist = 
2026-07-08 10:46:21.730 - INFO: draw = 2
2026-07-08 10:46:21.731 - INFO: offset (startIndex) = 0
2026-07-08 10:46:21.731 - INFO: limit (length) = 10
2026-07-08 10:46:21.731 - INFO: sortBy = KD_DIST ASC
2026-07-08 10:46:21.731 - INFO: searchValue = 
2026-07-08 10:46:21.731 - INFO: vbln_usulan = 202607
2026-07-08 10:46:21.731 - INFO: vkd_bank = 200
2026-07-08 10:46:21.731 - INFO: vkd_dist = 14
2026-07-08 13:02:26.582 - INFO: draw = 1
2026-07-08 13:02:26.584 - INFO: offset (startIndex) = 0
2026-07-08 13:02:26.584 - INFO: limit (length) = 10
2026-07-08 13:02:26.584 - INFO: sortBy = KD_DIST ASC
2026-07-08 13:02:26.584 - INFO: searchValue = 
2026-07-08 13:02:26.584 - INFO: vbln_usulan = 
2026-07-08 13:02:26.584 - INFO: vkd_bank = 
2026-07-08 13:02:26.585 - INFO: vkd_dist = 
2026-07-08 13:02:33.818 - INFO: draw = 1
2026-07-08 13:02:33.820 - INFO: offset (startIndex) = 0
2026-07-08 13:02:33.820 - INFO: limit (length) = 10
2026-07-08 13:02:33.820 - INFO: sortBy = KD_DIST ASC
2026-07-08 13:02:33.820 - INFO: searchValue = 
2026-07-08 13:02:33.820 - INFO: vbln_usulan = 
2026-07-08 13:02:33.820 - INFO: vkd_bank = 
2026-07-08 13:02:33.820 - INFO: vkd_dist = 
2026-07-08 13:09:36.774 - INFO: draw = 1
2026-07-08 13:09:36.775 - INFO: offset (startIndex) = 0
2026-07-08 13:09:36.776 - INFO: limit (length) = 10
2026-07-08 13:09:36.776 - INFO: sortBy = KD_DIST ASC
2026-07-08 13:09:36.776 - INFO: searchValue = 
2026-07-08 13:09:36.776 - INFO: vbln_usulan = 
2026-07-08 13:09:36.776 - INFO: vkd_bank = 
2026-07-08 13:09:36.776 - INFO: vkd_dist = 
2026-07-08 13:10:06.120 - INFO: draw = 2
2026-07-08 13:10:06.122 - INFO: offset (startIndex) = 0
2026-07-08 13:10:06.122 - INFO: limit (length) = 10
2026-07-08 13:10:06.122 - INFO: sortBy = KD_DIST ASC
2026-07-08 13:10:06.122 - INFO: searchValue = 
2026-07-08 13:10:06.122 - INFO: vbln_usulan = 202607
2026-07-08 13:10:06.122 - INFO: vkd_bank = 200
2026-07-08 13:10:06.122 - INFO: vkd_dist = 14
2026-07-08 13:10:57.274 - INFO: draw = 3
2026-07-08 13:10:57.275 - INFO: offset (startIndex) = 0
2026-07-08 13:10:57.275 - INFO: limit (length) = 10
2026-07-08 13:10:57.275 - INFO: sortBy = KD_DIST ASC
2026-07-08 13:10:57.275 - INFO: searchValue = 
2026-07-08 13:10:57.275 - INFO: vbln_usulan = 202607
2026-07-08 13:10:57.275 - INFO: vkd_bank = 200
2026-07-08 13:10:57.276 - INFO: vkd_dist = 14
2026-07-08 13:18:38.524 - INFO: draw = 4
2026-07-08 13:18:38.524 - INFO: offset (startIndex) = 0
2026-07-08 13:18:38.524 - INFO: limit (length) = 10
2026-07-08 13:18:38.524 - INFO: sortBy = KD_DIST ASC
2026-07-08 13:18:38.524 - INFO: searchValue = 
2026-07-08 13:18:38.524 - INFO: vbln_usulan = 202607
2026-07-08 13:18:38.524 - INFO: vkd_bank = 200
2026-07-08 13:18:38.524 - INFO: vkd_dist = 14
2026-07-08 13:18:51.343 - INFO: draw = 5
2026-07-08 13:18:51.343 - INFO: offset (startIndex) = 0
2026-07-08 13:18:51.343 - INFO: limit (length) = 10
2026-07-08 13:18:51.343 - INFO: sortBy = KD_DIST ASC
2026-07-08 13:18:51.343 - INFO: searchValue = 
2026-07-08 13:18:51.343 - INFO: vbln_usulan = 202607
2026-07-08 13:18:51.343 - INFO: vkd_bank = 200
2026-07-08 13:18:51.343 - INFO: vkd_dist = 14
2026-07-08 13:23:33.043 - INFO: draw = 1
2026-07-08 13:23:33.044 - INFO: offset (startIndex) = 0
2026-07-08 13:23:33.044 - INFO: limit (length) = 10
2026-07-08 13:23:33.045 - INFO: sortBy = KD_DIST ASC
2026-07-08 13:23:33.045 - INFO: searchValue = 
2026-07-08 13:23:33.045 - INFO: vbln_usulan = 
2026-07-08 13:23:33.045 - INFO: vkd_bank = 
2026-07-08 13:23:33.045 - INFO: vkd_dist = 
2026-07-08 13:25:42.665 - INFO: draw = 1
2026-07-08 13:25:42.666 - INFO: offset (startIndex) = 0
2026-07-08 13:25:42.666 - INFO: limit (length) = 10
2026-07-08 13:25:42.666 - INFO: sortBy = KD_DIST ASC
2026-07-08 13:25:42.667 - INFO: searchValue = 
2026-07-08 13:25:42.667 - INFO: vbln_usulan = 
2026-07-08 13:25:42.667 - INFO: vkd_bank = 
2026-07-08 13:25:42.667 - INFO: vkd_dist = 
2026-07-08 13:28:47.925 - INFO: draw = 1
2026-07-08 13:28:47.926 - INFO: offset (startIndex) = 0
2026-07-08 13:28:47.926 - INFO: limit (length) = 10
2026-07-08 13:28:47.927 - INFO: sortBy = KD_DIST ASC
2026-07-08 13:28:47.927 - INFO: searchValue = 
2026-07-08 13:28:47.927 - INFO: vbln_usulan = 
2026-07-08 13:28:47.927 - INFO: vkd_bank = 
2026-07-08 13:28:47.927 - INFO: vkd_dist = 
2026-07-08 13:47:06.203 - INFO: draw = 1
2026-07-08 13:47:06.204 - INFO: offset (startIndex) = 0
2026-07-08 13:47:06.204 - INFO: limit (length) = 10
2026-07-08 13:47:06.204 - INFO: sortBy = KD_DIST ASC
2026-07-08 13:47:06.204 - INFO: searchValue = 
2026-07-08 13:47:06.204 - INFO: vbln_usulan = 
2026-07-08 13:47:06.204 - INFO: vkd_bank = 
2026-07-08 13:47:06.204 - INFO: vkd_dist = 
2026-07-08 13:48:28.611 - INFO: draw = 2
2026-07-08 13:48:28.611 - INFO: offset (startIndex) = 0
2026-07-08 13:48:28.611 - INFO: limit (length) = 10
2026-07-08 13:48:28.611 - INFO: sortBy = KD_DIST ASC
2026-07-08 13:48:28.611 - INFO: searchValue = 
2026-07-08 13:48:28.611 - INFO: vbln_usulan = 202607
2026-07-08 13:48:28.611 - INFO: vkd_bank = 111
2026-07-08 13:48:28.611 - INFO: vkd_dist = 00
2026-07-08 13:57:03.323 - INFO: draw = 1
2026-07-08 13:57:03.325 - INFO: offset (startIndex) = 0
2026-07-08 13:57:03.325 - INFO: limit (length) = 10
2026-07-08 13:57:03.325 - INFO: sortBy = KD_DIST ASC
2026-07-08 13:57:03.325 - INFO: searchValue = 
2026-07-08 13:57:03.325 - INFO: vbln_usulan = 
2026-07-08 13:57:03.325 - INFO: vkd_bank = 
2026-07-08 13:57:03.325 - INFO: vkd_dist = 
2026-07-08 13:57:26.614 - INFO: draw = 2
2026-07-08 13:57:26.615 - INFO: offset (startIndex) = 0
2026-07-08 13:57:26.615 - INFO: limit (length) = 10
2026-07-08 13:57:26.615 - INFO: sortBy = KD_DIST ASC
2026-07-08 13:57:26.615 - INFO: searchValue = 
2026-07-08 13:57:26.615 - INFO: vbln_usulan = 202607
2026-07-08 13:57:26.615 - INFO: vkd_bank = 200
2026-07-08 13:57:26.615 - INFO: vkd_dist = 14
2026-07-08 13:58:38.906 - INFO: draw = 1
2026-07-08 13:58:38.906 - INFO: offset (startIndex) = 0
2026-07-08 13:58:38.908 - INFO: limit (length) = 10
2026-07-08 13:58:38.908 - INFO: sortBy = KD_DIST ASC
2026-07-08 13:58:38.908 - INFO: searchValue = 
2026-07-08 13:58:38.908 - INFO: vbln_usulan = 
2026-07-08 13:58:38.908 - INFO: vkd_bank = 
2026-07-08 13:58:38.908 - INFO: vkd_dist = 
2026-07-08 13:59:09.544 - INFO: draw = 2
2026-07-08 13:59:09.544 - INFO: offset (startIndex) = 0
2026-07-08 13:59:09.544 - INFO: limit (length) = 10
2026-07-08 13:59:09.544 - INFO: sortBy = KD_DIST ASC
2026-07-08 13:59:09.544 - INFO: searchValue = 
2026-07-08 13:59:09.544 - INFO: vbln_usulan = 202607
2026-07-08 13:59:09.544 - INFO: vkd_bank = 200
2026-07-08 13:59:09.544 - INFO: vkd_dist = 14
2026-07-08 14:01:17.001 - INFO: draw = 1
2026-07-08 14:01:17.002 - INFO: offset (startIndex) = 0
2026-07-08 14:01:17.002 - INFO: limit (length) = 10
2026-07-08 14:01:17.002 - INFO: sortBy = KD_DIST ASC
2026-07-08 14:01:17.002 - INFO: searchValue = 
2026-07-08 14:01:17.002 - INFO: vbln_usulan = 
2026-07-08 14:01:17.002 - INFO: vkd_bank = 
2026-07-08 14:01:17.002 - INFO: vkd_dist = 
2026-07-08 14:19:02.328 - INFO: draw = 1
2026-07-08 14:19:02.330 - INFO: offset (startIndex) = 0
2026-07-08 14:19:02.330 - INFO: limit (length) = 10
2026-07-08 14:19:02.330 - INFO: sortBy = KD_DIST ASC
2026-07-08 14:19:02.330 - INFO: searchValue = 
2026-07-08 14:19:02.330 - INFO: vbln_usulan = 
2026-07-08 14:19:02.330 - INFO: vkd_bank = 
2026-07-08 14:19:02.330 - INFO: vkd_dist = 
2026-07-08 14:19:24.166 - INFO: draw = 2
2026-07-08 14:19:24.166 - INFO: offset (startIndex) = 0
2026-07-08 14:19:24.166 - INFO: limit (length) = 10
2026-07-08 14:19:24.166 - INFO: sortBy = KD_DIST ASC
2026-07-08 14:19:24.166 - INFO: searchValue = 
2026-07-08 14:19:24.166 - INFO: vbln_usulan = 202607
2026-07-08 14:19:24.167 - INFO: vkd_bank = 200
2026-07-08 14:19:24.167 - INFO: vkd_dist = 14
2026-07-08 14:19:31.284 - INFO: draw = 1
2026-07-08 14:19:31.284 - INFO: offset (startIndex) = 0
2026-07-08 14:19:31.284 - INFO: limit (length) = 1000
2026-07-08 14:19:31.284 - INFO: sortBy = KD_DIST asc
2026-07-08 14:19:31.284 - INFO: searchValue = 
2026-07-08 14:19:31.285 - INFO: vbln_usulan = 202607
2026-07-08 14:19:31.285 - INFO: vkd_bank = 200
2026-07-08 14:19:31.285 - INFO: vkd_dist = 14
2026-07-08 14:20:15.271 - INFO: draw = 1
2026-07-08 14:20:15.272 - INFO: offset (startIndex) = 0
2026-07-08 14:20:15.272 - INFO: limit (length) = 10
2026-07-08 14:20:15.272 - INFO: sortBy = KD_DIST ASC
2026-07-08 14:20:15.272 - INFO: searchValue = 
2026-07-08 14:20:15.272 - INFO: vbln_usulan = 
2026-07-08 14:20:15.272 - INFO: vkd_bank = 
2026-07-08 14:20:15.273 - INFO: vkd_dist = 
2026-07-08 14:20:43.951 - INFO: draw = 2
2026-07-08 14:20:43.951 - INFO: offset (startIndex) = 0
2026-07-08 14:20:43.951 - INFO: limit (length) = 10
2026-07-08 14:20:43.951 - INFO: sortBy = KD_DIST ASC
2026-07-08 14:20:43.951 - INFO: searchValue = 
2026-07-08 14:20:43.951 - INFO: vbln_usulan = 202607
2026-07-08 14:20:43.951 - INFO: vkd_bank = 200
2026-07-08 14:20:43.951 - INFO: vkd_dist = 14
2026-07-08 14:20:53.044 - INFO: draw = 1
2026-07-08 14:20:53.045 - INFO: offset (startIndex) = 0
2026-07-08 14:20:53.045 - INFO: limit (length) = 1000
2026-07-08 14:20:53.045 - INFO: sortBy = KD_DIST asc
2026-07-08 14:20:53.045 - INFO: searchValue = 
2026-07-08 14:20:53.045 - INFO: vbln_usulan = 202607
2026-07-08 14:20:53.045 - INFO: vkd_bank = 200
2026-07-08 14:20:53.045 - INFO: vkd_dist = 14
2026-07-08 14:22:04.646 - INFO: draw = 3
2026-07-08 14:22:04.646 - INFO: offset (startIndex) = 0
2026-07-08 14:22:04.646 - INFO: limit (length) = 10
2026-07-08 14:22:04.646 - INFO: sortBy = KD_DIST ASC
2026-07-08 14:22:04.646 - INFO: searchValue = 
2026-07-08 14:22:04.646 - INFO: vbln_usulan = 202607
2026-07-08 14:22:04.647 - INFO: vkd_bank = 200
2026-07-08 14:22:04.647 - INFO: vkd_dist = 14
2026-07-08 14:22:17.755 - INFO: draw = 1
2026-07-08 14:22:17.757 - INFO: offset (startIndex) = 0
2026-07-08 14:22:17.757 - INFO: limit (length) = 1000
2026-07-08 14:22:17.757 - INFO: sortBy = KD_DIST asc
2026-07-08 14:22:17.757 - INFO: searchValue = 
2026-07-08 14:22:17.758 - INFO: vbln_usulan = 202607
2026-07-08 14:22:17.758 - INFO: vkd_bank = 200
2026-07-08 14:22:17.758 - INFO: vkd_dist = 14
2026-07-08 14:23:34.407 - INFO: draw = 1
2026-07-08 14:23:34.407 - INFO: offset (startIndex) = 0
2026-07-08 14:23:34.407 - INFO: limit (length) = 10
2026-07-08 14:23:34.407 - INFO: sortBy = KD_DIST ASC
2026-07-08 14:23:34.407 - INFO: searchValue = 
2026-07-08 14:23:34.407 - INFO: vbln_usulan = 
2026-07-08 14:23:34.407 - INFO: vkd_bank = 
2026-07-08 14:23:34.407 - INFO: vkd_dist = 
2026-07-08 14:23:59.329 - INFO: draw = 2
2026-07-08 14:23:59.330 - INFO: offset (startIndex) = 0
2026-07-08 14:23:59.330 - INFO: limit (length) = 10
2026-07-08 14:23:59.330 - INFO: sortBy = KD_DIST ASC
2026-07-08 14:23:59.330 - INFO: searchValue = 
2026-07-08 14:23:59.330 - INFO: vbln_usulan = 202607
2026-07-08 14:23:59.330 - INFO: vkd_bank = 200
2026-07-08 14:23:59.330 - INFO: vkd_dist = 14
2026-07-08 14:24:08.352 - INFO: draw = 1
2026-07-08 14:24:08.352 - INFO: offset (startIndex) = 0
2026-07-08 14:24:08.352 - INFO: limit (length) = 1000
2026-07-08 14:24:08.352 - INFO: sortBy = KD_DIST asc
2026-07-08 14:24:08.352 - INFO: searchValue = 
2026-07-08 14:24:08.352 - INFO: vbln_usulan = 202607
2026-07-08 14:24:08.352 - INFO: vkd_bank = 200
2026-07-08 14:24:08.352 - INFO: vkd_dist = 14
2026-07-08 14:27:21.588 - INFO: draw = 1
2026-07-08 14:27:21.588 - INFO: offset (startIndex) = 0
2026-07-08 14:27:21.588 - INFO: limit (length) = 10
2026-07-08 14:27:21.590 - INFO: sortBy = KD_DIST ASC
2026-07-08 14:27:21.590 - INFO: searchValue = 
2026-07-08 14:27:21.590 - INFO: vbln_usulan = 
2026-07-08 14:27:21.590 - INFO: vkd_bank = 
2026-07-08 14:27:21.590 - INFO: vkd_dist = 
2026-07-08 14:27:58.642 - INFO: draw = 2
2026-07-08 14:27:58.642 - INFO: offset (startIndex) = 0
2026-07-08 14:27:58.642 - INFO: limit (length) = 10
2026-07-08 14:27:58.642 - INFO: sortBy = KD_DIST ASC
2026-07-08 14:27:58.643 - INFO: searchValue = 
2026-07-08 14:27:58.643 - INFO: vbln_usulan = 202607
2026-07-08 14:27:58.643 - INFO: vkd_bank = 111
2026-07-08 14:27:58.643 - INFO: vkd_dist = 00
2026-07-08 14:28:30.715 - INFO: draw = 3
2026-07-08 14:28:30.716 - INFO: offset (startIndex) = 0
2026-07-08 14:28:30.716 - INFO: limit (length) = 10
2026-07-08 14:28:30.716 - INFO: sortBy = KD_DIST ASC
2026-07-08 14:28:30.716 - INFO: searchValue = 
2026-07-08 14:28:30.716 - INFO: vbln_usulan = 202607
2026-07-08 14:28:30.716 - INFO: vkd_bank = 200
2026-07-08 14:28:30.716 - INFO: vkd_dist = 14
2026-07-08 14:29:27.778 - INFO: draw = 1
2026-07-08 14:29:27.779 - INFO: offset (startIndex) = 0
2026-07-08 14:29:27.779 - INFO: limit (length) = 10
2026-07-08 14:29:27.779 - INFO: sortBy = KD_DIST ASC
2026-07-08 14:29:27.779 - INFO: searchValue = 
2026-07-08 14:29:27.779 - INFO: vbln_usulan = 
2026-07-08 14:29:27.779 - INFO: vkd_bank = 
2026-07-08 14:29:27.779 - INFO: vkd_dist = 
2026-07-08 14:29:48.007 - INFO: draw = 2
2026-07-08 14:29:48.007 - INFO: offset (startIndex) = 0
2026-07-08 14:29:48.007 - INFO: limit (length) = 10
2026-07-08 14:29:48.008 - INFO: sortBy = KD_DIST ASC
2026-07-08 14:29:48.008 - INFO: searchValue = 
2026-07-08 14:29:48.008 - INFO: vbln_usulan = 202607
2026-07-08 14:29:48.008 - INFO: vkd_bank = 200
2026-07-08 14:29:48.008 - INFO: vkd_dist = 14
2026-07-08 14:29:58.358 - INFO: draw = 1
2026-07-08 14:29:58.358 - INFO: offset (startIndex) = 0
2026-07-08 14:29:58.358 - INFO: limit (length) = 1000
2026-07-08 14:29:58.358 - INFO: sortBy = KD_DIST asc
2026-07-08 14:29:58.358 - INFO: searchValue = 
2026-07-08 14:29:58.358 - INFO: vbln_usulan = 202607
2026-07-08 14:29:58.358 - INFO: vkd_bank = 200
2026-07-08 14:29:58.358 - INFO: vkd_dist = 14
2026-07-08 14:30:33.033 - INFO: draw = 1
2026-07-08 14:30:33.033 - INFO: offset (startIndex) = 0
2026-07-08 14:30:33.033 - INFO: limit (length) = 10
2026-07-08 14:30:33.033 - INFO: sortBy = KD_DIST ASC
2026-07-08 14:30:33.033 - INFO: searchValue = 
2026-07-08 14:30:33.033 - INFO: vbln_usulan = 
2026-07-08 14:30:33.033 - INFO: vkd_bank = 
2026-07-08 14:30:33.033 - INFO: vkd_dist = 
2026-07-08 14:30:49.882 - INFO: draw = 2
2026-07-08 14:30:49.883 - INFO: offset (startIndex) = 0
2026-07-08 14:30:49.883 - INFO: limit (length) = 10
2026-07-08 14:30:49.884 - INFO: sortBy = KD_DIST ASC
2026-07-08 14:30:49.884 - INFO: searchValue = 
2026-07-08 14:30:49.884 - INFO: vbln_usulan = 202607
2026-07-08 14:30:49.884 - INFO: vkd_bank = 200
2026-07-08 14:30:49.884 - INFO: vkd_dist = 41
2026-07-08 14:31:12.345 - INFO: draw = 1
2026-07-08 14:31:12.346 - INFO: offset (startIndex) = 0
2026-07-08 14:31:12.346 - INFO: limit (length) = 1000
2026-07-08 14:31:12.346 - INFO: sortBy = KD_DIST asc
2026-07-08 14:31:12.346 - INFO: searchValue = 
2026-07-08 14:31:12.346 - INFO: vbln_usulan = 202607
2026-07-08 14:31:12.346 - INFO: vkd_bank = 200
2026-07-08 14:31:12.346 - INFO: vkd_dist = 41
2026-07-08 14:31:44.785 - INFO: draw = 1
2026-07-08 14:31:44.785 - INFO: offset (startIndex) = 0
2026-07-08 14:31:44.785 - INFO: limit (length) = 10
2026-07-08 14:31:44.785 - INFO: sortBy = KD_DIST ASC
2026-07-08 14:31:44.785 - INFO: searchValue = 
2026-07-08 14:31:44.785 - INFO: vbln_usulan = 
2026-07-08 14:31:44.785 - INFO: vkd_bank = 
2026-07-08 14:31:44.785 - INFO: vkd_dist = 
2026-07-08 14:32:21.126 - INFO: draw = 2
2026-07-08 14:32:21.126 - INFO: offset (startIndex) = 0
2026-07-08 14:32:21.126 - INFO: limit (length) = 10
2026-07-08 14:32:21.126 - INFO: sortBy = KD_DIST ASC
2026-07-08 14:32:21.126 - INFO: searchValue = 
2026-07-08 14:32:21.126 - INFO: vbln_usulan = 202607
2026-07-08 14:32:21.126 - INFO: vkd_bank = 200
2026-07-08 14:32:21.126 - INFO: vkd_dist = 21
2026-07-08 14:34:50.540 - INFO: draw = 1
2026-07-08 14:34:50.541 - INFO: offset (startIndex) = 0
2026-07-08 14:34:50.541 - INFO: limit (length) = 10
2026-07-08 14:34:50.541 - INFO: sortBy = KD_DIST ASC
2026-07-08 14:34:50.541 - INFO: searchValue = 
2026-07-08 14:34:50.541 - INFO: vbln_usulan = 
2026-07-08 14:34:50.541 - INFO: vkd_bank = 
2026-07-08 14:34:50.541 - INFO: vkd_dist = 
2026-07-08 14:37:07.376 - INFO: draw = 1
2026-07-08 14:37:07.377 - INFO: offset (startIndex) = 0
2026-07-08 14:37:07.377 - INFO: limit (length) = 10
2026-07-08 14:37:07.377 - INFO: sortBy = KD_DIST ASC
2026-07-08 14:37:07.377 - INFO: searchValue = 
2026-07-08 14:37:07.377 - INFO: vbln_usulan = 
2026-07-08 14:37:07.377 - INFO: vkd_bank = 
2026-07-08 14:37:07.377 - INFO: vkd_dist = 
2026-07-08 14:37:29.326 - INFO: draw = 2
2026-07-08 14:37:29.327 - INFO: offset (startIndex) = 0
2026-07-08 14:37:29.327 - INFO: limit (length) = 10
2026-07-08 14:37:29.327 - INFO: sortBy = KD_DIST ASC
2026-07-08 14:37:29.327 - INFO: searchValue = 
2026-07-08 14:37:29.327 - INFO: vbln_usulan = 202607
2026-07-08 14:37:29.327 - INFO: vkd_bank = 200
2026-07-08 14:37:29.327 - INFO: vkd_dist = 14
2026-07-08 14:37:39.275 - INFO: draw = 3
2026-07-08 14:37:39.275 - INFO: offset (startIndex) = 0
2026-07-08 14:37:39.275 - INFO: limit (length) = 10
2026-07-08 14:37:39.275 - INFO: sortBy = KD_DIST ASC
2026-07-08 14:37:39.275 - INFO: searchValue = 1
2026-07-08 14:37:39.275 - INFO: vbln_usulan = 202607
2026-07-08 14:37:39.275 - INFO: vkd_bank = 200
2026-07-08 14:37:39.275 - INFO: vkd_dist = 14
2026-07-08 14:37:39.728 - INFO: draw = 4
2026-07-08 14:37:39.729 - INFO: offset (startIndex) = 0
2026-07-08 14:37:39.729 - INFO: limit (length) = 10
2026-07-08 14:37:39.729 - INFO: sortBy = KD_DIST ASC
2026-07-08 14:37:39.729 - INFO: searchValue = 121
2026-07-08 14:37:39.730 - INFO: vbln_usulan = 202607
2026-07-08 14:37:39.730 - INFO: vkd_bank = 200
2026-07-08 14:37:39.730 - INFO: vkd_dist = 14
2026-07-08 14:37:47.081 - INFO: draw = 5
2026-07-08 14:37:47.081 - INFO: offset (startIndex) = 0
2026-07-08 14:37:47.081 - INFO: limit (length) = 10
2026-07-08 14:37:47.081 - INFO: sortBy = KD_DIST ASC
2026-07-08 14:37:47.081 - INFO: searchValue = 12
2026-07-08 14:37:47.082 - INFO: vbln_usulan = 202607
2026-07-08 14:37:47.082 - INFO: vkd_bank = 200
2026-07-08 14:37:47.082 - INFO: vkd_dist = 14
2026-07-08 14:37:47.509 - INFO: draw = 6
2026-07-08 14:37:47.509 - INFO: offset (startIndex) = 0
2026-07-08 14:37:47.509 - INFO: limit (length) = 10
2026-07-08 14:37:47.510 - INFO: sortBy = KD_DIST ASC
2026-07-08 14:37:47.510 - INFO: searchValue = 
2026-07-08 14:37:47.510 - INFO: vbln_usulan = 202607
2026-07-08 14:37:47.510 - INFO: vkd_bank = 200
2026-07-08 14:37:47.511 - INFO: vkd_dist = 14
2026-07-08 14:37:55.497 - INFO: draw = 7
2026-07-08 14:37:55.497 - INFO: offset (startIndex) = 0
2026-07-08 14:37:55.497 - INFO: limit (length) = 10
2026-07-08 14:37:55.497 - INFO: sortBy = KD_DIST ASC
2026-07-08 14:37:55.497 - INFO: searchValue = 
2026-07-08 14:37:55.497 - INFO: vbln_usulan = 202607
2026-07-08 14:37:55.497 - INFO: vkd_bank = 200
2026-07-08 14:37:55.497 - INFO: vkd_dist = 21
2026-07-08 14:38:00.696 - INFO: draw = 8
2026-07-08 14:38:00.697 - INFO: offset (startIndex) = 40
2026-07-08 14:38:00.697 - INFO: limit (length) = 10
2026-07-08 14:38:00.697 - INFO: sortBy = KD_DIST ASC
2026-07-08 14:38:00.697 - INFO: searchValue = 
2026-07-08 14:38:00.697 - INFO: vbln_usulan = 202607
2026-07-08 14:38:00.697 - INFO: vkd_bank = 200
2026-07-08 14:38:00.697 - INFO: vkd_dist = 21
2026-07-08 14:38:09.363 - INFO: draw = 9
2026-07-08 14:38:09.364 - INFO: offset (startIndex) = 0
2026-07-08 14:38:09.364 - INFO: limit (length) = 10
2026-07-08 14:38:09.364 - INFO: sortBy = KD_DIST ASC
2026-07-08 14:38:09.364 - INFO: searchValue = 
2026-07-08 14:38:09.364 - INFO: vbln_usulan = 202607
2026-07-08 14:38:09.364 - INFO: vkd_bank = 200
2026-07-08 14:38:09.364 - INFO: vkd_dist = 21
2026-07-08 14:38:18.846 - INFO: draw = 10
2026-07-08 14:38:18.847 - INFO: offset (startIndex) = 0
2026-07-08 14:38:18.847 - INFO: limit (length) = 10
2026-07-08 14:38:18.847 - INFO: sortBy = KD_DIST ASC
2026-07-08 14:38:18.847 - INFO: searchValue = 211000392112
2026-07-08 14:38:18.847 - INFO: vbln_usulan = 202607
2026-07-08 14:38:18.847 - INFO: vkd_bank = 200
2026-07-08 14:38:18.847 - INFO: vkd_dist = 21
2026-07-08 14:38:27.684 - INFO: draw = 11
2026-07-08 14:38:27.684 - INFO: offset (startIndex) = 0
2026-07-08 14:38:27.684 - INFO: limit (length) = 10
2026-07-08 14:38:27.684 - INFO: sortBy = KD_DIST ASC
2026-07-08 14:38:27.684 - INFO: searchValue = 21100039211
2026-07-08 14:38:27.684 - INFO: vbln_usulan = 202607
2026-07-08 14:38:27.684 - INFO: vkd_bank = 200
2026-07-08 14:38:27.685 - INFO: vkd_dist = 21
2026-07-08 14:38:28.198 - INFO: draw = 12
2026-07-08 14:38:28.198 - INFO: offset (startIndex) = 0
2026-07-08 14:38:28.198 - INFO: limit (length) = 10
2026-07-08 14:38:28.198 - INFO: sortBy = KD_DIST ASC
2026-07-08 14:38:28.198 - INFO: searchValue = 2110003921
2026-07-08 14:38:28.198 - INFO: vbln_usulan = 202607
2026-07-08 14:38:28.198 - INFO: vkd_bank = 200
2026-07-08 14:38:28.198 - INFO: vkd_dist = 21
2026-07-08 14:38:28.742 - INFO: draw = 13
2026-07-08 14:38:28.742 - INFO: offset (startIndex) = 0
2026-07-08 14:38:28.742 - INFO: limit (length) = 10
2026-07-08 14:38:28.742 - INFO: sortBy = KD_DIST ASC
2026-07-08 14:38:28.742 - INFO: searchValue = 
2026-07-08 14:38:28.743 - INFO: vbln_usulan = 202607
2026-07-08 14:38:28.743 - INFO: vkd_bank = 200
2026-07-08 14:38:28.743 - INFO: vkd_dist = 21
