2026-07-07 14:51:20.516 - INFO: draw = 1
2026-07-07 14:51:20.517 - INFO: offset (startIndex) = 0
2026-07-07 14:51:20.517 - INFO: limit (length) = 10
2026-07-07 14:51:20.518 - INFO: sortBy = KD_DIST ASC
2026-07-07 14:51:20.518 - INFO: searchValue = 
2026-07-07 14:51:20.518 - INFO: vbln_usulan = 
2026-07-07 14:51:20.518 - INFO: vkd_bank = 
2026-07-07 14:51:20.518 - INFO: vkd_dist = 
2026-07-07 14:52:36.574 - INFO: draw = 1
2026-07-07 14:52:36.576 - INFO: offset (startIndex) = 0
2026-07-07 14:52:36.576 - INFO: limit (length) = 10
2026-07-07 14:52:36.577 - INFO: sortBy = KD_DIST ASC
2026-07-07 14:52:36.577 - INFO: searchValue = 
2026-07-07 14:52:36.577 - INFO: vbln_usulan = 
2026-07-07 14:52:36.577 - INFO: vkd_bank = 
2026-07-07 14:52:36.577 - INFO: vkd_dist = 
2026-07-07 15:05:55.552 - SEVERE: Error: Gagal mendapatkan data Rekap UPI: null
2026-07-07 15:05:55.553 - INFO: draw = 1
2026-07-07 15:05:55.556 - INFO: offset (startIndex) = 0
2026-07-07 15:05:55.556 - INFO: limit (length) = 10
2026-07-07 15:05:55.557 - INFO: sortBy = KD_DIST ASC
2026-07-07 15:05:55.557 - INFO: searchValue = 
2026-07-07 15:05:55.557 - INFO: vbln_usulan = 
2026-07-07 15:05:55.557 - INFO: vkd_bank = 
2026-07-07 15:05:55.557 - INFO: vkd_dist = 
2026-07-07 15:50:34.037 - SEVERE: Error: Gagal mendapatkan data Rekap UPI: null
2026-07-07 15:50:34.049 - INFO: draw = 1
2026-07-07 15:50:34.049 - INFO: offset (startIndex) = 0
2026-07-07 15:50:34.050 - INFO: limit (length) = 10
2026-07-07 15:50:34.050 - INFO: sortBy = KD_DIST ASC
2026-07-07 15:50:34.050 - INFO: searchValue = 
2026-07-07 15:50:34.050 - INFO: vbln_usulan = 
2026-07-07 15:50:34.050 - INFO: vkd_bank = 
2026-07-07 15:50:34.051 - INFO: vkd_dist = 
2026-07-07 16:03:10.040 - INFO: draw = 1
2026-07-07 16:03:10.042 - INFO: offset (startIndex) = 0
2026-07-07 16:03:10.042 - INFO: limit (length) = 10
2026-07-07 16:03:10.042 - INFO: sortBy = KD_DIST ASC
2026-07-07 16:03:10.042 - INFO: searchValue = 
2026-07-07 16:03:10.042 - INFO: vbln_usulan = 
2026-07-07 16:03:10.042 - INFO: vkd_bank = 
2026-07-07 16:03:10.042 - INFO: vkd_dist = 
2026-07-07 16:06:01.726 - INFO: draw = 1
2026-07-07 16:06:01.728 - INFO: offset (startIndex) = 0
2026-07-07 16:06:01.728 - INFO: limit (length) = 10
2026-07-07 16:06:01.729 - INFO: sortBy = KD_DIST ASC
2026-07-07 16:06:01.729 - INFO: searchValue = 
2026-07-07 16:06:01.729 - INFO: vbln_usulan = 
2026-07-07 16:06:01.729 - INFO: vkd_bank = 
2026-07-07 16:06:01.729 - INFO: vkd_dist = 
2026-07-07 16:06:35.633 - INFO: draw = 1
2026-07-07 16:06:35.633 - INFO: offset (startIndex) = 0
2026-07-07 16:06:35.633 - INFO: limit (length) = 10
2026-07-07 16:06:35.633 - INFO: sortBy = KD_DIST ASC
2026-07-07 16:06:35.634 - INFO: searchValue = 
2026-07-07 16:06:35.634 - INFO: vbln_usulan = 
2026-07-07 16:06:35.634 - INFO: vkd_bank = 
2026-07-07 16:06:35.634 - INFO: vkd_dist = 
2026-07-07 16:06:43.893 - INFO: draw = 1
2026-07-07 16:06:43.894 - INFO: offset (startIndex) = 0
2026-07-07 16:06:43.894 - INFO: limit (length) = 10
2026-07-07 16:06:43.894 - INFO: sortBy = KD_DIST ASC
2026-07-07 16:06:43.894 - INFO: searchValue = 
2026-07-07 16:06:43.894 - INFO: vbln_usulan = 
2026-07-07 16:06:43.894 - INFO: vkd_bank = 
2026-07-07 16:06:43.894 - INFO: vkd_dist = 
2026-07-07 16:07:18.594 - INFO: draw = 1
2026-07-07 16:07:18.594 - INFO: offset (startIndex) = 0
2026-07-07 16:07:18.594 - INFO: limit (length) = 10
2026-07-07 16:07:18.594 - INFO: sortBy = KD_DIST ASC
2026-07-07 16:07:18.594 - INFO: searchValue = 
2026-07-07 16:07:18.594 - INFO: vbln_usulan = 
2026-07-07 16:07:18.594 - INFO: vkd_bank = 
2026-07-07 16:07:18.594 - INFO: vkd_dist = 
2026-07-07 16:08:07.771 - INFO: draw = 1
2026-07-07 16:08:07.771 - INFO: offset (startIndex) = 0
2026-07-07 16:08:07.771 - INFO: limit (length) = 10
2026-07-07 16:08:07.771 - INFO: sortBy = KD_DIST ASC
2026-07-07 16:08:07.772 - INFO: searchValue = 
2026-07-07 16:08:07.772 - INFO: vbln_usulan = 
2026-07-07 16:08:07.772 - INFO: vkd_bank = 
2026-07-07 16:08:07.772 - INFO: vkd_dist = 
2026-07-07 16:08:41.335 - INFO: draw = 1
2026-07-07 16:08:41.335 - INFO: offset (startIndex) = 0
2026-07-07 16:08:41.335 - INFO: limit (length) = 10
2026-07-07 16:08:41.335 - INFO: sortBy = KD_DIST ASC
2026-07-07 16:08:41.335 - INFO: searchValue = 
2026-07-07 16:08:41.335 - INFO: vbln_usulan = 
2026-07-07 16:08:41.335 - INFO: vkd_bank = 
2026-07-07 16:08:41.335 - INFO: vkd_dist = 
2026-07-07 16:11:40.322 - INFO: draw = 1
2026-07-07 16:11:40.322 - INFO: offset (startIndex) = 0
2026-07-07 16:11:40.322 - INFO: limit (length) = 10
2026-07-07 16:11:40.322 - INFO: sortBy = KD_DIST ASC
2026-07-07 16:11:40.323 - INFO: searchValue = 
2026-07-07 16:11:40.323 - INFO: vbln_usulan = 
2026-07-07 16:11:40.323 - INFO: vkd_bank = 
2026-07-07 16:11:40.323 - INFO: vkd_dist = 
2026-07-07 16:14:13.993 - INFO: draw = 1
2026-07-07 16:14:13.993 - INFO: offset (startIndex) = 0
2026-07-07 16:14:13.993 - INFO: limit (length) = 10
2026-07-07 16:14:13.993 - INFO: sortBy = KD_DIST ASC
2026-07-07 16:14:13.993 - INFO: searchValue = 
2026-07-07 16:14:13.993 - INFO: vbln_usulan = 
2026-07-07 16:14:13.993 - INFO: vkd_bank = 
2026-07-07 16:14:13.994 - INFO: vkd_dist = 
2026-07-07 16:14:40.309 - INFO: draw = 1
2026-07-07 16:14:40.309 - INFO: offset (startIndex) = 0
2026-07-07 16:14:40.310 - INFO: limit (length) = 10
2026-07-07 16:14:40.310 - INFO: sortBy = KD_DIST ASC
2026-07-07 16:14:40.310 - INFO: searchValue = 
2026-07-07 16:14:40.310 - INFO: vbln_usulan = 
2026-07-07 16:14:40.310 - INFO: vkd_bank = 
2026-07-07 16:14:40.310 - INFO: vkd_dist = 
2026-07-07 16:14:56.575 - INFO: draw = 1
2026-07-07 16:14:56.576 - INFO: offset (startIndex) = 0
2026-07-07 16:14:56.576 - INFO: limit (length) = 10
2026-07-07 16:14:56.576 - INFO: sortBy = KD_DIST ASC
2026-07-07 16:14:56.576 - INFO: searchValue = 
2026-07-07 16:14:56.576 - INFO: vbln_usulan = 
2026-07-07 16:14:56.576 - INFO: vkd_bank = 
2026-07-07 16:14:56.576 - INFO: vkd_dist = 
2026-07-07 16:18:12.569 - INFO: draw = 1
2026-07-07 16:18:12.570 - INFO: offset (startIndex) = 0
2026-07-07 16:18:12.570 - INFO: limit (length) = 10
2026-07-07 16:18:12.570 - INFO: sortBy = KD_DIST ASC
2026-07-07 16:18:12.570 - INFO: searchValue = 
2026-07-07 16:18:12.570 - INFO: vbln_usulan = 
2026-07-07 16:18:12.570 - INFO: vkd_bank = 
2026-07-07 16:18:12.570 - INFO: vkd_dist = 
2026-07-07 16:18:25.799 - INFO: draw = 2
2026-07-07 16:18:25.799 - INFO: offset (startIndex) = 0
2026-07-07 16:18:25.799 - INFO: limit (length) = 10
2026-07-07 16:18:25.799 - INFO: sortBy = KD_DIST ASC
2026-07-07 16:18:25.799 - INFO: searchValue = 
2026-07-07 16:18:25.799 - INFO: vbln_usulan = 
2026-07-07 16:18:25.799 - INFO: vkd_bank = 
2026-07-07 16:18:25.800 - INFO: vkd_dist = 13
2026-07-07 16:19:01.258 - INFO: draw = 1
2026-07-07 16:19:01.259 - INFO: offset (startIndex) = 0
2026-07-07 16:19:01.259 - INFO: limit (length) = 10
2026-07-07 16:19:01.259 - INFO: sortBy = KD_DIST ASC
2026-07-07 16:19:01.259 - INFO: searchValue = 
2026-07-07 16:19:01.259 - INFO: vbln_usulan = 
2026-07-07 16:19:01.259 - INFO: vkd_bank = 
2026-07-07 16:19:01.259 - INFO: vkd_dist = 
