2026-07-14 14:25:36.727 - INFO: ? Memanggil service.getMasterBank()...
2026-07-14 14:25:36.900 - INFO: ? Berhasil ambil data bank. Jumlah data: 3
2026-07-14 15:58:47.121 - INFO: draw = 1
2026-07-14 15:58:47.122 - INFO: offset (startIndex) = 0
2026-07-14 15:58:47.122 - INFO: limit (length) = 10
2026-07-14 15:58:47.122 - INFO: sortBy = KD_DIST ASC
2026-07-14 15:58:47.122 - INFO: searchValue = 
2026-07-14 15:58:47.122 - INFO: vbln_usulan = 
2026-07-14 15:58:47.122 - INFO: vkd_bank = 
2026-07-14 15:58:47.122 - INFO: vkd_dist = 
2026-07-14 15:58:50.588 - INFO: draw = 2
2026-07-14 15:58:50.590 - INFO: offset (startIndex) = 0
2026-07-14 15:58:50.590 - INFO: limit (length) = 10
2026-07-14 15:58:50.590 - INFO: sortBy = KD_DIST ASC
2026-07-14 15:58:50.591 - INFO: searchValue = 
2026-07-14 15:58:50.591 - INFO: vbln_usulan = 202607
2026-07-14 15:58:50.591 - INFO: vkd_bank = 200
2026-07-14 15:58:50.591 - INFO: vkd_dist = 11
2026-07-14 15:58:54.380 - INFO: draw = 3
2026-07-14 15:58:54.380 - INFO: offset (startIndex) = 0
2026-07-14 15:58:54.381 - INFO: limit (length) = 10
2026-07-14 15:58:54.381 - INFO: sortBy = KD_DIST ASC
2026-07-14 15:58:54.381 - INFO: searchValue = 
2026-07-14 15:58:54.381 - INFO: vbln_usulan = 202607
2026-07-14 15:58:54.381 - INFO: vkd_bank = 200
2026-07-14 15:58:54.381 - INFO: vkd_dist = 11
2026-07-14 15:58:58.922 - INFO: draw = 4
2026-07-14 15:58:58.922 - INFO: offset (startIndex) = 0
2026-07-14 15:58:58.923 - INFO: limit (length) = 10
2026-07-14 15:58:58.923 - INFO: sortBy = KD_DIST ASC
2026-07-14 15:58:58.923 - INFO: searchValue = 
2026-07-14 15:58:58.923 - INFO: vbln_usulan = 202607
2026-07-14 15:58:58.923 - INFO: vkd_bank = 200
2026-07-14 15:58:58.923 - INFO: vkd_dist = 43
2026-07-14 15:59:12.906 - INFO: draw = 5
2026-07-14 15:59:12.907 - INFO: offset (startIndex) = 0
2026-07-14 15:59:12.907 - INFO: limit (length) = 10
2026-07-14 15:59:12.907 - INFO: sortBy = KD_DIST ASC
2026-07-14 15:59:12.907 - INFO: searchValue = 
2026-07-14 15:59:12.907 - INFO: vbln_usulan = 202607
2026-07-14 15:59:12.907 - INFO: vkd_bank = 200
2026-07-14 15:59:12.907 - INFO: vkd_dist = 43
2026-07-14 16:01:23.300 - INFO: draw = 1
2026-07-14 16:01:23.301 - INFO: offset (startIndex) = 0
2026-07-14 16:01:23.301 - INFO: limit (length) = 10
2026-07-14 16:01:23.301 - INFO: sortBy = KD_DIST ASC
2026-07-14 16:01:23.301 - INFO: searchValue = 
2026-07-14 16:01:23.301 - INFO: vbln_usulan = 
2026-07-14 16:01:23.301 - INFO: vkd_bank = 
2026-07-14 16:01:23.301 - INFO: vkd_dist = 
2026-07-14 16:01:25.877 - INFO: draw = 2
2026-07-14 16:01:25.877 - INFO: offset (startIndex) = 0
2026-07-14 16:01:25.877 - INFO: limit (length) = 10
2026-07-14 16:01:25.877 - INFO: sortBy = KD_DIST ASC
2026-07-14 16:01:25.877 - INFO: searchValue = 
2026-07-14 16:01:25.877 - INFO: vbln_usulan = 202607
2026-07-14 16:01:25.878 - INFO: vkd_bank = 200
2026-07-14 16:01:25.878 - INFO: vkd_dist = 31
2026-07-14 16:01:30.439 - INFO: draw = 1
2026-07-14 16:01:30.439 - INFO: offset (startIndex) = 0
2026-07-14 16:01:30.440 - INFO: limit (length) = 10
2026-07-14 16:01:30.440 - INFO: sortBy = KD_DIST ASC
2026-07-14 16:01:30.440 - INFO: searchValue = 
2026-07-14 16:01:30.440 - INFO: vbln_usulan = 
2026-07-14 16:01:30.440 - INFO: vkd_bank = 
2026-07-14 16:01:30.440 - INFO: vkd_dist = 
2026-07-14 16:01:32.990 - INFO: draw = 2
2026-07-14 16:01:32.990 - INFO: offset (startIndex) = 0
2026-07-14 16:01:32.990 - INFO: limit (length) = 10
2026-07-14 16:01:32.990 - INFO: sortBy = KD_DIST ASC
2026-07-14 16:01:32.990 - INFO: searchValue = 
2026-07-14 16:01:32.990 - INFO: vbln_usulan = 202607
2026-07-14 16:01:32.990 - INFO: vkd_bank = 200
2026-07-14 16:01:32.991 - INFO: vkd_dist = 11
