2026-07-15 06:54:49.144 - INFO: draw = 1
2026-07-15 06:54:49.145 - INFO: offset (startIndex) = 0
2026-07-15 06:54:49.145 - INFO: limit (length) = 10
2026-07-15 06:54:49.145 - INFO: sortBy = KD_DIST ASC
2026-07-15 06:54:49.146 - INFO: searchValue = 
2026-07-15 06:54:49.146 - INFO: vbln_usulan = 
2026-07-15 06:54:49.146 - INFO: vkd_bank = 
2026-07-15 06:54:49.146 - INFO: vkd_dist = 
2026-07-15 06:55:06.557 - INFO: draw = 1
2026-07-15 06:55:06.559 - INFO: offset (startIndex) = 0
2026-07-15 06:55:06.559 - INFO: limit (length) = 10
2026-07-15 06:55:06.559 - INFO: sortBy = KD_DIST ASC
2026-07-15 06:55:06.559 - INFO: searchValue = 
2026-07-15 06:55:06.559 - INFO: vbln_usulan = 
2026-07-15 06:55:06.559 - INFO: vkd_bank = 
2026-07-15 06:55:06.559 - INFO: vkd_dist = 
2026-07-15 06:55:09.544 - INFO: draw = 1
2026-07-15 06:55:09.545 - INFO: offset (startIndex) = 0
2026-07-15 06:55:09.545 - INFO: limit (length) = 10
2026-07-15 06:55:09.545 - INFO: sortBy = KD_DIST ASC
2026-07-15 06:55:09.545 - INFO: searchValue = 
2026-07-15 06:55:09.545 - INFO: vbln_usulan = 
2026-07-15 06:55:09.545 - INFO: vkd_bank = 
2026-07-15 06:55:09.546 - INFO: vkd_dist = 
2026-07-15 06:55:23.287 - INFO: draw = 1
2026-07-15 06:55:23.287 - INFO: offset (startIndex) = 0
2026-07-15 06:55:23.287 - INFO: limit (length) = 10
2026-07-15 06:55:23.287 - INFO: sortBy = KD_DIST ASC
2026-07-15 06:55:23.287 - INFO: searchValue = 
2026-07-15 06:55:23.287 - INFO: vbln_usulan = 
2026-07-15 06:55:23.287 - INFO: vkd_bank = 
2026-07-15 06:55:23.287 - INFO: vkd_dist = 
